2018-04-11 12:26:38 - UserId: adwivedi | Password: test1234
2018-04-11 12:47:47 - UserId: adwivedi | Password: test1234
2018-04-11 12:49:59 - UserId: adwivedi | Password: test1234
2018-04-11 12:59:07 - UserId: adwivedi | Password: test1234
2018-04-11 15:26:28 - UserId: adwivedi | Password: test1234
2018-04-11 15:44:51 - UserId: adwivedi | Password: test1234
2018-04-11 15:49:51 - UserId: adwivedi | Password: test1234
2018-04-11 16:23:44 - UserId: adwivedi | Password: test1234
2018-04-11 16:23:55 - UserId: adwivedi | Password: test1234
2018-04-11 16:39:35 - UserId: adwivedi | Password: test1234
2018-04-11 16:39:42 - UserId: adwivedi | Password: test1234
2018-04-11 16:42:18 - UserId: adwivedi | Password: test1234
2018-04-11 17:04:59 - UserId: adwivedi | Password: test1234
2018-04-11 17:10:06 - UserId: adwivedi | Password: test1234
2018-04-11 17:10:36 - UserId: adwivedi | Password: test1234
2018-04-11 17:16:15 - UserId: adwivedi | Password: test1234
2018-04-11 17:23:30 - UserId: adwivedi | Password: test1234
2018-04-11 17:23:37 - UserId: adwivedi | Password: test1234
2018-04-11 20:48:05 - UserId: adwivedi | Password: test1234
2018-04-11 20:48:09 - UserId: adwivedi | Password: test1234
2018-04-11 20:48:52 - UserId: adwivedi | Password: test1234
2018-04-11 20:51:30 - UserId: adwivedi | Password: test1234
2018-04-11 20:52:59 - UserId: adwivedi | Password: test1234
2018-04-11 21:00:53 - UserId: adwivedi | Password: test1234
2018-04-11 21:07:57 - UserId: adwivedi | Password: test1234
2018-04-11 21:09:16 - UserId: adwivedi | Password: test1234
2018-04-11 21:10:36 - UserId: adwivedi | Password: test1234
2018-04-11 21:12:59 - UserId: adwivedi | Password: test1234
2018-04-11 21:14:12 - UserId: adwivedi | Password: test1234
2018-04-11 21:15:49 - UserId: adwivedi | Password: test1234
2018-04-11 21:21:03 - UserId: adwivedi | Password: test1234
2018-04-11 21:24:46 - UserId: adwivedi | Password: test1234
2018-04-11 21:24:50 - UserId: adwivedi | Password: test1234
2018-04-11 21:25:01 - UserId: adwivedi | Password: test1234
2018-04-11 21:25:57 - UserId: adwivedi | Password: test1234
2018-04-11 21:27:33 - UserId: adwivedi | Password: test1234
2018-04-11 21:29:54 - UserId: adwivedi | Password: test1234
2018-04-11 21:30:35 - UserId: adwivedi | Password: test1234
2018-04-11 21:32:15 - UserId: adwivedi | Password: test1234
2018-04-11 21:32:54 - UserId: adwivedi | Password: test1234
2018-04-11 21:34:26 - UserId: adwivedi | Password: test1234
2018-04-11 21:37:16 - UserId: adwivedi | Password: test1234
2018-04-11 21:40:41 - UserId: adwivedi | Password: test1234
2018-04-11 21:42:55 - UserId: adwivedi | Password: test1234
2018-04-11 21:44:37 - UserId: adwivedi | Password: test1234
2018-04-11 21:46:51 - UserId: adwivedi | Password: test1234
2018-04-11 21:48:44 - UserId: adwivedi | Password: test1234
2018-04-11 21:48:47 - UserId: adwivedi | Password: test1234
2018-04-11 21:53:20 - UserId: adwivedi | Password: test1234
2018-04-11 21:57:11 - UserId: adwivedi | Password: test1234
2018-04-11 22:54:57 - UserId: adwivedi | Password: test1234
2018-04-11 22:55:48 - UserId: adwivedi | Password: test1234
2018-04-11 22:56:48 - UserId: adwivedi | Password: test1234
2018-04-11 22:57:15 - UserId: adwivedi | Password: test1234
2018-04-12 12:05:25 - UserId: adwivedi | Password: test1234
2018-04-12 12:23:19 - UserId: adwivedi | Password: test1234
2018-04-12 12:23:44 - UserId: adwivedi | Password: test1234
2018-04-12 12:26:18 - UserId: adwivedi | Password: test1234
2018-04-12 12:28:04 - UserId: adwivedi | Password: test1234
2018-04-12 12:33:32 - UserId: adwivedi | Password: test1234
2018-04-12 12:36:04 - UserId: adwivedi | Password: test1234
2018-04-12 12:38:56 - UserId: adwivedi | Password: test1234
2018-04-12 12:41:57 - UserId: adwivedi | Password: test1234
2018-04-12 12:44:14 - UserId: adwivedi | Password: test1234
2018-04-12 12:49:17 - UserId: adwivedi | Password: test1234
2018-04-12 12:53:07 - UserId: adwivedi | Password: test1234
2018-04-12 12:53:47 - UserId: adwivedi | Password: test1234
2018-04-12 12:56:00 - UserId: adwivedi | Password: test1234
2018-04-12 14:33:17 - UserId: adwivedi | Password: test1234
2018-04-12 14:33:23 - UserId: adwivedi | Password: test1234
2018-04-12 14:34:54 - UserId: adwivedi | Password: test1234
2018-04-12 15:19:21 - UserId: adwivedi | Password: test1234
2018-04-12 15:28:36 - UserId: adwivedi | Password: test1234
2018-04-12 15:29:50 - UserId: adwivedi | Password: test1234
2018-04-12 15:30:20 - UserId: adwivedi | Password: test1234
2018-04-12 15:30:29 - UserId: adwivedi | Password: test1234
2018-04-12 15:41:42 - UserId: adwivedi | Password: test1234
2018-04-12 15:43:52 - UserId: adwivedi | Password: test1234
2018-04-12 15:46:01 - UserId: adwivedi | Password: test1234
2018-04-12 15:49:15 - UserId: adwivedi | Password: test1234
2018-04-12 15:54:35 - UserId: adwivedi | Password: test1234
2018-04-12 16:10:47 - UserId: adwivedi | Password: test1234
2018-04-12 16:55:30 - UserId: adwivedi | Password: test1234
2018-04-12 16:57:29 - UserId: adwivedi | Password: test1234
2018-04-12 17:19:08 - UserId: adwivedi | Password: test1234
2018-04-12 17:23:41 - UserId: adwivedi | Password: test1234
2018-04-12 18:16:11 - UserId: adwivedi | Password: test1234
2018-04-12 18:20:15 - UserId: adwivedi | Password: test1234
2018-04-12 18:21:58 - UserId: adwivedi | Password: test1234
2018-04-12 18:23:18 - UserId: adwivedi | Password: test1234
2018-04-12 18:33:03 - UserId: adwivedi | Password: test1234
2018-04-12 18:34:57 - UserId: adwivedi | Password: test1234
2018-04-12 18:39:52 - UserId: adwivedi | Password: test1234
2018-04-12 18:42:47 - UserId: adwivedi | Password: test1234
2018-04-12 18:57:48 - UserId: adwivedi | Password: test1234
2018-04-12 18:58:55 - UserId: adwivedi | Password: test1234
2018-04-12 19:01:18 - UserId: adwivedi | Password: test1234
2018-04-12 19:03:59 - UserId: adwivedi | Password: test1234
2018-04-12 19:04:23 - UserId: adwivedi | Password: test1234
2018-04-12 19:17:33 - UserId: adwivedi | Password: test1234
2018-04-12 21:02:50 - UserId: adwivedi | Password: test1234
2018-04-12 21:05:07 - UserId: adwivedi | Password: test1234
2018-04-12 21:30:42 - UserId: adwivedi | Password: test1234
2018-04-12 21:37:55 - UserId: adwivedi | Password: test1234
2018-04-12 21:54:50 - UserId: adwivedi | Password: test1234
2018-04-12 22:14:34 - UserId: adwivedi | Password: test1234
2018-04-12 22:26:37 - UserId: adwivedi | Password: test1234
2018-04-12 22:29:48 - UserId: adwivedi | Password: test1234
2018-04-12 22:31:30 - UserId: adwivedi | Password: test1234
2018-04-12 22:33:05 - UserId: adwivedi | Password: test1234
2018-04-12 22:35:48 - UserId: adwivedi | Password: test1234
2018-04-12 22:40:24 - UserId: adwivedi | Password: test1234
2018-04-13 12:47:00 - UserId: adwivedi | Password: test1234
2018-04-13 12:55:12 - UserId: adwivedi | Password: test1234
2018-04-13 15:48:37 - UserId: adwivedi | Password: test1234
2018-04-13 15:57:25 - UserId: adwivedi | Password: test1234
2018-04-13 16:10:14 - UserId: adwivedi | Password: test1234
2018-04-13 16:11:08 - UserId: adwivedi | Password: test1234
2018-04-13 16:12:57 - UserId: adwivedi | Password: test1234
2018-04-13 16:18:19 - UserId: adwivedi | Password: test1234
2018-04-13 16:27:39 - UserId: adwivedi | Password: test1234
2018-04-13 16:36:59 - UserId: adwivedi | Password: test1234
2018-04-13 21:08:53 - UserId: adwivedi | Password: test1234
2018-04-13 21:10:31 - UserId: adwivedi | Password: test1234
2018-04-13 21:11:08 - UserId: adwivedi | Password: test1234
2018-04-13 21:11:13 - UserId: adwivedi | Password: test1234
2018-04-13 21:16:29 - UserId: adwivedi | Password: test1234
2018-04-13 21:17:46 - UserId: adwivedi | Password: test1234
2018-04-13 21:18:33 - UserId: adwivedi | Password: test1234
2018-04-13 21:18:39 - UserId: adwivedi | Password: test1234
2018-04-13 21:30:19 - UserId: adwivedi | Password: test1234
2018-04-13 21:32:33 - UserId: adwivedi | Password: test1234
2018-04-13 21:33:56 - UserId: adwivedi | Password: test1234
2018-04-13 21:34:11 - UserId: adwivedi | Password: test1234
2018-04-13 21:35:12 - UserId: adwivedi | Password: test1234
2018-04-13 21:35:53 - UserId: adwivedi | Password: test1234
2018-04-13 21:39:27 - UserId: adwivedi | Password: test1234
2018-04-13 21:42:58 - UserId: adwivedi | Password: test1234
2018-04-13 21:43:59 - UserId: adwivedi | Password: test1234
2018-04-13 23:08:03 - UserId: adwivedi | Password: test1234
2018-04-14 10:11:26 - UserId: adwivedi | Password: test1234
2018-04-14 10:11:31 - UserId: adwivedi | Password: test1234
2018-04-14 10:21:20 - UserId: adwivedi | Password: test1234
2018-04-14 10:23:10 - UserId: adwivedi | Password: test1234
2018-04-14 10:24:27 - UserId: adwivedi | Password: test1234
2018-04-14 10:25:48 - UserId: adwivedi | Password: test1234
2018-04-14 10:26:56 - UserId: adwivedi | Password: test1234
2018-04-14 10:46:12 - UserId: adwivedi | Password: test1234
2018-04-14 10:47:22 - UserId: adwivedi | Password: test1234
2018-04-14 10:54:43 - UserId: adwivedi | Password: test1234
2018-04-14 10:57:52 - UserId: adwivedi | Password: test1234
2018-04-14 10:59:42 - UserId: adwivedi | Password: test1234
2018-04-14 11:01:40 - UserId: adwivedi | Password: test1234
2018-04-14 11:06:11 - UserId: adwivedi | Password: test1234
2018-04-14 11:09:35 - UserId: adwivedi | Password: test1234
2018-04-14 11:11:35 - UserId: adwivedi | Password: test1234
2018-04-14 11:13:52 - UserId: adwivedi | Password: test1234
2018-04-14 11:16:59 - UserId: adwivedi | Password: test1234
2018-04-14 11:27:59 - UserId: adwivedi | Password: test1234
2018-04-14 11:30:30 - UserId: adwivedi | Password: test1234
2018-04-14 11:32:35 - UserId: adwivedi | Password: test1234
2018-04-14 11:38:58 - UserId: adwivedi | Password: test1234
2018-04-14 11:42:32 - UserId: adwivedi | Password: test1234
2018-04-14 11:43:11 - UserId: adwivedi | Password: test1234
2018-04-14 11:44:37 - UserId: adwivedi | Password: test1234
2018-04-14 11:59:09 - UserId: adwivedi | Password: test1234
2018-04-14 12:00:27 - UserId: adwivedi | Password: test1234
2018-04-14 12:04:16 - UserId: adwivedi | Password: test1234
2018-04-14 12:08:19 - UserId: adwivedi | Password: test1234
2018-04-14 13:17:21 - UserId: adwivedi | Password: test1234
2018-04-14 13:18:27 - UserId: adwivedi | Password: test1234
2018-04-14 13:19:44 - UserId: adwivedi | Password: test1234
2018-04-14 13:20:36 - UserId: adwivedi | Password: test1234
2018-04-14 13:22:12 - UserId: adwivedi | Password: test1234
2018-04-14 13:24:16 - UserId: adwivedi | Password: test1234
2018-04-14 13:25:16 - UserId: adwivedi | Password: test1234
2018-04-14 13:30:37 - UserId: adwivedi | Password: test1234
2018-04-14 13:34:07 - UserId: adwivedi | Password: test1234
2018-04-14 13:34:22 - UserId: adwivedi | Password: test1234
2018-04-14 13:35:06 - UserId: adwivedi | Password: test1234
2018-04-14 13:40:06 - UserId: adwivedi | Password: test1234
2018-04-14 13:41:57 - UserId: adwivedi | Password: test1234
2018-04-14 13:43:20 - UserId: adwivedi | Password: test1234
2018-04-14 13:45:04 - UserId: adwivedi | Password: test1234
2018-04-14 13:47:59 - UserId: adwivedi | Password: test1234
2018-04-14 13:53:49 - UserId: adwivedi | Password: test1234
2018-04-14 13:55:13 - UserId: adwivedi | Password: test1234
2018-04-14 13:56:08 - UserId: adwivedi | Password: test1234
2018-04-14 14:00:30 - UserId: adwivedi | Password: test1234
2018-04-14 14:02:22 - UserId: adwivedi | Password: test1234
2018-04-14 14:06:11 - UserId: adwivedi | Password: test1234
2018-04-14 14:09:27 - UserId: adwivedi | Password: test1234
2018-04-14 14:24:58 - UserId: adwivedi | Password: test1234
2018-04-14 14:31:25 - UserId: adwivedi | Password: test1234
2018-04-14 14:39:30 - UserId: adwivedi | Password: test1234
2018-04-14 14:43:14 - UserId: adwivedi | Password: test1234
2018-04-14 15:25:41 - UserId: adwivedi | Password: test1234
2018-04-14 15:29:48 - UserId: adwivedi | Password: test1234
2018-04-14 15:39:48 - UserId: adwivedi | Password: test1234
2018-04-14 15:51:08 - UserId: adwivedi | Password: test1234
2018-04-14 15:57:23 - UserId: adwivedi | Password: test1234
2018-04-14 18:57:29 - UserId: adwivedi | Password: test1234
2018-04-14 19:04:50 - UserId: adwivedi | Password: test1234
2018-04-14 19:14:55 - UserId: adwivedi | Password: test1234
2018-04-14 19:27:09 - UserId: adwivedi | Password: test1234
2018-04-14 19:31:05 - UserId: adwivedi | Password: test1234
2018-04-14 19:32:16 - UserId: adwivedi | Password: test1234
2018-04-14 19:36:02 - UserId: adwivedi | Password: test1234
2018-04-14 19:49:26 - UserId: adwivedi | Password: test1234
2018-04-14 19:50:49 - UserId: adwivedi | Password: test1234
2018-04-14 19:58:15 - UserId: adwivedi | Password: test1234
2018-04-14 20:04:18 - UserId: adwivedi | Password: test1234
2018-04-14 20:06:10 - UserId: adwivedi | Password: test1234
2018-04-14 20:27:59 - UserId: adwivedi | Password: test1234
2018-04-14 20:30:10 - UserId: adwivedi | Password: test1234
2018-04-14 21:08:09 - UserId: adwivedi | Password: test1234
2018-04-14 21:12:05 - UserId: adwivedi | Password: test1234
2018-04-14 22:51:48 - UserId: adwivedi | Password: test1234
2018-04-14 22:51:56 - UserId: adwivedi | Password: test1234
2018-04-14 22:55:05 - UserId: adwivedi | Password: test1234
2018-04-14 22:57:53 - UserId: adwivedi | Password: test1234
2018-04-14 23:00:29 - UserId: adwivedi | Password: test1234
2018-04-14 23:05:01 - UserId: adwivedi | Password: test1234
2018-04-14 23:23:37 - UserId: adwivedi | Password: test1234
2018-04-14 23:27:21 - UserId: adwivedi | Password: test1234
2018-04-14 23:28:52 - UserId: adwivedi | Password: test1234
2018-04-14 23:46:20 - UserId: adwivedi | Password: test1234
2018-04-14 23:47:55 - UserId: adwivedi | Password: test1234
2018-04-14 23:57:52 - UserId: adwivedi | Password: test1234
2018-04-15 00:06:29 - UserId: adwivedi | Password: test1234
2018-04-15 00:51:14 - UserId: adwivedi | Password: test1234
2018-04-15 00:51:20 - UserId: adwivedi | Password: test1234
2018-04-15 00:53:22 - UserId: adwivedi | Password: test1234
2018-04-15 00:55:01 - UserId: adwivedi | Password: test1234
2018-04-15 01:01:41 - UserId: adwivedi | Password: test1234
2018-04-15 01:04:33 - UserId: adwivedi | Password: test1234
2018-04-15 01:06:54 - UserId: adwivedi | Password: test1234
2018-04-15 01:14:43 - UserId: adwivedi | Password: test1234
2018-04-15 01:26:59 - UserId: adwivedi | Password: test1234
2018-04-15 01:28:22 - UserId: adwivedi | Password: test1234
2018-04-15 01:29:50 - UserId: adwivedi | Password: test1234
2018-04-15 01:31:47 - UserId: adwivedi | Password: test1234
2018-04-15 01:32:27 - UserId: adwivedi | Password: test1234
2018-04-15 01:33:07 - UserId: adwivedi | Password: test1234
2018-04-15 01:33:12 - UserId: adwivedi | Password: test1234
2018-04-15 01:36:00 - UserId: adwivedi | Password: test1234
2018-04-15 01:36:46 - UserId: adwivedi | Password: test1234
2018-04-15 01:37:54 - UserId: adwivedi | Password: test1234
2018-04-15 01:38:51 - UserId: adwivedi | Password: test1234
2018-04-15 01:44:21 - UserId: adwivedi | Password: test1234
2018-04-15 01:54:57 - UserId: adwivedi | Password: test1234
2018-04-15 01:55:55 - UserId: adwivedi | Password: test1234
2018-04-15 01:56:38 - UserId: adwivedi | Password: test1234
2018-04-15 01:57:29 - UserId: adwivedi | Password: test1234
2018-04-15 03:15:57 - UserId: adwivedi | Password: test1234
2018-04-15 03:16:49 - UserId: adwivedi | Password: test1234
2018-04-15 03:30:57 - UserId: adwivedi | Password: test1234
2018-04-15 03:32:07 - UserId: adwivedi | Password: test1234
2018-04-15 03:33:34 - UserId: adwivedi | Password: test1234
2018-04-15 03:33:48 - UserId: adwivedi | Password: test1234
2018-04-15 11:53:33 - UserId: adwivedi | Password: test1234
2018-04-15 11:56:16 - UserId: adwivedi | Password: test1234
2018-04-15 11:57:54 - UserId: adwivedi | Password: test1234
2018-04-15 11:59:23 - UserId: adwivedi | Password: test1234
2018-04-15 12:00:54 - UserId: adwivedi | Password: test1234
2018-04-15 12:04:27 - UserId: adwivedi | Password: test1234
2018-04-15 12:06:07 - UserId: adwivedi | Password: test1234
2018-04-15 12:06:31 - UserId: adwivedi | Password: test1234
2018-04-15 12:06:57 - UserId: adwivedi | Password: test1234
2018-04-15 12:07:38 - UserId: adwivedi | Password: test1234
2018-04-15 12:08:05 - UserId: adwivedi | Password: test1234
2018-04-15 12:10:39 - UserId: adwivedi | Password: test1234
2018-04-15 12:13:38 - UserId: adwivedi | Password: test1234
2018-04-15 12:15:38 - UserId: adwivedi | Password: test1234
2018-04-15 12:16:36 - UserId: adwivedi | Password: test1234
2018-04-15 12:20:25 - UserId: adwivedi | Password: test1234
2018-04-15 12:21:50 - UserId: adwivedi | Password: test1234
2018-04-15 12:26:10 - UserId: adwivedi | Password: test1234
2018-04-15 12:27:11 - UserId: adwivedi | Password: test1234
2018-04-15 12:28:09 - UserId: adwivedi | Password: test1234
2018-04-15 12:30:22 - UserId: adwivedi | Password: test1234
2018-04-15 12:30:55 - UserId: adwivedi | Password: test1234
2018-04-15 12:31:50 - UserId: adwivedi | Password: test1234
2018-04-15 12:34:19 - UserId: adwivedi | Password: test1234
2018-04-15 12:37:23 - UserId: adwivedi | Password: test1234
2018-04-15 12:38:20 - UserId: adwivedi | Password: test1234
2018-04-15 12:39:51 - UserId: adwivedi | Password: test1234
2018-04-15 12:46:00 - UserId: adwivedi | Password: test1234
2018-04-15 12:49:40 - UserId: adwivedi | Password: test1234
2018-04-15 12:57:21 - UserId: adwivedi | Password: test1234
2018-04-15 13:01:30 - UserId: adwivedi | Password: test1234
2018-04-15 13:06:15 - UserId: adwivedi | Password: test1234
2018-04-15 13:10:22 - UserId: adwivedi | Password: test1234
2018-04-15 13:19:17 - UserId: adwivedi | Password: test1234
2018-04-15 13:20:20 - UserId: adwivedi | Password: test1234
2018-04-15 13:21:00 - UserId: adwivedi | Password: test1234
2018-04-15 15:59:19 - UserId: adwivedi | Password: test1234
2018-04-15 16:00:32 - UserId: adwivedi | Password: test1234
2018-04-15 16:05:36 - UserId: adwivedi | Password: test1234
2018-04-15 16:06:44 - UserId: adwivedi | Password: test1234
2018-04-15 16:07:50 - UserId: adwivedi | Password: test1234
2018-04-15 16:08:37 - UserId: adwivedi | Password: test1234
2018-04-15 16:09:43 - UserId: adwivedi | Password: test1234
2018-04-15 16:17:05 - UserId: adwivedi | Password: test1234
2018-04-15 16:21:16 - UserId: adwivedi | Password: test1234
2018-04-15 16:31:30 - UserId: adwivedi | Password: test1234
2018-04-15 16:38:49 - UserId: adwivedi | Password: test1234
2018-04-15 16:41:02 - UserId: adwivedi | Password: test1234
2018-04-15 16:42:44 - UserId: adwivedi | Password: test1234
2018-04-15 16:50:16 - UserId: adwivedi | Password: test1234
2018-04-15 17:04:05 - UserId: adwivedi | Password: test1234
2018-04-15 17:04:47 - UserId: adwivedi | Password: test1234
2018-04-15 17:05:13 - UserId: adwivedi | Password: test1234
2018-04-15 17:10:23 - UserId: adwivedi | Password: test1234
2018-04-15 17:14:30 - UserId: adwivedi | Password: test1234
2018-04-15 17:17:04 - UserId: adwivedi | Password: test1234
2018-04-15 17:19:31 - UserId: adwivedi | Password: test1234
2018-04-15 17:21:07 - UserId: adwivedi | Password: test1234
2018-04-15 17:21:46 - UserId: adwivedi | Password: test1234
2018-04-15 17:36:45 - UserId: adwivedi | Password: test1234
2018-04-15 17:38:08 - UserId: adwivedi | Password: test1234
2018-04-15 17:44:54 - UserId: adwivedi | Password: test1234
2018-04-15 17:46:45 - UserId: adwivedi | Password: test1234
2018-04-15 17:47:27 - UserId: adwivedi | Password: test1234
2018-04-15 17:49:38 - UserId: adwivedi | Password: test1234
2018-04-15 17:50:37 - UserId: adwivedi | Password: test1234
2018-04-15 17:50:56 - UserId: adwivedi | Password: test1234
2018-04-15 18:02:35 - UserId: adwivedi | Password: test1234
2018-04-15 18:24:11 - UserId: adwivedi | Password: test1234
2018-04-15 18:29:39 - UserId: adwivedi | Password: test1234
2018-04-15 18:35:21 - UserId: adwivedi | Password: test1234
2018-04-15 18:44:29 - UserId: adwivedi | Password: test1234
2018-04-15 18:48:58 - UserId: adwivedi | Password: test1234
2018-04-15 19:01:25 - UserId: adwivedi | Password: test1234
2018-04-15 19:02:17 - UserId: adwivedi | Password: test1234
2018-04-15 19:02:43 - UserId: adwivedi | Password: test1234
2018-04-15 19:03:50 - UserId: adwivedi | Password: test1234
2018-04-15 19:08:36 - UserId: adwivedi | Password: test1234
2018-04-15 19:12:21 - UserId: adwivedi | Password: test1234
2018-04-15 19:14:09 - UserId: adwivedi | Password: test1234
2018-04-15 19:15:44 - UserId: adwivedi | Password: test1234
2018-04-15 19:15:50 - UserId: adwivedi | Password: test1234
2018-04-15 19:30:42 - UserId: adwivedi | Password: test1234
2018-04-15 19:33:13 - UserId: adwivedi | Password: test1234
2018-04-15 19:35:06 - UserId: adwivedi | Password: test1234
2018-04-15 19:35:14 - UserId: adwivedi | Password: test1234
2018-04-15 19:37:21 - UserId: adwivedi | Password: test1234
2018-04-15 19:41:10 - UserId: adwivedi | Password: test1234
2018-04-15 20:52:10 - UserId: adwivedi | Password: test1234
2018-04-15 21:07:02 - UserId: adwivedi | Password: test1234
2018-04-15 21:20:26 - Inactive session. Logged out.
2018-04-15 21:20:29 - UserId: adwivedi | Password: test1234
2018-04-15 21:58:44 - UserId: adwivedi | Password: test1234
2018-04-15 21:58:54 - UserId: adwivedi | Password: test1234
2018-04-15 22:01:21 - UserId: vveera | Password: test1234
2018-04-15 22:07:48 - UserId: vveera | Password: test1234
2018-04-15 22:21:38 - Inactive session. Logged out.
2018-04-15 22:21:40 - UserId: adwivedi | Password: test1234
2018-04-15 22:22:50 - UserId: adwivedi | Password: test1234
2018-04-15 22:25:26 - UserId: adwivedi | Password: test1234
2018-04-15 22:30:09 - UserId: adwivedi | Password: test1234
2018-04-15 22:30:50 - UserId: adwivedi | Password: test1234
2018-04-15 22:36:33 - UserId: adwivedi | Password: test1234
2018-04-15 22:45:15 - UserId: adwivedi | Password: test1234
2018-04-15 23:03:28 - Inactive session. Logged out.
2018-04-15 23:03:33 - UserId: adwivedi | Password: test1234
2018-04-15 23:07:14 - UserId: adwivedi | Password: test1234
2018-04-15 23:08:16 - UserId: adwivedi | Password: test1234
2018-04-15 23:09:19 - UserId: adwivedi | Password: test1234
2018-04-15 23:10:06 - UserId: adwivedi | Password: test1234
2018-04-15 23:20:12 - Inactive session. Logged out.
2018-04-15 23:20:15 - UserId: adwivedi | Password: test1234
2018-04-15 23:34:01 - Inactive session. Logged out.
2018-04-15 23:34:04 - UserId: adwivedi | Password: test1234
2018-04-15 23:38:55 - UserId: adwivedi | Password: test1234
2018-04-15 23:41:16 - UserId: adwivedi | Password: test1234
2018-04-15 23:45:33 - UserId: adwivedi | Password: test1234
2018-04-15 23:46:01 - UserId: adwivedi | Password: test1234
2018-04-15 23:48:47 - UserId: adwivedi | Password: test1234
2018-04-15 23:49:52 - UserId: adwivedi | Password: test1234
2018-04-15 23:50:25 - UserId: adwivedi | Password: test1234
2018-04-15 23:51:14 - UserId: adwivedi | Password: test1234
2018-04-15 23:53:17 - UserId: adwivedi | Password: test1234
2018-04-15 23:55:29 - UserId: adwivedi | Password: test1234
2018-04-15 23:56:25 - UserId: adwivedi | Password: test1234
2018-04-15 23:58:19 - UserId: adwivedi | Password: test1234
2018-04-15 23:59:08 - UserId: adwivedi | Password: test1234
2018-04-15 23:59:40 - UserId: adwivedi | Password: test1234
2018-04-16 00:01:20 - UserId: adwivedi | Password: test1234
2018-04-16 00:03:56 - UserId: adwivedi | Password: test1234
2018-04-16 00:05:59 - UserId: adwivedi | Password: test1234
2018-04-16 00:06:37 - UserId: adwivedi | Password: test1234
2018-04-16 00:08:36 - UserId: adwivedi | Password: test1234
2018-04-16 00:12:17 - UserId: adwivedi | Password: test1234
2018-04-16 00:14:05 - UserId: adwivedi | Password: test1234
2018-04-16 00:14:33 - UserId: adwivedi | Password: test1234
2018-04-16 00:16:12 - UserId: adwivedi | Password: test1234
2018-04-16 00:17:44 - UserId: adwivedi | Password: test1234
2018-04-16 00:18:20 - UserId: adwivedi | Password: test1234
2018-04-16 00:19:05 - UserId: adwivedi | Password: test1234
2018-04-16 00:20:02 - UserId: adwivedi | Password: test1234
2018-04-16 00:22:18 - UserId: adwivedi | Password: test1234
2018-04-16 00:25:43 - UserId: adwivedi | Password: test1234
2018-04-16 00:26:40 - UserId: adwivedi | Password: test1234
2018-04-16 00:27:35 - UserId: adwivedi | Password: test1234
2018-04-16 00:30:52 - UserId: adwivedi | Password: test1234
2018-04-16 01:29:44 - UserId: adwivedi | Password: test1234
2018-04-16 11:46:54 - UserId: adwivedi | Password: test1234
2018-04-16 11:51:22 - UserId: adwivedi | Password: test1234
2018-04-16 11:51:53 - UserId: adwivedi | Password: test1234
2018-04-16 12:38:01 - Inactive session. Logged out.
2018-04-16 12:41:12 - UserId: adwivedi | Password: test1234
2018-04-16 12:55:17 - Inactive session. Logged out.
2018-04-16 12:55:40 - User not Logged in.
2018-04-16 12:55:47 - UserId: adwivedi | Password: test1234
2018-04-16 13:05:20 - UserId:  vveera | Password: test1234
2018-04-16 13:05:20 - Wrong Username / Password. Authentication Failed
2018-04-16 13:05:32 - UserId: vveera | Password: test1234
2018-04-16 13:09:41 - UserId: adwivedi | Password: test1234
2018-04-16 13:11:14 - UserId: adwivedi | Password: test1234
2018-04-16 13:13:28 - UserId: adwivedi | Password: test1234
2018-04-16 13:14:50 - UserId: adwivedi | Password: test1234
2018-04-16 13:16:34 - UserId: adwivedi | Password: test1234
2018-04-16 13:19:26 - UserId: adwivedi | Password: test1234
2018-04-16 13:21:54 - UserId: adwivedi | Password: test1234
2018-04-16 13:28:46 - UserId: adwivedi | Password: test1234
2018-04-16 13:30:54 - UserId: adwivedi | Password: test1234
2018-04-16 13:39:29 - UserId: adwivedi | Password: test1234
2018-04-16 14:42:58 - UserId: adwivedi | Password: test1234
2018-04-16 14:44:50 - UserId: adwivedi | Password: test1234
2018-04-16 14:53:33 - UserId: adwivedi | Password: test1234
2018-04-16 14:55:38 - UserId: adwivedi | Password: test1234
2018-04-16 14:58:37 - UserId: adwivedi | Password: test1234
2018-04-16 15:01:21 - UserId: adwivedi | Password: test1234
2018-04-16 15:03:24 - UserId: adwivedi | Password: test1234
2018-04-16 15:06:03 - UserId: adwivedi | Password: test1234
2018-04-16 15:17:04 - Inactive session. Logged out.
2018-04-16 15:17:15 - UserId: adwivedi | Password: test1234
2018-04-16 15:17:21 - UserId: adwivedi | Password: test1234
2018-04-16 15:18:33 - UserId: adwivedi | Password: test1234
2018-04-16 15:22:11 - UserId: adwivedi | Password: test1234
2018-04-16 15:25:02 - UserId: adwivedi | Password: test1234
2018-04-16 15:26:47 - UserId: adwivedi | Password: test1234
2018-04-16 15:27:15 - UserId: adwivedi | Password: test1234
2018-04-16 15:30:34 - UserId: adwivedi | Password: test1234
2018-04-16 15:32:26 - UserId: adwivedi | Password: test1234
2018-04-16 15:36:58 - UserId: adwivedi | Password: test1234
2018-04-16 15:38:18 - UserId: adwivedi | Password: test1234
2018-04-16 15:46:04 - UserId: adwivedi | Password: test1234
2018-04-16 15:52:50 - UserId: adwivedi | Password: test1234
2018-04-16 15:57:12 - UserId: adwivedi | Password: test1234
2018-04-16 15:58:48 - UserId: adwivedi | Password: test1234
2018-04-16 16:43:39 - UserId: adwivedi | Password: test1234
2018-04-16 16:47:58 - UserId: adwivedi | Password: test1234
2018-04-16 16:49:15 - UserId: adwivedi | Password: test1234
2018-04-16 16:53:13 - UserId: adwivedi | Password: test1234
2018-04-16 16:58:25 - UserId: adwivedi | Password: test1234
2018-04-16 16:58:52 - UserId: adwivedi | Password: test1234
2018-04-16 16:59:49 - UserId: adwivedi | Password: test1234
2018-04-16 17:00:13 - UserId: adwivedi | Password: test1234
2018-04-16 17:02:04 - UserId: adwivedi | Password: test1234
2018-04-16 17:03:41 - UserId: adwivedi | Password: test1234
2018-04-16 17:04:16 - UserId: adwivedi | Password: test1234
2018-04-16 17:06:04 - UserId: adwivedi | Password: test1234
2018-04-16 17:20:22 - Inactive session. Logged out.
2018-04-16 17:23:30 - UserId: adwivedi | Password: test1234
2018-04-16 17:23:39 - UserId: adwivedi | Password: test1234
2018-04-16 19:15:33 - UserId: adwivedi | Password: test1234
2018-04-16 23:58:58 - UserId: adwivedi | Password: test1234
2018-04-17 00:01:47 - UserId: adwivedi | Password: test1234
2018-04-17 00:45:39 - UserId: adwivedi | Password: test1234
2018-04-17 00:47:08 - UserId: adwivedi | Password: test1234
2018-04-17 00:49:22 - UserId: adwivedi | Password: test1234
2018-04-17 00:51:11 - UserId: adwivedi | Password: test1234
2018-04-17 00:52:45 - UserId: adwivedi | Password: test1234
2018-04-17 01:03:59 - Inactive session. Logged out.
2018-04-17 01:04:02 - UserId: adwivedi | Password: test1234
2018-04-17 01:05:23 - UserId: adwivedi | Password: test1234
2018-04-17 01:12:13 - UserId: adwivedi | Password: test1234
2018-04-17 01:13:34 - UserId: adwivedi | Password: test1234
2018-04-17 01:16:15 - UserId: adwivedi | Password: test1234
2018-04-17 01:22:48 - UserId: adwivedi | Password: test1234
2018-04-17 01:26:05 - UserId: adwivedi | Password: test1234
2018-04-17 01:28:36 - UserId: adwivedi | Password: test1234
2018-04-17 01:31:39 - UserId: adwivedi | Password: test1234
2018-04-17 01:33:10 - UserId: adwivedi | Password: test1234
2018-04-17 01:34:41 - UserId: adwivedi | Password: test1234
2018-04-17 01:37:26 - UserId: adwivedi | Password: test1234
2018-04-17 01:39:29 - UserId: adwivedi | Password: test1234
2018-04-17 01:49:52 - UserId: adwivedi | Password: test1234
2018-04-17 01:52:55 - UserId: adwivedi | Password: test1234
2018-04-17 01:56:07 - UserId: adwivedi | Password: test1234
2018-04-17 01:56:52 - UserId: adwivedi | Password: test1234
2018-04-17 01:57:15 - UserId: adwivedi | Password: test1234
2018-04-17 01:58:10 - UserId: adwivedi | Password: test1234
2018-04-17 02:01:08 - UserId: adwivedi | Password: test1234
2018-04-17 02:02:19 - UserId: adwivedi | Password: test1234
2018-04-17 02:04:08 - UserId: adwivedi | Password: test1234
2018-04-17 02:04:58 - UserId: adwivedi | Password: test1234
2018-04-17 02:06:37 - UserId: adwivedi | Password: test1234
2018-04-17 02:07:26 - UserId: adwivedi | Password: test1234
2018-04-17 02:07:56 - UserId: adwivedi | Password: test1234
2018-04-17 02:08:18 - UserId: adwivedi | Password: test1234
2018-04-17 02:10:10 - UserId: adwivedi | Password: test1234
2018-04-17 02:14:43 - UserId: adwivedi | Password: test1234
2018-04-17 02:21:24 - UserId: adwivedi | Password: test1234
2018-04-17 02:21:41 - UserId: adwivedi | Password: test1234
2018-04-17 02:24:21 - UserId: adwivedi | Password: test1234
2018-04-17 02:26:14 - UserId: adwivedi | Password: test1234
2018-04-17 02:28:42 - UserId: adwivedi | Password: test1234
2018-04-17 02:30:02 - UserId: adwivedi | Password: test1234
2018-04-17 11:29:12 - UserId: adwivedi | Password: test1234
2018-04-17 13:18:14 - UserId: adwivedi | Password: test1234
2018-04-17 13:21:19 - UserId: adwivedi | Password: test1234
2018-04-17 13:26:09 - UserId: adwivedi | Password: test1234
2018-04-17 13:26:51 - UserId: adwivedi | Password: test1234
2018-04-17 13:32:40 - UserId: dchhipa | Password: test1234
2018-04-17 14:55:13 - UserId: dchhipa | Password: test1234
2018-04-17 15:10:27 - UserId: adwivedi | Password: test1234
2018-04-17 15:44:11 - UserId: ssbram | Password: test134
2018-04-17 15:44:11 - Wrong Username / Password. Authentication Failed
2018-04-17 15:44:20 - UserId: ssbram | Password: test1234
2018-04-17 15:51:35 - UserId: adwivedi | Password: test1234
2018-04-17 15:59:03 - UserId: mghosh | Password: test1234
2018-04-17 15:59:11 - UserId: adwivedi | Password: test1234
2018-04-17 16:10:24 - UserId: adwivedi | Password: test1234
2018-04-17 17:35:03 - UserId: adwivedi | Password: test1234
2018-04-17 17:51:26 - Inactive session. Logged out.
2018-04-17 23:28:10 - UserId: adwivedi | Password: test1234
2018-04-17 23:28:18 - UserId: adwivedi | Password: test1234
2018-04-17 23:36:34 - UserId: adwivedi | Password: test1234
2018-04-17 23:40:47 - UserId: adwivedi | Password: test1234
2018-04-17 23:40:55 - UserId: adwivedi | Password: test1234
2018-04-17 23:42:25 - UserId: adwivedi | Password: test1234
2018-04-17 23:42:46 - UserId: adwivedi | Password: test1234
2018-04-17 23:43:14 - UserId: adwivedi | Password: test1234
2018-04-17 23:56:55 - UserId: adwivedi | Password: test1234
2018-04-17 23:57:15 - UserId: adwivedi | Password: test1234
2018-04-17 23:57:21 - UserId: adwivedi | Password: test1234
2018-04-17 23:57:48 - UserId: adwivedi | Password: test1234
2018-04-17 23:58:39 - UserId: adwivedi | Password: test1234
2018-04-17 23:59:13 - UserId: adwivedi | Password: test1234
