2018-05-24 15:57:28 - File uploading process started for:  billCycle 022018 datatype 1 reportWeekend 18-May-2018
2018-05-24 15:57:28 - Uploading Files...
2018-05-24 15:57:28 - Files uploaded successfully..
2018-05-24 15:57:28 - Files uploaded successfully..
2018-05-24 15:57:28 - Files uploaded successfully..
2018-05-24 15:57:28 - Files uploaded successfully..
2018-05-24 15:57:28 - Files uploaded successfully..
2018-05-24 15:57:28 - Entry already exists in Group Approval Table for billCycle 022018
2018-05-24 15:57:32 - File uploading process started for:  billCycle 022018 datatype 1 reportWeekend 18-May-2018
2018-05-24 15:57:32 - Uploading Files...
2018-05-24 15:57:32 - Files uploaded successfully..
2018-05-24 15:57:32 - Files uploaded successfully..
2018-05-24 15:57:32 - Files uploaded successfully..
2018-05-24 15:57:32 - Files uploaded successfully..
2018-05-24 15:57:32 - Files uploaded successfully..
2018-05-24 15:57:32 - Entry already exists in Group Approval Table for billCycle 022018
2018-05-24 15:57:32 - Creating ILC Datasheet..
2018-05-24 15:58:57 - ILC Data sheet created successfully
2018-05-24 15:58:57 - Extracting SLA Data...
2018-05-24 15:58:59 - Ignoring NullPinterException in extract SLA Data
2018-05-24 15:58:59 - Deleting SLA for billCycle 022018
2018-05-24 15:59:08 - Creating SLA Data for billCycle 022018
2018-05-24 15:59:10 - SLA Batch Update Size is 2982
2018-05-24 15:59:55 - SLA Batch update: records updated = 
2018-05-24 16:00:01 - Extracting ITWR Data..
2018-05-24 16:05:25 - ITWR Data extracted..
2018-05-24 16:05:25 - Deleting ITWR Data..
2018-05-24 16:05:25 - ITWR Data couldn't be deleted, may be table is already empty
2018-05-24 16:05:26 - ITWR Batch Size is 1486
2018-05-24 16:05:38 - ITWR Batch update: records updated = 1486
2018-05-24 16:05:42 - Extracting WIASM Data...
2018-05-24 16:05:42 - WIASM Data extracted ...
2018-05-24 16:05:42 - Deleting WIASM Data..
2018-05-24 16:05:42 - WIASM data couldn't be deleted, may be table is already empty	
2018-05-24 16:05:42 - WIASM Batch Update Size is 355
2018-05-24 16:05:42 - WIASM Batch update: records updated = 355
2018-05-24 16:05:50 - Entry already exists in Group Approval Table for billCycle 022018
2018-05-24 16:06:06 - Group Approval Table has been reset for billCycle 022018
2018-05-24 16:08:00 - Datasource properties set for Dev environment...
2018-05-24 16:08:00 - Email properties set for biller application...
2018-05-24 16:08:01 - Authetication interceptor linked for biller application...
2018-05-24 16:08:02 - JDBCTemplate linked with datasource...
2018-05-24 16:08:03 - Datasource properties set for Dev environment...
2018-05-24 16:08:03 - Email properties set for biller application...
2018-05-24 16:08:03 - JDBCTemplate linked with datasource...
2018-05-24 16:08:03 - Authetication interceptor linked for biller application...
2018-05-24 18:04:44 - Creating user profile for vveera
2018-05-24 18:04:44 - User profile successfully created for  vveera
2018-05-24 18:04:44 - User logged in with ID vveera
2018-05-24 18:04:47 - Getting Active billCycle...
2018-05-24 18:04:47 - Getting group approvals for billCycle 022018
2018-05-24 18:05:00 - File uploading process started for:  billCycle 022018 datatype 0 reportWeekend 25-May-2018
2018-05-24 18:05:00 - Uploading Files...
2018-05-24 18:05:00 - Files uploaded successfully..
2018-05-24 18:05:00 - Files uploaded successfully..
2018-05-24 18:05:00 - Files uploaded successfully..
2018-05-24 18:05:00 - Files uploaded successfully..
2018-05-24 18:05:00 - Files uploaded successfully..
2018-05-24 18:05:00 - Creating ILC Datasheet..
2018-05-24 18:06:18 - ILC Data sheet created successfully
2018-05-24 18:06:18 - Extracting ILC Data..
2018-05-24 18:06:26 - Ignoring NullPointerException in Extract ILC Data
2018-05-24 18:06:26 - Deleting ILC Data...
2018-05-24 18:06:26 - Couldn't delete ILC Data, may be ILC Table is empty or there is no data to delete for bill cycle 022018
2018-05-24 18:06:26 - ILC Batch Update Size is 2982
2018-05-24 18:06:33 - ILC Batch update: records updated = 2982
2018-05-24 18:06:33 - Extracting ITWR Data..
2018-05-24 18:06:33 - ITWR Data extracted..
2018-05-24 18:06:33 - Deleting ITWR Data..
2018-05-24 18:06:33 - ITWR Data couldn't be deleted, may be table is already empty
2018-05-24 18:06:33 - ITWR Batch Size is 1486
2018-05-24 18:06:36 - ITWR Batch update: records updated = 1486
2018-05-24 18:06:36 - Extracting WIASM Data...
2018-05-24 18:06:37 - WIASM Data extracted ...
2018-05-24 18:06:37 - Deleting WIASM Data..
2018-05-24 18:06:37 - WIASM data couldn't be deleted, may be table is already empty	
2018-05-24 18:06:37 - WIASM Batch Update Size is 355
2018-05-24 18:06:37 - WIASM Batch update: records updated = 355
2018-05-24 18:06:43 - File uploading process started for:  billCycle 022018 datatype 1 reportWeekend 25-May-2018
2018-05-24 18:06:43 - Uploading Files...
2018-05-24 18:06:43 - Files uploaded successfully..
2018-05-24 18:06:43 - Files uploaded successfully..
2018-05-24 18:06:43 - Files uploaded successfully..
2018-05-24 18:06:43 - Files uploaded successfully..
2018-05-24 18:06:43 - Files uploaded successfully..
2018-05-24 18:06:43 - Entry already exists in Group Approval Table for billCycle 022018
2018-05-24 19:43:47 - User not Logged in.
2018-05-24 19:43:47 - User not Logged in.
2018-05-24 20:43:16 - Datasource properties set for Dev environment...
2018-05-24 22:18:26 - Datasource properties set for Dev environment...
2018-05-24 22:18:26 - Email properties set for biller application...
2018-05-24 22:18:27 - Authetication interceptor linked for biller application...
2018-05-24 22:18:28 - JDBCTemplate linked with datasource...
2018-05-24 22:18:28 - Datasource properties set for Dev environment...
2018-05-24 22:18:29 - Email properties set for biller application...
2018-05-24 22:18:29 - JDBCTemplate linked with datasource...
2018-05-24 22:18:29 - Authetication interceptor linked for biller application...
2018-05-24 22:18:43 - Creating user profile for adwivedi
2018-05-24 22:18:43 - User profile successfully created for  adwivedi
2018-05-24 22:18:43 - User logged in with ID adwivedi
2018-05-24 22:18:43 - Getting list of users whom adwivedi can delegate to
2018-05-24 22:18:43 - Delegate list prepared for adwivedi
2018-05-24 22:18:43 - Getting list of users who have delegated to adwivedi
2018-05-24 22:18:43 - There is no user who has delegated to adwivedi
2018-05-24 22:18:47 - Getting Active billCycle...
2018-05-24 22:18:47 - Getting group approvals for billCycle 022018
2018-05-24 22:18:56 - Reading ILC Data for billCycle 022018 and towerId 0 and account Id 1
2018-05-24 22:18:56 - Getting data for ResonsetDataEnvelope...
2018-05-24 22:18:56 - Getting ILC employee list for billCycle 022018 and towerId 0
2018-05-24 22:18:56 - Getting ILC Wekeend list for billCycle 022018 and towerId 0
2018-05-24 22:18:57 - Getting ILC Remakrs list for billCycle 022018 and towerId 0
2018-05-24 22:18:57 - Checking lock for billCycle 022018 towerID 0
2018-05-24 22:18:57 - No user found who had locked for billCycle 022018 towerID 0
2018-05-24 22:18:57 - Checking prior approval by userID adwivedi for billCyle 022018
2018-05-24 22:18:57 - ResonsetDataEnvelope ready...
2018-05-24 22:23:46 - Creating user profile for adwivedi
2018-05-24 22:23:46 - User profile successfully created for  adwivedi
2018-05-24 22:23:46 - User logged in with ID adwivedi
2018-05-24 22:23:46 - Getting list of users whom adwivedi can delegate to
2018-05-24 22:23:46 - Delegate list prepared for adwivedi
2018-05-24 22:23:46 - Getting list of users who have delegated to adwivedi
2018-05-24 22:23:46 - There is no user who has delegated to adwivedi
2018-05-24 22:23:50 - Getting Active billCycle...
2018-05-24 22:23:50 - Getting group approvals for billCycle 022018
2018-05-24 22:23:58 - Reading ILC Data for billCycle 022018 and towerId 0 and account Id 1
2018-05-24 22:23:58 - Getting data for ResonsetDataEnvelope...
2018-05-24 22:23:58 - Getting ILC employee list for billCycle 022018 and towerId 0
2018-05-24 22:23:59 - Getting ILC Wekeend list for billCycle 022018 and towerId 0
2018-05-24 22:23:59 - Getting ILC Remakrs list for billCycle 022018 and towerId 0
2018-05-24 22:23:59 - Checking lock for billCycle 022018 towerID 0
2018-05-24 22:23:59 - No user found who had locked for billCycle 022018 towerID 0
2018-05-24 22:23:59 - Checking prior approval by userID adwivedi for billCyle 022018
2018-05-24 22:23:59 - ResonsetDataEnvelope ready...
2018-05-24 22:27:18 - Creating user profile for adwivedi
2018-05-24 22:27:18 - User profile successfully created for  adwivedi
2018-05-24 22:27:18 - User logged in with ID adwivedi
2018-05-24 22:27:18 - Getting list of users whom adwivedi can delegate to
2018-05-24 22:27:18 - Delegate list prepared for adwivedi
2018-05-24 22:27:18 - Getting list of users who have delegated to adwivedi
2018-05-24 22:27:18 - There is no user who has delegated to adwivedi
2018-05-24 22:27:21 - Getting Active billCycle...
2018-05-24 22:27:21 - Getting group approvals for billCycle 022018
2018-05-24 22:27:26 - Reading ILC Data for billCycle 012017 and towerId 7 and account Id 1
2018-05-24 22:27:26 - Getting data for ResonsetDataEnvelope...
2018-05-24 22:27:26 - Getting ILC employee list for billCycle 012017 and towerId 7
2018-05-24 22:27:26 - Getting ILC Wekeend list for billCycle 012017 and towerId 7
2018-05-24 22:27:26 - Getting ILC Remakrs list for billCycle 012017 and towerId 7
2018-05-24 22:27:26 - Checking lock for billCycle 012017 towerID 7
2018-05-24 22:27:26 - Checking prior approval by userID adwivedi for billCyle 012017
2018-05-24 22:27:26 - ResonsetDataEnvelope ready...
2018-05-24 22:43:47 - Datasource properties set for Dev environment...
2018-05-24 22:43:47 - Email properties set for biller application...
2018-05-24 22:43:47 - Authetication interceptor linked for biller application...
2018-05-24 23:25:34 - Datasource properties set for Dev environment...
2018-05-24 23:25:34 - Email properties set for biller application...
2018-05-24 23:25:35 - Authetication interceptor linked for biller application...
2018-05-24 23:25:36 - JDBCTemplate linked with datasource...
2018-05-24 23:25:37 - Datasource properties set for Dev environment...
2018-05-24 23:25:37 - Email properties set for biller application...
2018-05-24 23:25:37 - JDBCTemplate linked with datasource...
2018-05-24 23:25:37 - Authetication interceptor linked for biller application...
2018-05-24 23:26:11 - Creating user profile for adwivedi
2018-05-24 23:26:12 - User profile successfully created for  adwivedi
2018-05-24 23:26:12 - User logged in with ID adwivedi
2018-05-24 23:26:12 - Getting list of users whom adwivedi can delegate to
2018-05-24 23:26:12 - Delegate list prepared for adwivedi
2018-05-24 23:26:12 - Getting list of users who have delegated to adwivedi
2018-05-24 23:26:12 - There is no user who has delegated to adwivedi
2018-05-24 23:26:16 - Getting Active billCycle...
2018-05-24 23:26:16 - Getting group approvals for billCycle 022018
2018-05-24 23:26:38 - Datasource properties set for Dev environment...
2018-05-24 23:26:38 - Email properties set for biller application...
2018-05-24 23:26:38 - Authetication interceptor linked for biller application...
2018-05-24 23:26:40 - JDBCTemplate linked with datasource...
2018-05-24 23:26:40 - Datasource properties set for Dev environment...
2018-05-24 23:26:40 - Email properties set for biller application...
2018-05-24 23:26:40 - JDBCTemplate linked with datasource...
2018-05-24 23:26:40 - Authetication interceptor linked for biller application...
2018-05-24 23:26:42 - Creating user profile for adwivedi
2018-05-24 23:26:42 - User profile successfully created for  adwivedi
2018-05-24 23:26:42 - User logged in with ID adwivedi
2018-05-24 23:26:42 - Getting list of users whom adwivedi can delegate to
2018-05-24 23:26:42 - Delegate list prepared for adwivedi
2018-05-24 23:26:42 - Getting list of users who have delegated to adwivedi
2018-05-24 23:26:42 - There is no user who has delegated to adwivedi
2018-05-24 23:26:46 - Getting Active billCycle...
2018-05-24 23:26:46 - Getting group approvals for billCycle 022018
2018-05-24 23:27:36 - Reading ILC Data for billCycle 022018 and towerId 0 and account Id 1
2018-05-24 23:27:36 - Getting data for ResonsetDataEnvelope...
2018-05-24 23:27:36 - Getting ILC employee list for billCycle 022018 and towerId 0
2018-05-24 23:27:36 - Getting ILC Wekeend list for billCycle 022018 and towerId 0
2018-05-24 23:27:36 - Getting ILC Remakrs list for billCycle 022018 and towerId 0
2018-05-24 23:27:37 - Checking lock for billCycle 022018 towerID 0
2018-05-24 23:27:37 - No user found who had locked for billCycle 022018 towerID 0
2018-05-24 23:27:37 - Checking prior approval by userID adwivedi for billCyle 022018
2018-05-24 23:27:37 - ResonsetDataEnvelope ready...
2018-05-24 23:28:58 - Datasource properties set for Dev environment...
2018-05-24 23:28:59 - Email properties set for biller application...
2018-05-24 23:28:59 - Authetication interceptor linked for biller application...
2018-05-24 23:29:00 - JDBCTemplate linked with datasource...
2018-05-24 23:29:01 - Datasource properties set for Dev environment...
2018-05-24 23:29:01 - Email properties set for biller application...
2018-05-24 23:29:01 - JDBCTemplate linked with datasource...
2018-05-24 23:29:01 - Authetication interceptor linked for biller application...
2018-05-24 23:29:34 - Datasource properties set for Dev environment...
2018-05-24 23:29:35 - Email properties set for biller application...
2018-05-24 23:29:35 - Authetication interceptor linked for biller application...
2018-05-24 23:29:36 - JDBCTemplate linked with datasource...
2018-05-24 23:29:37 - Datasource properties set for Dev environment...
2018-05-24 23:29:37 - Email properties set for biller application...
2018-05-24 23:29:37 - JDBCTemplate linked with datasource...
2018-05-24 23:29:37 - Authetication interceptor linked for biller application...
2018-05-24 23:29:49 - Datasource properties set for Dev environment...
2018-05-24 23:29:50 - Email properties set for biller application...
2018-05-24 23:29:50 - Authetication interceptor linked for biller application...
2018-05-24 23:29:51 - JDBCTemplate linked with datasource...
2018-05-24 23:29:52 - Datasource properties set for Dev environment...
2018-05-24 23:29:52 - Email properties set for biller application...
2018-05-24 23:29:52 - JDBCTemplate linked with datasource...
2018-05-24 23:29:52 - Authetication interceptor linked for biller application...
2018-05-24 23:30:26 - Datasource properties set for Dev environment...
2018-05-24 23:30:26 - Email properties set for biller application...
2018-05-24 23:30:27 - Authetication interceptor linked for biller application...
2018-05-24 23:30:28 - JDBCTemplate linked with datasource...
2018-05-24 23:30:28 - Datasource properties set for Dev environment...
2018-05-24 23:30:28 - Email properties set for biller application...
2018-05-24 23:30:29 - JDBCTemplate linked with datasource...
2018-05-24 23:30:29 - Authetication interceptor linked for biller application...
2018-05-24 23:30:38 - Creating user profile for adwivedi
2018-05-24 23:30:38 - User profile successfully created for  adwivedi
2018-05-24 23:30:38 - User logged in with ID adwivedi
2018-05-24 23:30:38 - Getting list of users whom adwivedi can delegate to
2018-05-24 23:30:38 - Delegate list prepared for adwivedi
2018-05-24 23:30:38 - Getting list of users who have delegated to adwivedi
2018-05-24 23:30:38 - There is no user who has delegated to adwivedi
2018-05-24 23:30:49 - Datasource properties set for Dev environment...
2018-05-24 23:30:49 - Email properties set for biller application...
2018-05-24 23:30:50 - Authetication interceptor linked for biller application...
2018-05-24 23:30:51 - JDBCTemplate linked with datasource...
2018-05-24 23:30:52 - Datasource properties set for Dev environment...
2018-05-24 23:30:52 - Email properties set for biller application...
2018-05-24 23:30:52 - JDBCTemplate linked with datasource...
2018-05-24 23:30:52 - Authetication interceptor linked for biller application...
2018-05-24 23:30:53 - Reading ILC Data for billCycle 022018 and towerId 0 and account Id 1
2018-05-24 23:30:53 - Getting Active billCycle...
2018-05-24 23:30:54 - Getting group approvals for billCycle 022018
2018-05-24 23:30:54 - Getting data for ResonsetDataEnvelope...
2018-05-24 23:30:54 - Getting ILC employee list for billCycle 022018 and towerId 0
2018-05-24 23:30:54 - Getting ILC Wekeend list for billCycle 022018 and towerId 0
2018-05-24 23:30:54 - Getting ILC Remakrs list for billCycle 022018 and towerId 0
2018-05-24 23:30:54 - Checking lock for billCycle 022018 towerID 0
2018-05-24 23:30:54 - No user found who had locked for billCycle 022018 towerID 0
2018-05-24 23:30:54 - Checking prior approval by userID adwivedi for billCyle 022018
2018-05-24 23:30:54 - ResonsetDataEnvelope ready...
2018-05-24 23:34:46 - Getting data for ResonsetDataEnvelope...
2018-05-24 23:34:46 - Getting SLA employee list for billCycle 062020 and towerId 0
2018-05-24 23:34:46 - Getting SLA WR list for billCycle 062020 and towerId 0
2018-05-24 23:34:46 - Getting SLA weekend list for billCycle 062020 and towerId 0
2018-05-24 23:34:46 - Checking lock for billCycle 062020 towerID 0
2018-05-24 23:34:47 - No user found who had locked for billCycle 062020 towerID 0
2018-05-24 23:34:47 - Checking prior approval by userID adwivedi for billCyle 062020
2018-05-24 23:34:47 - ResonsetDataEnvelope ready...
2018-05-24 23:40:26 - Exception handler executed
2018-05-24 23:42:23 - Datasource properties set for Dev environment...
2018-05-24 23:42:23 - Email properties set for biller application...
2018-05-24 23:42:23 - Authetication interceptor linked for biller application...
2018-05-24 23:42:25 - JDBCTemplate linked with datasource...
2018-05-24 23:42:25 - Datasource properties set for Dev environment...
2018-05-24 23:42:25 - Email properties set for biller application...
2018-05-24 23:42:25 - JDBCTemplate linked with datasource...
2018-05-24 23:42:25 - Authetication interceptor linked for biller application...
2018-05-24 23:42:41 - Datasource properties set for Dev environment...
2018-05-24 23:42:41 - Email properties set for biller application...
2018-05-24 23:42:42 - Authetication interceptor linked for biller application...
2018-05-24 23:42:43 - JDBCTemplate linked with datasource...
2018-05-24 23:42:44 - Datasource properties set for Dev environment...
2018-05-24 23:42:44 - Email properties set for biller application...
2018-05-24 23:42:44 - JDBCTemplate linked with datasource...
2018-05-24 23:42:44 - Authetication interceptor linked for biller application...
2018-05-24 23:43:15 - Creating user profile for adwivedi
2018-05-24 23:43:15 - User profile successfully created for  adwivedi
2018-05-24 23:43:15 - User logged in with ID adwivedi
2018-05-24 23:43:15 - Getting list of users whom adwivedi can delegate to
2018-05-24 23:43:15 - Delegate list prepared for adwivedi
2018-05-24 23:43:15 - Getting list of users who have delegated to adwivedi
2018-05-24 23:43:15 - There is no user who has delegated to adwivedi
2018-05-24 23:43:22 - Getting Active billCycle...
2018-05-24 23:43:22 - Getting group approvals for billCycle 022018
2018-05-24 23:43:38 - Getting data for ResonsetDataEnvelope...
2018-05-24 23:43:38 - Getting SLA employee list for billCycle 062020 and towerId 0
2018-05-24 23:43:38 - Getting SLA WR list for billCycle 062020 and towerId 0
2018-05-24 23:43:38 - Getting SLA weekend list for billCycle 062020 and towerId 0
2018-05-24 23:43:38 - Checking lock for billCycle 062020 towerID 0
2018-05-24 23:43:38 - No user found who had locked for billCycle 062020 towerID 0
2018-05-24 23:43:38 - Checking prior approval by userID adwivedi for billCyle 062020
2018-05-24 23:43:38 - ResonsetDataEnvelope ready...
2018-05-24 23:46:47 - Datasource properties set for Dev environment...
2018-05-24 23:46:47 - Email properties set for biller application...
2018-05-24 23:46:48 - Authetication interceptor linked for biller application...
2018-05-24 23:46:49 - JDBCTemplate linked with datasource...
2018-05-24 23:46:49 - Datasource properties set for Dev environment...
2018-05-24 23:46:49 - Email properties set for biller application...
2018-05-24 23:46:50 - JDBCTemplate linked with datasource...
2018-05-24 23:46:50 - Authetication interceptor linked for biller application...
2018-05-24 23:47:46 - Datasource properties set for Dev environment...
2018-05-24 23:47:46 - Email properties set for biller application...
2018-05-24 23:47:47 - Authetication interceptor linked for biller application...
2018-05-24 23:47:48 - JDBCTemplate linked with datasource...
2018-05-24 23:47:48 - Datasource properties set for Dev environment...
2018-05-24 23:47:49 - Email properties set for biller application...
2018-05-24 23:47:49 - JDBCTemplate linked with datasource...
2018-05-24 23:47:49 - Authetication interceptor linked for biller application...
2018-05-24 23:48:05 - Datasource properties set for Dev environment...
2018-05-24 23:48:05 - Email properties set for biller application...
2018-05-24 23:48:06 - Authetication interceptor linked for biller application...
2018-05-24 23:48:07 - JDBCTemplate linked with datasource...
2018-05-24 23:48:08 - Datasource properties set for Dev environment...
2018-05-24 23:48:08 - Email properties set for biller application...
2018-05-24 23:48:08 - JDBCTemplate linked with datasource...
2018-05-24 23:48:08 - Authetication interceptor linked for biller application...
2018-05-24 23:48:16 - Creating user profile for adwivedi
2018-05-24 23:48:16 - User profile successfully created for  adwivedi
2018-05-24 23:48:16 - User logged in with ID adwivedi
2018-05-24 23:48:16 - Getting list of users whom adwivedi can delegate to
2018-05-24 23:48:16 - Delegate list prepared for adwivedi
2018-05-24 23:48:16 - Getting list of users who have delegated to adwivedi
2018-05-24 23:48:16 - There is no user who has delegated to adwivedi
2018-05-24 23:48:23 - Getting Active billCycle...
2018-05-24 23:48:23 - Getting group approvals for billCycle 022018
2018-05-24 23:48:32 - Getting data for ResonsetDataEnvelope...
2018-05-24 23:48:32 - Getting SLA employee list for billCycle 022018 and towerId 0
2018-05-24 23:48:32 - Getting SLA WR list for billCycle 022018 and towerId 0
2018-05-24 23:48:32 - Getting SLA weekend list for billCycle 022018 and towerId 0
2018-05-24 23:48:32 - Checking lock for billCycle 022018 towerID 0
2018-05-24 23:48:32 - No user found who had locked for billCycle 022018 towerID 0
2018-05-24 23:48:32 - Checking prior approval by userID adwivedi for billCyle 022018
2018-05-24 23:48:32 - ResonsetDataEnvelope ready...
2018-05-24 23:50:27 - Datasource properties set for Dev environment...
2018-05-24 23:50:28 - Email properties set for biller application...
2018-05-24 23:50:28 - Authetication interceptor linked for biller application...
2018-05-24 23:50:29 - JDBCTemplate linked with datasource...
2018-05-24 23:50:30 - Datasource properties set for Dev environment...
2018-05-24 23:50:30 - Email properties set for biller application...
2018-05-24 23:50:30 - JDBCTemplate linked with datasource...
2018-05-24 23:50:30 - Authetication interceptor linked for biller application...
