2018-04-18 00:06:25 - UserId: adwivedi | Password: test1234
2018-04-18 00:06:34 - UserId: adwivedi | Password: test1234
2018-04-18 00:07:18 - UserId: adwivedi | Password: test1234
2018-04-18 00:08:57 - UserId: adwivedi | Password: test1234
2018-04-18 00:09:27 - UserId: adwivedi | Password: test1234
2018-04-18 00:09:53 - UserId: adwivedi | Password: test1234
2018-04-18 00:12:02 - UserId: adwivedi | Password: test1234
2018-04-18 12:26:04 - UserId: adwivedi | Password: test1234
2018-04-18 12:36:37 - UserId: ssbram | Password: test1234
2018-04-18 12:39:24 - UserId: ssbram | Password: test1234
2018-04-18 14:37:57 - UserId: gps | Password: test1234
2018-04-18 14:42:14 - UserId: adwivedi | Password: test1234
2018-04-18 14:42:51 - UserId: gps | Password: test1234
2018-04-18 14:42:59 - UserId: jpai | Password: test1234
2018-04-18 14:43:27 - UserId: spadhi | Password: test1234
2018-04-18 15:08:25 - Inactive session. Logged out.
2018-04-18 15:08:27 - UserId: adwivedi | Password: test1234
2018-04-18 15:16:28 - UserId: adwivedi | Password: test1234
2018-04-18 15:16:34 - UserId: adwivedi | Password: test1234
2018-04-18 15:17:11 - UserId: spadhi | Password: test1234
2018-04-18 15:17:56 - UserId: rkumar | Password: test1234
2018-04-18 15:19:46 - UserId: rkumar | Password: test1234
2018-04-18 15:20:39 - UserId: adwivedi | Password: test1234
2018-04-18 15:21:27 - UserId: adwivedi | Password: test1234
2018-04-18 15:21:55 - UserId: rkumar | Password: test1234
2018-04-18 15:23:29 - UserId: rkumar | Password: test1234
2018-04-18 15:27:24 - UserId: rkumar | Password: test1234
2018-04-18 15:34:09 - UserId: rkumar | Password: test1234
2018-04-18 15:47:10 - User not Logged in.
2018-04-18 15:47:35 - User not Logged in.
2018-04-18 15:48:55 - Inactive session. Logged out.
2018-04-18 15:49:05 - UserId: rkumar | Password: test1234
2018-04-18 16:02:25 - Inactive session. Logged out.
2018-04-18 16:07:27 - UserId: adwivedi | Password: test1234
2018-04-18 16:07:37 - UserId: adwivedi | Password: test1234
2018-04-18 16:14:50 - Inactive session. Logged out.
2018-04-18 16:15:01 - UserId: adwivedi | Password: test1234
2018-04-18 16:19:37 - Inactive session. Logged out.
2018-04-18 16:20:09 - UserId: adwivedi | Password: test1234
2018-04-18 16:25:11 - Inactive session. Logged out.
2018-04-18 17:36:34 - UserId: adwivedi | Password: test1234
2018-04-18 17:38:04 - Inactive session. Logged out.
2018-04-18 17:55:52 - Inactive session. Logged out.
2018-04-18 17:56:12 - UserId: adwivedi | Password: test1234
2018-04-18 17:59:04 - Inactive session. Logged out.
2018-04-18 18:02:42 - Inactive session. Logged out.
2018-04-18 18:04:29 - UserId: adwivedi | Password: test1234
2018-04-18 18:05:56 - Inactive session. Logged out.
2018-04-18 18:17:55 - Inactive session. Logged out.
2018-04-18 18:18:19 - UserId: adwivedi | Password: test1234
2018-04-18 18:19:42 - Inactive session. Logged out.
2018-04-18 18:21:32 - UserId: adwivedi | Password: test1234
2018-04-18 18:24:18 - Inactive session. Logged out.
2018-04-18 18:24:59 - User not Logged in.
2018-04-18 18:25:11 - User not Logged in.
2018-04-18 21:43:27 - User not Logged in.
2018-04-18 21:43:37 - User not Logged in.
2018-04-18 21:44:23 - User not Logged in.
2018-04-18 21:47:51 - Inactive session. Logged out.
2018-04-18 23:19:44 - UserId: adwivedi | Password: test1234
2018-04-18 23:26:47 - Inactive session. Logged out.
2018-04-18 23:27:13 - UserId: adwivedi | Password: test1234
2018-04-18 23:27:37 - UserId: adwivedi | Password: test1234
2018-04-18 23:28:02 - UserId: rkumar | Password: test1234
2018-04-18 23:31:30 - UserId: rkumar | Password: test1234
2018-04-18 23:33:00 - UserId: rkumar | Password: test1234
2018-04-18 23:37:17 - UserId: rkumar | Password: test1234
2018-04-18 23:38:34 - UserId: rkumar | Password: test1234
2018-04-18 23:41:06 - UserId: rkumar | Password: test1234
2018-04-18 23:44:47 - UserId: rkumar | Password: test1234
2018-04-18 23:55:00 - UserId: rkumar | Password: test1234
2018-04-18 23:57:41 - UserId: rkumar | Password: test1234
2018-04-19 00:06:32 - UserId: rkumar | Password: test1234
2018-04-19 00:08:51 - UserId: rkumar | Password: test1234
2018-04-19 00:10:07 - UserId: rkumar | Password: test1234
2018-04-19 00:13:37 - UserId: rkumar | Password: test1234
2018-04-19 00:14:51 - UserId: rkumar | Password: test1234
2018-04-19 00:15:37 - UserId: rkumar | Password: test1234
2018-04-19 00:17:05 - UserId: adwivedi | Password: test1234
2018-04-19 00:17:22 - UserId: rkumar | Password: test1234
2018-04-19 00:18:42 - UserId: rkumar | Password: test1234
2018-04-19 11:11:46 - UserId: adwivedi | Password: test1234
2018-04-19 11:12:09 - UserId: rkumar | Password: test1234
2018-04-19 11:13:27 - UserId: rkumar | Password: test1234
2018-04-19 11:18:46 - UserId: rkumar | Password: test1234
2018-04-19 11:19:35 - UserId: rkumar | Password: test1234
2018-04-19 11:22:14 - UserId: rkumar | Password: test1234
2018-04-19 11:23:08 - UserId: rkumar | Password: test1234
2018-04-19 11:23:41 - UserId: adwivedi | Password: test1234
2018-04-19 13:35:45 - UserId: rkumar | Password: test1234
2018-04-19 22:39:01 - UserId: rkumar | Password: test1234
2018-04-19 23:09:01 - Inactive session. Logged out.
2018-04-19 23:09:08 - UserId: rkumar | Password: test1234
2018-04-19 23:09:19 - UserId: rkumar | Password: test1234
2018-04-19 23:11:48 - UserId: rkumar | Password: test1234
2018-04-19 23:14:25 - UserId: rkumar | Password: test1234
2018-04-19 23:27:49 - UserId: rkumar | Password: test1234
2018-04-19 23:38:21 - Inactive session. Logged out.
2018-04-19 23:38:28 - UserId: rkumar | Password: test1234
2018-04-19 23:45:20 - UserId: rkumar | Password: test1234
2018-04-20 00:11:44 - Inactive session. Logged out.
2018-04-20 00:11:51 - UserId: rkumar | Password: test1234
2018-04-20 00:19:23 - UserId: rkumar | Password: test1234
2018-04-20 16:19:04 - UserId: rkumar | Password: test1234
2018-04-20 16:50:59 - Inactive session. Logged out.
2018-04-20 16:51:02 - UserId: adwivedi | Password: test1234
2018-04-20 16:55:21 - UserId: adwivedi | Password: test1234
2018-04-20 16:55:39 - UserId: adwivedi | Password: test1234
2018-04-20 16:56:22 - UserId: adwivedi | Password: test1234
2018-04-20 16:57:39 - UserId: adwivedi | Password: test1234
2018-04-20 16:57:56 - UserId: adwivedi | Password: test1234
2018-04-20 16:58:15 - UserId: adwivedi | Password: test1234
2018-04-20 16:58:31 - UserId: adwivedi | Password: test1234
2018-04-20 17:03:37 - UserId: adwivedi | Password: test1234
2018-04-20 17:03:57 - UserId: adwivedi | Password: test1234
2018-04-20 17:04:17 - UserId: adwivedi | Password: test1234
2018-04-20 17:04:43 - UserId: adwivedi | Password: test1234
2018-04-20 17:05:48 - UserId: adwivedi | Password: test1234
2018-04-20 17:18:21 - Inactive session. Logged out.
2018-04-20 17:18:23 - UserId: adwivedi | Password: test1234
2018-04-20 17:24:21 - UserId: adwivedi | Password: test1234
2018-04-20 18:03:11 - UserId: adwivedi | Password: test1234
2018-04-20 18:03:21 - UserId: adwivedi | Password: test1234
2018-04-20 18:04:15 - UserId: adwivedi | Password: test1234
2018-04-20 18:04:37 - UserId: adwivedi | Password: test1234
2018-04-20 18:04:51 - UserId: adwivedi | Password: test1234
2018-04-20 18:09:26 - UserId: adwivedi | Password: test1234
2018-04-20 18:09:43 - UserId: adwivedi | Password: test1234
2018-04-20 18:12:00 - UserId: adwivedi | Password: test1234
2018-04-20 18:13:06 - UserId: adwivedi | Password: test1234
2018-04-20 18:13:27 - UserId: adwivedi | Password: test1234
2018-04-20 18:14:38 - UserId: adwivedi | Password: test1234
2018-04-20 18:14:52 - UserId: adwivedi | Password: test1234
2018-04-20 18:15:00 - UserId: adwivedi | Password: test1234
2018-04-20 18:15:22 - UserId: adwivedi | Password: test1234
2018-04-20 18:15:42 - UserId: adwivedi | Password: test1234
2018-04-20 19:15:56 - UserId: adwivedi | Password: test1234
2018-04-20 19:16:12 - UserId: adwivedi | Password: test1234
2018-04-20 19:19:06 - UserId: adwivedi | Password: test1234
2018-04-20 19:19:14 - UserId: adwivedi | Password: test1234
2018-04-20 19:36:14 - UserId: adwivedi | Password: test1234
2018-04-20 19:37:38 - UserId: adwivedi | Password: test1234
2018-04-20 21:34:52 - UserId: adwivedi | Password: test1234
2018-04-20 21:35:33 - UserId: adwivedi | Password: test1234
2018-04-20 21:35:33 - User not Logged in.
2018-04-20 21:35:36 - UserId: adwivedi | Password: test1234
2018-04-20 21:35:36 - User not Logged in.
2018-04-20 21:35:38 - UserId: adwivedi | Password: test1234
2018-04-20 21:35:39 - User not Logged in.
2018-04-20 21:35:41 - UserId: adwivedi | Password: test1234
2018-04-20 21:35:41 - User not Logged in.
2018-04-20 21:36:31 - UserId: adwivedi | Password: test1234
2018-04-20 21:36:31 - User not Logged in.
2018-04-20 21:36:50 - User not Logged in.
2018-04-20 21:45:14 - UserId: adwivedi | Password: test1234
2018-04-20 21:49:45 - UserId: rkumar | Password: test1234
2018-04-20 22:23:24 - User not Logged in.
2018-04-20 22:23:50 - UserId: rkumar | Password: test1234
2018-04-20 22:26:47 - UserId: rkumar | Password: test1234
2018-04-20 22:28:00 - UserId: rkumar | Password: test1234
2018-04-20 22:55:54 - Inactive session. Logged out.
2018-04-20 22:56:01 - UserId: rkumar | Password: test1234
2018-04-21 00:15:19 - UserId: adwivedi | Password: test1234
2018-04-21 00:15:19 - Exception in login controller: 
org.springframework.jdbc.BadSqlGrammarException: PreparedStatementCallback; bad SQL grammar [SELECT usr.user_id, concate(usr.first_Name,' ',usr.middle_Name, if(usr.middle_Name<> '' , ' ' , '' ),usr.last_Name) as Name, usr.role_id, role.role_short_desc FROM biller.blr_user usr LEFT JOIN biller.blr_role role ON usr.role_id=role.role_id WHERE usr.user_id = ?]; nested exception is java.sql.SQLSyntaxErrorException: FUNCTION biller.concate does not exist
	at org.springframework.jdbc.support.SQLExceptionSubclassTranslator.doTranslate(SQLExceptionSubclassTranslator.java:91) ~[spring-jdbc-4.3.9.RELEASE.jar:4.3.9.RELEASE]
	at org.springframework.jdbc.support.AbstractFallbackSQLExceptionTranslator.translate(AbstractFallbackSQLExceptionTranslator.java:73) ~[spring-jdbc-4.3.9.RELEASE.jar:4.3.9.RELEASE]
	at org.springframework.jdbc.support.AbstractFallbackSQLExceptionTranslator.translate(AbstractFallbackSQLExceptionTranslator.java:81) ~[spring-jdbc-4.3.9.RELEASE.jar:4.3.9.RELEASE]
	at org.springframework.jdbc.core.JdbcTemplate.execute(JdbcTemplate.java:649) ~[spring-jdbc-4.3.9.RELEASE.jar:4.3.9.RELEASE]
	at org.springframework.jdbc.core.JdbcTemplate.query(JdbcTemplate.java:684) ~[spring-jdbc-4.3.9.RELEASE.jar:4.3.9.RELEASE]
	at org.springframework.jdbc.core.JdbcTemplate.query(JdbcTemplate.java:716) ~[spring-jdbc-4.3.9.RELEASE.jar:4.3.9.RELEASE]
	at org.springframework.jdbc.core.JdbcTemplate.query(JdbcTemplate.java:726) ~[spring-jdbc-4.3.9.RELEASE.jar:4.3.9.RELEASE]
	at org.springframework.jdbc.core.JdbcTemplate.queryForObject(JdbcTemplate.java:794) ~[spring-jdbc-4.3.9.RELEASE.jar:4.3.9.RELEASE]
	at com.app.biller.dao.UserDaoImpl.createUserProfile(UserDaoImpl.java:87) ~[classes/:na]
	at com.app.biller.services.LoginServiceImpl.validateCredentials(LoginServiceImpl.java:23) ~[classes/:na]
	at com.app.biller.controller.LoginController.processLogin(LoginController.java:62) ~[classes/:na]
	at sun.reflect.NativeMethodAccessorImpl.invoke0(Native Method) ~[na:1.8.0_144]
	at sun.reflect.NativeMethodAccessorImpl.invoke(Unknown Source) ~[na:1.8.0_144]
	at sun.reflect.DelegatingMethodAccessorImpl.invoke(Unknown Source) ~[na:1.8.0_144]
	at java.lang.reflect.Method.invoke(Unknown Source) ~[na:1.8.0_144]
	at org.springframework.web.method.support.InvocableHandlerMethod.doInvoke(InvocableHandlerMethod.java:205) [spring-web-4.3.9.RELEASE.jar:4.3.9.RELEASE]
	at org.springframework.web.method.support.InvocableHandlerMethod.invokeForRequest(InvocableHandlerMethod.java:133) [spring-web-4.3.9.RELEASE.jar:4.3.9.RELEASE]
	at org.springframework.web.servlet.mvc.method.annotation.ServletInvocableHandlerMethod.invokeAndHandle(ServletInvocableHandlerMethod.java:97) [spring-webmvc-4.3.9.RELEASE.jar:4.3.9.RELEASE]
	at org.springframework.web.servlet.mvc.method.annotation.RequestMappingHandlerAdapter.invokeHandlerMethod(RequestMappingHandlerAdapter.java:827) [spring-webmvc-4.3.9.RELEASE.jar:4.3.9.RELEASE]
	at org.springframework.web.servlet.mvc.method.annotation.RequestMappingHandlerAdapter.handleInternal(RequestMappingHandlerAdapter.java:738) [spring-webmvc-4.3.9.RELEASE.jar:4.3.9.RELEASE]
	at org.springframework.web.servlet.mvc.method.AbstractHandlerMethodAdapter.handle(AbstractHandlerMethodAdapter.java:85) [spring-webmvc-4.3.9.RELEASE.jar:4.3.9.RELEASE]
	at org.springframework.web.servlet.DispatcherServlet.doDispatch(DispatcherServlet.java:967) [spring-webmvc-4.3.9.RELEASE.jar:4.3.9.RELEASE]
	at org.springframework.web.servlet.DispatcherServlet.doService(DispatcherServlet.java:901) [spring-webmvc-4.3.9.RELEASE.jar:4.3.9.RELEASE]
	at org.springframework.web.servlet.FrameworkServlet.processRequest(FrameworkServlet.java:970) [spring-webmvc-4.3.9.RELEASE.jar:4.3.9.RELEASE]
	at org.springframework.web.servlet.FrameworkServlet.doPost(FrameworkServlet.java:872) [spring-webmvc-4.3.9.RELEASE.jar:4.3.9.RELEASE]
	at javax.servlet.http.HttpServlet.service(HttpServlet.java:660) [servlet-api.jar:na]
	at org.springframework.web.servlet.FrameworkServlet.service(FrameworkServlet.java:846) [spring-webmvc-4.3.9.RELEASE.jar:4.3.9.RELEASE]
	at javax.servlet.http.HttpServlet.service(HttpServlet.java:741) [servlet-api.jar:na]
	at org.apache.catalina.core.ApplicationFilterChain.internalDoFilter(ApplicationFilterChain.java:231) [catalina.jar:9.0.0.M26]
	at org.apache.catalina.core.ApplicationFilterChain.doFilter(ApplicationFilterChain.java:166) [catalina.jar:9.0.0.M26]
	at org.apache.tomcat.websocket.server.WsFilter.doFilter(WsFilter.java:53) [tomcat-websocket.jar:9.0.0.M26]
	at org.apache.catalina.core.ApplicationFilterChain.internalDoFilter(ApplicationFilterChain.java:193) [catalina.jar:9.0.0.M26]
	at org.apache.catalina.core.ApplicationFilterChain.doFilter(ApplicationFilterChain.java:166) [catalina.jar:9.0.0.M26]
	at org.apache.catalina.core.StandardWrapperValve.invoke(StandardWrapperValve.java:199) [catalina.jar:9.0.0.M26]
	at org.apache.catalina.core.StandardContextValve.invoke(StandardContextValve.java:96) [catalina.jar:9.0.0.M26]
	at org.apache.catalina.authenticator.AuthenticatorBase.invoke(AuthenticatorBase.java:475) [catalina.jar:9.0.0.M26]
	at org.apache.catalina.core.StandardHostValve.invoke(StandardHostValve.java:140) [catalina.jar:9.0.0.M26]
	at org.apache.catalina.valves.ErrorReportValve.invoke(ErrorReportValve.java:80) [catalina.jar:9.0.0.M26]
	at org.apache.catalina.valves.AbstractAccessLogValve.invoke(AbstractAccessLogValve.java:651) [catalina.jar:9.0.0.M26]
	at org.apache.catalina.core.StandardEngineValve.invoke(StandardEngineValve.java:87) [catalina.jar:9.0.0.M26]
	at org.apache.catalina.connector.CoyoteAdapter.service(CoyoteAdapter.java:342) [catalina.jar:9.0.0.M26]
	at org.apache.coyote.http11.Http11Processor.service(Http11Processor.java:498) [tomcat-coyote.jar:9.0.0.M26]
	at org.apache.coyote.AbstractProcessorLight.process(AbstractProcessorLight.java:66) [tomcat-coyote.jar:9.0.0.M26]
	at org.apache.coyote.AbstractProtocol$ConnectionHandler.process(AbstractProtocol.java:796) [tomcat-coyote.jar:9.0.0.M26]
	at org.apache.tomcat.util.net.NioEndpoint$SocketProcessor.doRun(NioEndpoint.java:1374) [tomcat-coyote.jar:9.0.0.M26]
	at org.apache.tomcat.util.net.SocketProcessorBase.run(SocketProcessorBase.java:49) [tomcat-coyote.jar:9.0.0.M26]
	at java.util.concurrent.ThreadPoolExecutor.runWorker(Unknown Source) [na:1.8.0_144]
	at java.util.concurrent.ThreadPoolExecutor$Worker.run(Unknown Source) [na:1.8.0_144]
	at org.apache.tomcat.util.threads.TaskThread$WrappingRunnable.run(TaskThread.java:61) [tomcat-util.jar:9.0.0.M26]
	at java.lang.Thread.run(Unknown Source) [na:1.8.0_144]
Caused by: java.sql.SQLSyntaxErrorException: FUNCTION biller.concate does not exist
	at com.mysql.cj.jdbc.exceptions.SQLError.createSQLException(SQLError.java:536) ~[mysql-connector-java-6.0.6.jar:6.0.6]
	at com.mysql.cj.jdbc.exceptions.SQLError.createSQLException(SQLError.java:513) ~[mysql-connector-java-6.0.6.jar:6.0.6]
	at com.mysql.cj.jdbc.exceptions.SQLExceptionsMapping.translateException(SQLExceptionsMapping.java:115) ~[mysql-connector-java-6.0.6.jar:6.0.6]
	at com.mysql.cj.jdbc.ConnectionImpl.execSQL(ConnectionImpl.java:1983) ~[mysql-connector-java-6.0.6.jar:6.0.6]
	at com.mysql.cj.jdbc.PreparedStatement.executeInternal(PreparedStatement.java:1826) ~[mysql-connector-java-6.0.6.jar:6.0.6]
	at com.mysql.cj.jdbc.PreparedStatement.executeQuery(PreparedStatement.java:1923) ~[mysql-connector-java-6.0.6.jar:6.0.6]
	at org.springframework.jdbc.core.JdbcTemplate$1.doInPreparedStatement(JdbcTemplate.java:692) ~[spring-jdbc-4.3.9.RELEASE.jar:4.3.9.RELEASE]
	at org.springframework.jdbc.core.JdbcTemplate.execute(JdbcTemplate.java:633) ~[spring-jdbc-4.3.9.RELEASE.jar:4.3.9.RELEASE]
	... 46 common frames omitted
2018-04-21 00:19:00 - UserId: adwivedi | Password: test1234
2018-04-21 00:41:25 - Inactive session. Logged out.
2018-04-21 00:41:32 - UserId: rkumar | Password: test1234
2018-04-21 02:10:21 - UserId: rkumar | Password: test1234
2018-04-21 02:21:40 - UserId: rkumar | Password: test1234
2018-04-21 02:24:00 - UserId: rkumar | Password: test1234
2018-04-21 02:24:50 - UserId: rkumar | Password: test1234
2018-04-21 02:32:36 - UserId: rkumar | Password: test1234
2018-04-21 02:33:34 - UserId: rkumar | Password: test1234
2018-04-21 02:34:49 - UserId: rkumar | Password: test1234
2018-04-21 02:39:39 - UserId: rkumar | Password: test1234
2018-04-21 02:48:48 - UserId: rkumar | Password: test1234
2018-04-21 02:50:16 - UserId: rkumar | Password: test1234
2018-04-21 02:52:08 - UserId: rkumar | Password: test1234
2018-04-21 02:57:19 - UserId: rkumar | Password: test1234
2018-04-21 02:57:51 - UserId: rkumar | Password: test1234
2018-04-21 02:58:31 - UserId: rkumar | Password: test1234
2018-04-21 03:00:50 - UserId: rkumar | Password: test1234
2018-04-21 14:54:18 - UserId: rkumar | Password: test1234
2018-04-21 15:04:02 - UserId: rkumar | Password: test1234
2018-04-21 15:17:41 - UserId: rkumar | Password: test1234
2018-04-21 16:32:21 - UserId: adwivedi | Password: test1234
2018-04-21 16:32:33 - UserId: rkumar | Password: test1234
2018-04-21 16:33:19 - UserId: rkumar | Password: test1234
2018-04-21 16:35:57 - UserId: rkumar | Password: test1234
2018-04-21 16:46:20 - UserId: rkumar | Password: test1234
2018-04-21 17:16:35 - Inactive session. Logged out.
2018-04-21 17:16:38 - UserId: adwivedi | Password: test1234
2018-04-21 18:16:13 - User not Logged in.
2018-04-21 18:16:26 - User not Logged in.
2018-04-21 18:16:37 - User not Logged in.
2018-04-21 19:59:17 - UserId: adwivedi | Password: test1234
2018-04-21 19:59:23 - UserId: adwivedi | Password: test1234
2018-04-21 20:00:54 - UserId: adwivedi | Password: test1234
2018-04-21 20:42:36 - UserId: adwivedi | Password: test1234
2018-04-21 20:42:50 - UserId: adwivedi | Password: test1234
2018-04-21 20:45:09 - UserId: adwivedi | Password: test1234
2018-04-21 20:50:34 - UserId: adwivedi | Password: test1234
2018-04-21 20:53:02 - UserId: adwivedi | Password: test1234
2018-04-21 20:56:27 - UserId: adwivedi | Password: test1234
2018-04-21 21:00:39 - UserId: adwivedi | Password: test1234
2018-04-22 09:48:47 - UserId: adwivedi | Password: test1234
2018-04-22 09:49:04 - UserId: adwivedi | Password: test1234
2018-04-22 09:49:48 - UserId: rkumar | Password: test1234
2018-04-22 10:23:16 - User not Logged in.
2018-04-22 10:23:19 - UserId: rkumar | Password: test1234
2018-04-22 10:29:56 - UserId: rkumar | Password: test1234
2018-04-22 10:37:00 - UserId: rkumar | Password: test1234
2018-04-22 10:40:42 - UserId: rkumar | Password: test1234
2018-04-22 10:45:48 - UserId: rkumar | Password: test1234
2018-04-22 10:49:58 - UserId: rkumar | Password: test1234
2018-04-22 10:54:04 - UserId: rkumar | Password: test1234
2018-04-22 11:00:57 - UserId: rkumar | Password: test1234
2018-04-22 11:01:40 - UserId: rkumar | Password: test1234
2018-04-22 11:05:31 - UserId: rkumar | Password: test1234
2018-04-22 11:06:36 - UserId: rkumar | Password: test1234
2018-04-22 11:10:21 - UserId: rkumar | Password: test1234
2018-04-22 11:13:32 - UserId: rkumar | Password: test1234
2018-04-22 11:51:15 - UserId: rkumar | Password: test1234
2018-04-22 11:52:36 - UserId: rkumar | Password: test1234
2018-04-22 11:56:28 - UserId: rkumar | Password: test1234
2018-04-22 11:57:56 - UserId: rkumar | Password: test1234
2018-04-22 12:08:51 - Inactive session. Logged out.
2018-04-22 12:08:54 - UserId: adwivedi | Password: test1234
2018-04-22 12:09:10 - UserId: adwivedi | Password: test1234
2018-04-22 12:11:46 - UserId: adwivedi | Password: test1234
2018-04-22 12:22:26 - Inactive session. Logged out.
2018-04-22 12:22:28 - UserId: adwivedi | Password: test1234
2018-04-22 14:24:08 - UserId: adwivedi | Password: test1234
2018-04-22 14:27:21 - UserId: adwivedi | Password: test1234
2018-04-22 14:38:03 - Inactive session. Logged out.
2018-04-22 14:38:06 - UserId: adwivedi | Password: test1234
2018-04-22 14:39:39 - UserId: adwivedi | Password: test1234
2018-04-22 14:42:41 - UserId: adwivedi | Password: test1234
2018-04-22 14:50:53 - UserId: adwivedi | Password: test1234
2018-04-22 14:51:52 - UserId: adwivedi | Password: test1234
2018-04-22 14:55:03 - UserId: adwivedi | Password: test1234
2018-04-22 14:57:29 - UserId: adwivedi | Password: test1234
2018-04-22 15:09:22 - Inactive session. Logged out.
2018-04-22 15:09:25 - UserId: adwivedi | Password: test1234
2018-04-22 15:09:32 - UserId: adwivedi | Password: test1234
2018-04-22 15:12:23 - UserId: adwivedi | Password: test1234
2018-04-22 15:14:44 - UserId: adwivedi | Password: test1234
2018-04-22 20:37:54 - UserId: adwivedi | Password: test1234
2018-04-22 21:03:27 - Inactive session. Logged out.
2018-04-22 21:03:32 - UserId: rkumar | Password: test1234
2018-04-22 21:04:03 - UserId: rkumar | Password: test1234
2018-04-22 21:05:59 - UserId: rkumar | Password: test1234
2018-04-22 21:08:19 - UserId: rkumar | Password: test1234
2018-04-22 21:20:10 - UserId: rkumar | Password: test1234
2018-04-22 21:23:17 - UserId: rkumar | Password: test1234
2018-04-22 21:24:39 - UserId: rkumar | Password: test1234
2018-04-22 21:27:37 - UserId: rkumar | Password: test1234
2018-04-22 21:28:20 - UserId: rkumar | Password: test1234
2018-04-22 22:07:40 - UserId: adwivedi | Password: test1234
2018-04-22 22:08:04 - UserId: adwivedi | Password: test1234
2018-04-22 22:08:34 - UserId: rkumar | Password: test1234
2018-04-22 22:10:06 - UserId: rkumar | Password: test1234
2018-04-22 22:57:04 - UserId: rkumar | Password: test1234
2018-04-22 22:58:42 - UserId: adwivedi | Password: test1234
2018-04-22 23:13:43 - Inactive session. Logged out.
2018-04-22 23:13:49 - UserId: adwivedi | Password: test1234
2018-04-22 23:13:54 - UserId: adwivedi | Password: test1234
2018-04-22 23:18:17 - UserId: adwivedi | Password: test1234
2018-04-22 23:18:23 - UserId: adwivedi | Password: test1234
2018-04-22 23:19:02 - UserId: adwivedi | Password: test1234
2018-04-22 23:21:49 - UserId: adwivedi | Password: test1234
2018-04-22 23:25:05 - UserId: adwivedi | Password: test1234
2018-04-22 23:25:11 - UserId: adwivedi | Password: test1234
2018-04-22 23:41:12 - Inactive session. Logged out.
2018-04-22 23:41:17 - UserId: adwivedi | Password: test1234
2018-04-22 23:41:23 - UserId: adwivedi | Password: test1234
2018-04-22 23:44:35 - UserId: adwivedi | Password: test1234
2018-04-22 23:50:26 - User not Logged in.
2018-04-22 23:51:10 - UserId: adwivedi | Password: test1234
2018-04-22 23:52:40 - UserId: adwivedi | Password: test1234
2018-04-22 23:56:06 - UserId: adwivedi | Password: test1234
2018-04-22 23:56:47 - UserId: adwivedi | Password: test1234
