2018-07-19 12:25:33 - Datasource properties set for Prod environment...
2018-07-19 12:25:34 - Email properties set for biller application...
2018-07-19 12:25:34 - Authetication interceptor linked for biller application...
2018-07-19 12:25:35 - JDBCTemplate linked with datasource...
2018-07-19 12:25:36 - Datasource properties set for Prod environment...
2018-07-19 12:25:36 - Email properties set for biller application...
2018-07-19 12:25:36 - JDBCTemplate linked with datasource...
2018-07-19 12:25:36 - Authetication interceptor linked for biller application...
2018-07-19 12:25:57 - Creating user profile for adwivedi
2018-07-19 12:25:57 - User profile successfully created for  adwivedi
2018-07-19 12:25:57 - User logged in with ID adwivedi
2018-07-19 12:26:05 - Getting Active billCycle...
2018-07-19 12:26:07 - Getting group approvals for billCycle 052018
2018-07-19 12:26:21 - Reading ILC Data for billCycle 012018 and towerId 0 and account Id 1
2018-07-19 12:26:21 - Getting data for ResonsetDataEnvelope...
2018-07-19 12:26:22 - Getting ILC employee list for billCycle 012018 and towerId 0
2018-07-19 12:26:22 - Getting ILC Wekeend list for billCycle 012018 and towerId 0
2018-07-19 12:26:23 - Getting ILC Remakrs list for billCycle 012018 and towerId 0
2018-07-19 12:26:24 - Checking lock for billCycle 012018 towerID 0
2018-07-19 12:26:24 - No user found who had locked for billCycle 012018 towerID 0
2018-07-19 12:26:24 - Checking prior approval by userID adwivedi for billCyle 012018
2018-07-19 12:26:24 - ResonsetDataEnvelope ready...
2018-07-19 12:26:30 - Reading ILC Data for billCycle 062018 and towerId 0 and account Id 1
2018-07-19 12:26:31 - Getting data for ResonsetDataEnvelope...
2018-07-19 12:26:31 - Getting ILC employee list for billCycle 062018 and towerId 0
2018-07-19 12:26:32 - Getting ILC Wekeend list for billCycle 062018 and towerId 0
2018-07-19 12:26:33 - Getting ILC Remakrs list for billCycle 062018 and towerId 0
2018-07-19 12:26:33 - Checking lock for billCycle 062018 towerID 0
2018-07-19 12:26:34 - No user found who had locked for billCycle 062018 towerID 0
2018-07-19 12:26:34 - Checking prior approval by userID adwivedi for billCyle 062018
2018-07-19 12:26:34 - ResonsetDataEnvelope ready...
2018-07-19 12:32:49 - Creating user profile for adwivedi
2018-07-19 12:32:50 - User profile successfully created for  adwivedi
2018-07-19 12:32:50 - User logged in with ID adwivedi
2018-07-19 12:32:57 - Getting Active billCycle...
2018-07-19 12:33:00 - Getting group approvals for billCycle 052018
2018-07-19 12:33:06 - Reading ILC Data for billCycle 012018 and towerId 0 and account Id 1
2018-07-19 12:33:07 - Getting data for ResonsetDataEnvelope...
2018-07-19 12:33:07 - Getting ILC employee list for billCycle 012018 and towerId 0
2018-07-19 12:33:09 - Getting ILC Wekeend list for billCycle 012018 and towerId 0
2018-07-19 12:33:09 - Getting ILC Remakrs list for billCycle 012018 and towerId 0
2018-07-19 12:33:10 - Checking lock for billCycle 012018 towerID 0
2018-07-19 12:33:10 - No user found who had locked for billCycle 012018 towerID 0
2018-07-19 12:33:10 - Checking prior approval by userID adwivedi for billCyle 012018
2018-07-19 12:33:11 - ResonsetDataEnvelope ready...
2018-07-19 12:33:17 - Reading ILC Data for billCycle 062018 and towerId 0 and account Id 1
2018-07-19 12:33:18 - Getting data for ResonsetDataEnvelope...
2018-07-19 12:33:19 - Getting ILC employee list for billCycle 062018 and towerId 0
2018-07-19 12:33:20 - Getting ILC Wekeend list for billCycle 062018 and towerId 0
2018-07-19 12:33:21 - Getting ILC Remakrs list for billCycle 062018 and towerId 0
2018-07-19 12:33:22 - Checking lock for billCycle 062018 towerID 0
2018-07-19 12:33:22 - No user found who had locked for billCycle 062018 towerID 0
2018-07-19 12:33:22 - Checking prior approval by userID adwivedi for billCyle 062018
2018-07-19 12:33:23 - ResonsetDataEnvelope ready...
2018-07-19 12:35:10 - Creating user profile for adwivedi
2018-07-19 12:35:10 - User profile successfully created for  adwivedi
2018-07-19 12:35:10 - User logged in with ID adwivedi
2018-07-19 12:35:17 - Getting Active billCycle...
2018-07-19 12:35:21 - Getting group approvals for billCycle 052018
2018-07-19 12:35:26 - Reading ILC Data for billCycle 062018 and towerId 0 and account Id 1
2018-07-19 12:35:27 - Getting data for ResonsetDataEnvelope...
2018-07-19 12:35:27 - Getting ILC employee list for billCycle 062018 and towerId 0
2018-07-19 12:35:28 - Getting ILC Wekeend list for billCycle 062018 and towerId 0
2018-07-19 12:35:29 - Getting ILC Remakrs list for billCycle 062018 and towerId 0
2018-07-19 12:35:30 - Checking lock for billCycle 062018 towerID 0
2018-07-19 12:35:30 - No user found who had locked for billCycle 062018 towerID 0
2018-07-19 12:35:30 - Checking prior approval by userID adwivedi for billCyle 062018
2018-07-19 12:35:31 - ResonsetDataEnvelope ready...
2018-07-19 12:43:38 - Reading ILC Data for billCycle 062018 and towerId 0 and account Id 1
2018-07-19 12:43:39 - Getting data for ResonsetDataEnvelope...
2018-07-19 12:43:39 - Getting ILC employee list for billCycle 062018 and towerId 0
2018-07-19 12:43:41 - Getting ILC Wekeend list for billCycle 062018 and towerId 0
2018-07-19 12:43:42 - Getting ILC Remakrs list for billCycle 062018 and towerId 0
2018-07-19 12:43:42 - Checking lock for billCycle 062018 towerID 0
2018-07-19 12:43:42 - No user found who had locked for billCycle 062018 towerID 0
2018-07-19 12:43:42 - Checking prior approval by userID adwivedi for billCyle 062018
2018-07-19 12:43:43 - ResonsetDataEnvelope ready...
2018-07-19 12:44:16 - Creating user profile for adwivedi
2018-07-19 12:44:17 - User profile successfully created for  adwivedi
2018-07-19 12:44:17 - User logged in with ID adwivedi
2018-07-19 12:44:24 - Getting Active billCycle...
2018-07-19 12:44:27 - Getting group approvals for billCycle 052018
2018-07-19 12:44:47 - Reading ILC Data for billCycle 062018 and towerId 0 and account Id 1
2018-07-19 12:44:48 - Getting data for ResonsetDataEnvelope...
2018-07-19 12:44:48 - Getting ILC employee list for billCycle 062018 and towerId 0
2018-07-19 12:44:49 - Getting ILC Wekeend list for billCycle 062018 and towerId 0
2018-07-19 12:44:50 - Getting ILC Remakrs list for billCycle 062018 and towerId 0
2018-07-19 12:44:51 - Checking lock for billCycle 062018 towerID 0
2018-07-19 12:44:51 - No user found who had locked for billCycle 062018 towerID 0
2018-07-19 12:44:51 - Checking prior approval by userID adwivedi for billCyle 062018
2018-07-19 12:44:52 - ResonsetDataEnvelope ready...
2018-07-19 13:21:02 - Datasource properties set for Dev environment...
2018-07-19 13:21:03 - Email properties set for biller application...
2018-07-19 13:21:03 - Authetication interceptor linked for biller application...
2018-07-19 13:21:04 - JDBCTemplate linked with datasource...
2018-07-19 13:21:05 - Datasource properties set for Dev environment...
2018-07-19 13:21:05 - Email properties set for biller application...
2018-07-19 13:21:05 - JDBCTemplate linked with datasource...
2018-07-19 13:21:05 - Authetication interceptor linked for biller application...
2018-07-19 13:21:16 - Creating user profile for vveera
2018-07-19 13:21:17 - User profile successfully created for  vveera
2018-07-19 13:21:17 - User logged in with ID vveera
2018-07-19 13:21:20 - Getting Active billCycle...
2018-07-19 13:21:20 - Getting group approvals for billCycle 022018
2018-07-19 13:22:13 - File uploading process started for:  billCycle 042018 datatype 0 reportWeekend 13-Jul-2018
2018-07-19 13:22:13 - Uploading Files...
2018-07-19 13:22:13 - Files uploaded successfully..
2018-07-19 13:22:13 - Files uploaded successfully..
2018-07-19 13:22:13 - Files uploaded successfully..
2018-07-19 13:22:13 - Files uploaded successfully..
2018-07-19 13:22:13 - Files uploaded successfully..
2018-07-19 13:22:13 - Creating ILC Datasheet..
2018-07-19 13:23:36 - ILC Data sheet created successfully
2018-07-19 13:23:36 - Extracting ILC Data..
2018-07-19 13:23:42 - Ignoring NullPointerException in Extract ILC Data
2018-07-19 13:23:42 - Deleting ILC Data...
2018-07-19 13:23:43 - Couldn't delete ILC Data, may be ILC Table is empty or there is no data to delete for bill cycle 042018
2018-07-19 13:23:43 - ILC Batch Update Size is 1597
2018-07-19 13:23:46 - ILC Batch update: records updated = 1597
2018-07-19 13:23:46 - Extracting ITWR Data..
2018-07-19 13:23:48 - Ignoring NullPointerException in Create ITWR Data
2018-07-19 13:23:48 - Deleting ITWR Data..
2018-07-19 13:23:48 - ITWR Data couldn't be deleted, may be table is already empty
2018-07-19 13:23:48 - ITWR Batch Size is 0
2018-07-19 13:23:48 - ITWR Batch update: records updated = 0
2018-07-19 13:23:48 - Extracting WIASM Data...
2018-07-19 13:23:48 - WIASM Data extracted ...
2018-07-19 13:23:48 - Deleting WIASM Data..
2018-07-19 13:23:48 - WIASM data couldn't be deleted, may be table is already empty	
2018-07-19 13:23:48 - WIASM Batch Update Size is 360
2018-07-19 13:23:49 - WIASM Batch update: records updated = 360
2018-07-19 13:23:49 - No Email ID found for selected role 5
2018-07-19 13:23:49 - No Email ID found for selected role 6
2018-07-19 13:23:49 - No Email ID found for selected role 7
2018-07-19 13:24:26 - Reading ILC Data for billCycle 072018 and towerId 0 and account Id 1
2018-07-19 13:24:26 - Getting data for ResonsetDataEnvelope...
2018-07-19 13:24:26 - Getting ILC employee list for billCycle 072018 and towerId 0
2018-07-19 13:24:26 - Getting ILC Wekeend list for billCycle 072018 and towerId 0
2018-07-19 13:24:27 - Getting ILC Remakrs list for billCycle 072018 and towerId 0
2018-07-19 13:24:27 - Checking lock for billCycle 072018 towerID 0
2018-07-19 13:24:27 - No user found who had locked for billCycle 072018 towerID 0
2018-07-19 13:24:27 - Checking prior approval by userID vveera for billCyle 072018
2018-07-19 13:24:27 - ResonsetDataEnvelope ready...
2018-07-19 13:24:42 - Reading ILC Data for billCycle 072018 and towerId 0 and account Id 1
2018-07-19 13:24:42 - Getting data for ResonsetDataEnvelope...
2018-07-19 13:24:42 - Getting ILC employee list for billCycle 072018 and towerId 0
2018-07-19 13:24:42 - Getting ILC Wekeend list for billCycle 072018 and towerId 0
2018-07-19 13:24:43 - Getting ILC Remakrs list for billCycle 072018 and towerId 0
2018-07-19 13:24:43 - Checking lock for billCycle 072018 towerID 0
2018-07-19 13:24:43 - No user found who had locked for billCycle 072018 towerID 0
2018-07-19 13:24:43 - Checking prior approval by userID vveera for billCyle 072018
2018-07-19 13:24:43 - ResonsetDataEnvelope ready...
2018-07-19 13:25:52 - Reading ILC Data for billCycle 042018 and towerId 0 and account Id 1
2018-07-19 13:25:52 - Getting data for ResonsetDataEnvelope...
2018-07-19 13:25:52 - Getting ILC employee list for billCycle 042018 and towerId 0
2018-07-19 13:25:52 - Getting ILC Wekeend list for billCycle 042018 and towerId 0
2018-07-19 13:25:52 - Getting ILC Remakrs list for billCycle 042018 and towerId 0
2018-07-19 13:25:52 - Checking lock for billCycle 042018 towerID 0
2018-07-19 13:25:52 - No user found who had locked for billCycle 042018 towerID 0
2018-07-19 13:25:52 - Checking prior approval by userID vveera for billCyle 042018
2018-07-19 13:25:52 - ResonsetDataEnvelope ready...
2018-07-19 13:27:29 - Datasource properties set for Prod environment...
2018-07-19 13:27:30 - Email properties set for biller application...
2018-07-19 13:27:30 - Authetication interceptor linked for biller application...
2018-07-19 13:27:33 - JDBCTemplate linked with datasource...
2018-07-19 13:27:34 - Datasource properties set for Prod environment...
2018-07-19 13:27:34 - Email properties set for biller application...
2018-07-19 13:27:34 - JDBCTemplate linked with datasource...
2018-07-19 13:27:34 - Authetication interceptor linked for biller application...
2018-07-19 13:36:45 - Creating user profile for adwivedi
2018-07-19 13:36:45 - User profile successfully created for  adwivedi
2018-07-19 13:36:45 - User logged in with ID adwivedi
