2018-09-06 18:09:31 - Datasource properties set for Prod environment...
2018-09-06 18:09:32 - Email properties set for biller application...
2018-09-06 18:09:32 - Authetication interceptor linked for biller application...
2018-09-06 18:09:33 - JDBCTemplate linked with datasource...
2018-09-06 18:09:34 - Datasource properties set for Prod environment...
2018-09-06 18:09:34 - Email properties set for biller application...
2018-09-06 18:09:34 - JDBCTemplate linked with datasource...
2018-09-06 18:09:34 - Authetication interceptor linked for biller application...
2018-09-06 18:09:59 - Creating user profile for adwivedi
2018-09-06 18:10:01 - User profile successfully created for  adwivedi
2018-09-06 18:10:01 - User logged in with ID adwivedi
2018-09-06 18:10:25 - Getting Active billCycle...
2018-09-06 18:10:39 - Getting group approvals for billCycle 052018
2018-09-06 18:13:51 - Wrong Username / Password. Authentication Failed
2018-09-06 18:16:30 - Datasource properties set for Prod environment...
2018-09-06 18:16:30 - Email properties set for biller application...
2018-09-06 18:16:31 - Authetication interceptor linked for biller application...
2018-09-06 18:16:32 - JDBCTemplate linked with datasource...
2018-09-06 18:16:33 - Datasource properties set for Prod environment...
2018-09-06 18:16:33 - Email properties set for biller application...
2018-09-06 18:16:33 - JDBCTemplate linked with datasource...
2018-09-06 18:16:33 - Authetication interceptor linked for biller application...
2018-09-06 18:17:07 - Datasource properties set for Prod environment...
2018-09-06 18:17:07 - Email properties set for biller application...
2018-09-06 18:17:07 - Authetication interceptor linked for biller application...
2018-09-06 18:17:09 - JDBCTemplate linked with datasource...
2018-09-06 18:17:09 - Datasource properties set for Prod environment...
2018-09-06 18:17:09 - Email properties set for biller application...
2018-09-06 18:17:09 - JDBCTemplate linked with datasource...
2018-09-06 18:17:09 - Authetication interceptor linked for biller application...
2018-09-06 18:17:45 - Datasource properties set for Prod environment...
2018-09-06 18:17:45 - Email properties set for biller application...
2018-09-06 18:17:46 - Authetication interceptor linked for biller application...
2018-09-06 18:17:49 - JDBCTemplate linked with datasource...
2018-09-06 18:17:50 - Datasource properties set for Prod environment...
2018-09-06 18:17:50 - Email properties set for biller application...
2018-09-06 18:17:50 - JDBCTemplate linked with datasource...
2018-09-06 18:17:50 - Authetication interceptor linked for biller application...
2018-09-06 18:18:10 - Datasource properties set for Prod environment...
2018-09-06 18:18:10 - Email properties set for biller application...
2018-09-06 18:18:11 - Authetication interceptor linked for biller application...
2018-09-06 18:18:13 - JDBCTemplate linked with datasource...
2018-09-06 18:18:14 - Datasource properties set for Prod environment...
2018-09-06 18:18:14 - Email properties set for biller application...
2018-09-06 18:18:14 - JDBCTemplate linked with datasource...
2018-09-06 18:18:14 - Authetication interceptor linked for biller application...
2018-09-06 18:18:22 - Creating user profile for adwivedi
2018-09-06 18:18:23 - User profile successfully created for  adwivedi
2018-09-06 18:18:23 - User logged in with ID adwivedi
2018-09-06 18:18:40 - Getting Active billCycle...
2018-09-06 18:18:51 - Getting group approvals for billCycle 052018
2018-09-06 18:27:24 - Reading ILC Data for billCycle 012017 and towerId 1 and account Id 4
2018-09-06 18:27:25 - Getting data for ResonsetDataEnvelope...
2018-09-06 18:27:26 - Getting ILC employee list for billCycle 012017 and towerId 1
2018-09-06 18:27:26 - Getting ILC Wekeend list for billCycle 012017 and towerId 1
2018-09-06 18:27:30 - Getting ILC Remakrs list for billCycle 012017 and towerId 1
2018-09-06 18:27:32 - Checking lock for billCycle 012017 towerID 1
2018-09-06 18:27:34 - No user found who had locked for billCycle 012017 towerID 1
2018-09-06 18:27:34 - Checking prior approval by userID adwivedi for billCyle 012017
2018-09-06 18:27:36 - ResonsetDataEnvelope ready...
