2018-05-28 22:52:51 - Datasource properties set for Dev environment...
2018-05-28 22:52:51 - Email properties set for biller application...
2018-05-28 22:52:52 - Authetication interceptor linked for biller application...
2018-05-28 22:52:53 - JDBCTemplate linked with datasource...
2018-05-28 22:52:54 - Datasource properties set for Dev environment...
2018-05-28 22:52:54 - Email properties set for biller application...
2018-05-28 22:52:54 - JDBCTemplate linked with datasource...
2018-05-28 22:52:54 - Authetication interceptor linked for biller application...
2018-05-28 22:52:57 - Creating user profile for vveera
2018-05-28 22:52:57 - User profile successfully created for  vveera
2018-05-28 22:52:57 - User logged in with ID vveera
2018-05-28 22:53:00 - Getting Active billCycle...
2018-05-28 22:53:00 - Getting group approvals for billCycle 022018
2018-05-28 22:53:14 - File uploading process started for:  billCycle 012017 datatype 1 reportWeekend 24-May-2018
2018-05-28 22:53:14 - Uploading Files...
2018-05-28 22:53:14 - Files uploaded successfully..
2018-05-28 22:53:14 - Files uploaded successfully..
2018-05-28 22:53:14 - Files uploaded successfully..
2018-05-28 22:53:14 - Files uploaded successfully..
2018-05-28 22:53:14 - Files uploaded successfully..
2018-05-28 22:53:14 - Entry already exists in Group Approval Table for billCycle 012017
2018-05-28 22:53:27 - No Email ID found for selected role 5
2018-05-28 22:53:48 - File uploading process started for:  billCycle 012017 datatype 1 reportWeekend 24-May-2018
2018-05-28 22:53:48 - Uploading Files...
2018-05-28 22:53:48 - Files uploaded successfully..
2018-05-28 22:53:48 - Files uploaded successfully..
2018-05-28 22:53:48 - Files uploaded successfully..
2018-05-28 22:53:48 - Files uploaded successfully..
2018-05-28 22:53:48 - Files uploaded successfully..
2018-05-28 22:53:48 - Entry already exists in Group Approval Table for billCycle 012017
2018-05-28 22:53:48 - Creating ILC Datasheet..
2018-05-28 22:55:14 - ILC Data sheet created successfully
2018-05-28 22:55:14 - Extracting SLA Data...
2018-05-28 22:55:17 - Ignoring NullPinterException in extract SLA Data
2018-05-28 22:55:17 - Deleting SLA for billCycle 012017
2018-05-28 22:57:16 - Datasource properties set for Dev environment...
2018-05-28 22:57:16 - Email properties set for biller application...
2018-05-28 22:57:17 - Authetication interceptor linked for biller application...
2018-05-28 22:57:18 - JDBCTemplate linked with datasource...
2018-05-28 22:57:18 - Datasource properties set for Dev environment...
2018-05-28 22:57:18 - Email properties set for biller application...
2018-05-28 22:57:18 - JDBCTemplate linked with datasource...
2018-05-28 22:57:18 - Authetication interceptor linked for biller application...
2018-05-28 22:57:38 - Creating user profile for vveera
2018-05-28 22:57:38 - User profile successfully created for  vveera
2018-05-28 22:57:38 - User logged in with ID vveera
2018-05-28 22:57:42 - Getting Active billCycle...
2018-05-28 22:57:42 - Getting group approvals for billCycle 022018
2018-05-28 22:57:53 - File uploading process started for:  billCycle 012017 datatype 1 reportWeekend 25-May-2018
2018-05-28 22:57:53 - Uploading Files...
2018-05-28 22:57:53 - Files uploaded successfully..
2018-05-28 22:57:53 - Files uploaded successfully..
2018-05-28 22:57:53 - Files uploaded successfully..
2018-05-28 22:57:53 - Files uploaded successfully..
2018-05-28 22:57:53 - Files uploaded successfully..
2018-05-28 22:57:53 - Entry already exists in Group Approval Table for billCycle 012017
2018-05-28 22:57:58 - File uploading process started for:  billCycle 012017 datatype 1 reportWeekend 25-May-2018
2018-05-28 22:57:58 - Uploading Files...
2018-05-28 22:57:58 - Files uploaded successfully..
2018-05-28 22:57:58 - Files uploaded successfully..
2018-05-28 22:57:58 - Files uploaded successfully..
2018-05-28 22:57:58 - Files uploaded successfully..
2018-05-28 22:57:58 - Files uploaded successfully..
2018-05-28 22:57:58 - Entry already exists in Group Approval Table for billCycle 012017
2018-05-28 22:57:58 - Creating ILC Datasheet..
2018-05-28 22:59:24 - ILC Data sheet created successfully
2018-05-28 22:59:24 - Extracting SLA Data...
2018-05-28 22:59:27 - Ignoring NullPinterException in extract SLA Data
2018-05-28 22:59:27 - Deleting SLA for billCycle 012017
2018-05-28 22:59:27 - Creating SLA Data for billCycle 012017
2018-05-28 22:59:27 - SLA Batch Update Size is 2982
2018-05-28 22:59:33 - SLA Batch update: records updated = 2982
2018-05-28 22:59:33 - Extracting ITWR Data..
2018-05-28 22:59:33 - ITWR Data extracted..
2018-05-28 22:59:33 - Deleting ITWR Data..
2018-05-28 22:59:34 - ITWR Data couldn't be deleted, may be table is already empty
2018-05-28 22:59:34 - ITWR Batch Size is 1486
2018-05-28 22:59:37 - ITWR Batch update: records updated = 1486
2018-05-28 22:59:37 - Extracting WIASM Data...
2018-05-28 22:59:37 - WIASM Data extracted ...
2018-05-28 22:59:37 - Deleting WIASM Data..
2018-05-28 22:59:37 - WIASM data couldn't be deleted, may be table is already empty	
2018-05-28 22:59:37 - WIASM Batch Update Size is 355
2018-05-28 22:59:38 - WIASM Batch update: records updated = 355
2018-05-28 22:59:38 - Entry already exists in Group Approval Table for billCycle 012017
2018-05-28 22:59:38 - Group Approval Table has been reset for billCycle 012017
2018-05-28 22:59:38 - No Email ID found for selected role 5
2018-05-28 23:05:34 - Datasource properties set for Dev environment...
2018-05-28 23:05:34 - Email properties set for biller application...
2018-05-28 23:05:35 - Authetication interceptor linked for biller application...
2018-05-28 23:05:36 - JDBCTemplate linked with datasource...
2018-05-28 23:05:37 - Datasource properties set for Dev environment...
2018-05-28 23:05:37 - Email properties set for biller application...
2018-05-28 23:05:37 - JDBCTemplate linked with datasource...
2018-05-28 23:05:37 - Authetication interceptor linked for biller application...
2018-05-28 23:05:54 - Datasource properties set for Dev environment...
2018-05-28 23:05:54 - Email properties set for biller application...
2018-05-28 23:05:54 - Authetication interceptor linked for biller application...
2018-05-28 23:05:55 - JDBCTemplate linked with datasource...
2018-05-28 23:05:56 - Datasource properties set for Dev environment...
2018-05-28 23:05:56 - Email properties set for biller application...
2018-05-28 23:05:56 - JDBCTemplate linked with datasource...
2018-05-28 23:05:56 - Authetication interceptor linked for biller application...
2018-05-28 23:06:38 - Datasource properties set for Dev environment...
2018-05-28 23:06:39 - Email properties set for biller application...
2018-05-28 23:06:40 - Authetication interceptor linked for biller application...
2018-05-28 23:06:41 - JDBCTemplate linked with datasource...
2018-05-28 23:06:41 - Datasource properties set for Dev environment...
2018-05-28 23:06:41 - Email properties set for biller application...
2018-05-28 23:06:42 - JDBCTemplate linked with datasource...
2018-05-28 23:06:42 - Authetication interceptor linked for biller application...
2018-05-28 23:07:24 - Datasource properties set for Dev environment...
2018-05-28 23:07:24 - Email properties set for biller application...
2018-05-28 23:07:25 - Authetication interceptor linked for biller application...
2018-05-28 23:07:26 - JDBCTemplate linked with datasource...
2018-05-28 23:07:27 - Datasource properties set for Dev environment...
2018-05-28 23:07:27 - Email properties set for biller application...
2018-05-28 23:07:27 - JDBCTemplate linked with datasource...
2018-05-28 23:07:27 - Authetication interceptor linked for biller application...
2018-05-28 23:07:37 - Creating user profile for vveera
2018-05-28 23:07:37 - User profile successfully created for  vveera
2018-05-28 23:07:37 - User logged in with ID vveera
2018-05-28 23:07:40 - Getting Active billCycle...
2018-05-28 23:07:40 - Getting group approvals for billCycle 022018
2018-05-28 23:07:50 - File uploading process started for:  billCycle 012017 datatype 1 reportWeekend 11-May-2018
2018-05-28 23:07:50 - Uploading Files...
2018-05-28 23:07:50 - Files uploaded successfully..
2018-05-28 23:07:50 - Files uploaded successfully..
2018-05-28 23:07:50 - Files uploaded successfully..
2018-05-28 23:07:50 - Files uploaded successfully..
2018-05-28 23:07:50 - Files uploaded successfully..
2018-05-28 23:07:50 - Entry already exists in Group Approval Table for billCycle 012017
2018-05-28 23:07:52 - File uploading process started for:  billCycle 012017 datatype 1 reportWeekend 11-May-2018
2018-05-28 23:07:52 - Uploading Files...
2018-05-28 23:07:52 - Files uploaded successfully..
2018-05-28 23:07:52 - Files uploaded successfully..
2018-05-28 23:07:52 - Files uploaded successfully..
2018-05-28 23:07:52 - Files uploaded successfully..
2018-05-28 23:07:52 - Files uploaded successfully..
2018-05-28 23:07:52 - Entry already exists in Group Approval Table for billCycle 012017
2018-05-28 23:07:52 - Creating ILC Datasheet..
2018-05-28 23:09:18 - ILC Data sheet created successfully
2018-05-28 23:09:18 - Extracting SLA Data...
2018-05-28 23:09:21 - Ignoring NullPinterException in extract SLA Data
2018-05-28 23:09:21 - Deleting SLA for billCycle 012017
2018-05-28 23:09:21 - Creating SLA Data for billCycle 012017
2018-05-28 23:09:21 - SLA Batch Update Size is 2982
2018-05-28 23:09:28 - SLA Batch update: records updated = 2982
2018-05-28 23:09:28 - Extracting ITWR Data..
2018-05-28 23:09:28 - ITWR Data extracted..
2018-05-28 23:09:28 - Deleting ITWR Data..
2018-05-28 23:09:28 - ITWR Data couldn't be deleted, may be table is already empty
2018-05-28 23:09:28 - ITWR Batch Size is 1486
2018-05-28 23:09:31 - ITWR Batch update: records updated = 1486
2018-05-28 23:09:31 - Extracting WIASM Data...
2018-05-28 23:09:31 - WIASM Data extracted ...
2018-05-28 23:09:31 - Deleting WIASM Data..
2018-05-28 23:09:31 - WIASM data couldn't be deleted, may be table is already empty	
2018-05-28 23:09:31 - WIASM Batch Update Size is 355
2018-05-28 23:09:32 - WIASM Batch update: records updated = 355
2018-05-28 23:09:32 - Entry already exists in Group Approval Table for billCycle 012017
2018-05-28 23:09:32 - Group Approval Table has been reset for billCycle 012017
2018-05-28 23:09:32 - No Email ID found for selected role 5
2018-05-28 23:40:25 - Datasource properties set for Dev environment...
2018-05-28 23:40:25 - Email properties set for biller application...
2018-05-28 23:40:26 - Authetication interceptor linked for biller application...
2018-05-28 23:40:26 - JDBCTemplate linked with datasource...
2018-05-28 23:40:27 - Datasource properties set for Dev environment...
2018-05-28 23:40:27 - Email properties set for biller application...
2018-05-28 23:40:27 - JDBCTemplate linked with datasource...
2018-05-28 23:40:27 - Authetication interceptor linked for biller application...
2018-05-28 23:49:07 - Datasource properties set for Dev environment...
2018-05-28 23:49:07 - Email properties set for biller application...
2018-05-28 23:49:08 - Authetication interceptor linked for biller application...
2018-05-28 23:49:09 - JDBCTemplate linked with datasource...
2018-05-28 23:49:09 - Datasource properties set for Dev environment...
2018-05-28 23:49:10 - Email properties set for biller application...
2018-05-28 23:49:10 - JDBCTemplate linked with datasource...
2018-05-28 23:49:10 - Authetication interceptor linked for biller application...
2018-05-28 23:49:26 - Datasource properties set for Prod environment...
2018-05-28 23:49:27 - Email properties set for biller application...
2018-05-28 23:49:27 - Authetication interceptor linked for biller application...
2018-05-28 23:49:28 - JDBCTemplate linked with datasource...
2018-05-28 23:49:29 - Datasource properties set for Prod environment...
2018-05-28 23:49:29 - Email properties set for biller application...
2018-05-28 23:49:29 - JDBCTemplate linked with datasource...
2018-05-28 23:49:29 - Authetication interceptor linked for biller application...
2018-05-28 23:59:33 - Datasource properties set for Dev environment...
2018-05-28 23:59:33 - Email properties set for biller application...
2018-05-28 23:59:34 - Authetication interceptor linked for biller application...
2018-05-28 23:59:35 - JDBCTemplate linked with datasource...
2018-05-28 23:59:35 - Datasource properties set for Dev environment...
2018-05-28 23:59:35 - Email properties set for biller application...
2018-05-28 23:59:35 - JDBCTemplate linked with datasource...
2018-05-28 23:59:35 - Authetication interceptor linked for biller application...
2018-05-29 00:01:24 - Datasource properties set for Dev environment...
2018-05-29 00:01:24 - Email properties set for biller application...
2018-05-29 00:01:25 - Authetication interceptor linked for biller application...
2018-05-29 00:01:26 - JDBCTemplate linked with datasource...
2018-05-29 00:01:26 - Datasource properties set for Dev environment...
2018-05-29 00:01:26 - Email properties set for biller application...
2018-05-29 00:01:26 - JDBCTemplate linked with datasource...
2018-05-29 00:01:26 - Authetication interceptor linked for biller application...
2018-05-29 00:14:29 - Datasource properties set for Dev environment...
2018-05-29 00:14:29 - Email properties set for biller application...
2018-05-29 00:14:30 - Authetication interceptor linked for biller application...
2018-05-29 00:14:31 - JDBCTemplate linked with datasource...
2018-05-29 00:14:31 - Datasource properties set for Dev environment...
2018-05-29 00:14:31 - Email properties set for biller application...
2018-05-29 00:14:31 - JDBCTemplate linked with datasource...
2018-05-29 00:14:31 - Authetication interceptor linked for biller application...
2018-05-29 00:14:52 - Datasource properties set for Prod environment...
2018-05-29 00:14:52 - Email properties set for biller application...
2018-05-29 00:14:53 - Authetication interceptor linked for biller application...
2018-05-29 00:14:54 - JDBCTemplate linked with datasource...
2018-05-29 00:14:54 - Datasource properties set for Prod environment...
2018-05-29 00:14:54 - Email properties set for biller application...
2018-05-29 00:14:54 - JDBCTemplate linked with datasource...
2018-05-29 00:14:54 - Authetication interceptor linked for biller application...
2018-05-29 12:06:07 - Datasource properties set for Prod environment...
2018-05-29 12:06:08 - Email properties set for biller application...
2018-05-29 12:06:08 - Authetication interceptor linked for biller application...
2018-05-29 12:06:10 - JDBCTemplate linked with datasource...
2018-05-29 12:06:11 - Datasource properties set for Prod environment...
2018-05-29 12:06:11 - Email properties set for biller application...
2018-05-29 12:06:11 - JDBCTemplate linked with datasource...
2018-05-29 12:06:11 - Authetication interceptor linked for biller application...
2018-05-29 12:06:18 - Creating user profile for adwivedi
2018-05-29 12:06:18 - User profile successfully created for  adwivedi
2018-05-29 12:06:18 - User logged in with ID adwivedi
2018-05-29 12:06:21 - Getting list of users whom adwivedi can delegate to
2018-05-29 12:06:21 - Delegate list prepared for adwivedi
2018-05-29 12:06:21 - Getting list of users who have delegated to adwivedi
2018-05-29 12:06:22 - There is no user who has delegated to adwivedi
2018-05-29 12:06:26 - Getting Active billCycle...
2018-05-29 12:06:26 - No Active billCycle found...
2018-05-29 12:07:23 - Reading ILC Data for billCycle 062020 and towerId 1 and account Id 1
2018-05-29 12:07:23 - Getting data for ResonsetDataEnvelope...
2018-05-29 12:07:24 - Getting ILC employee list for billCycle 062020 and towerId 1
2018-05-29 12:07:25 - Getting ILC Wekeend list for billCycle 062020 and towerId 1
2018-05-29 12:07:26 - Getting ILC Remakrs list for billCycle 062020 and towerId 1
2018-05-29 12:07:26 - Checking lock for billCycle 062020 towerID 1
2018-05-29 12:07:27 - No user found who had locked for billCycle 062020 towerID 1
2018-05-29 12:07:27 - Checking prior approval by userID adwivedi for billCyle 062020
2018-05-29 12:07:27 - ResonsetDataEnvelope ready...
2018-05-29 12:07:37 - Reading ILC Data for billCycle 062018 and towerId 1 and account Id 1
2018-05-29 12:07:37 - Getting data for ResonsetDataEnvelope...
2018-05-29 12:07:38 - Getting ILC employee list for billCycle 062018 and towerId 1
2018-05-29 12:07:39 - Getting ILC Wekeend list for billCycle 062018 and towerId 1
2018-05-29 12:07:40 - Getting ILC Remakrs list for billCycle 062018 and towerId 1
2018-05-29 12:07:40 - Checking lock for billCycle 062018 towerID 1
2018-05-29 12:07:41 - No user found who had locked for billCycle 062018 towerID 1
2018-05-29 12:07:41 - Checking prior approval by userID adwivedi for billCyle 062018
2018-05-29 12:07:41 - ResonsetDataEnvelope ready...
2018-05-29 12:07:52 - Reading ILC Data for billCycle 062020 and towerId 0 and account Id 1
2018-05-29 12:07:52 - Getting data for ResonsetDataEnvelope...
2018-05-29 12:07:53 - Getting ILC employee list for billCycle 062020 and towerId 0
2018-05-29 12:07:54 - Getting ILC Wekeend list for billCycle 062020 and towerId 0
2018-05-29 12:07:55 - Getting ILC Remakrs list for billCycle 062020 and towerId 0
2018-05-29 12:07:55 - Checking lock for billCycle 062020 towerID 0
2018-05-29 12:07:55 - No user found who had locked for billCycle 062020 towerID 0
2018-05-29 12:07:55 - Checking prior approval by userID adwivedi for billCyle 062020
2018-05-29 12:07:56 - ResonsetDataEnvelope ready...
2018-05-29 12:08:34 - Datasource properties set for Dev environment...
2018-05-29 12:08:35 - Email properties set for biller application...
2018-05-29 12:08:35 - Authetication interceptor linked for biller application...
2018-05-29 12:08:36 - JDBCTemplate linked with datasource...
2018-05-29 12:08:37 - Datasource properties set for Dev environment...
2018-05-29 12:08:37 - Email properties set for biller application...
2018-05-29 12:08:37 - JDBCTemplate linked with datasource...
2018-05-29 12:08:37 - Authetication interceptor linked for biller application...
2018-05-29 12:08:38 - Creating user profile for adwivedi
2018-05-29 12:08:38 - User profile successfully created for  adwivedi
2018-05-29 12:08:38 - User logged in with ID adwivedi
2018-05-29 12:08:38 - Getting list of users whom adwivedi can delegate to
2018-05-29 12:08:38 - Delegate list prepared for adwivedi
2018-05-29 12:08:38 - Getting list of users who have delegated to adwivedi
2018-05-29 12:08:38 - There is no user who has delegated to adwivedi
2018-05-29 12:08:41 - Getting Active billCycle...
2018-05-29 12:08:41 - Getting group approvals for billCycle 022018
2018-05-29 12:08:47 - Reading ILC Data for billCycle 062020 and towerId 1 and account Id 1
2018-05-29 12:08:47 - Getting data for ResonsetDataEnvelope...
2018-05-29 12:08:47 - Getting ILC employee list for billCycle 062020 and towerId 1
2018-05-29 12:08:48 - Getting ILC Wekeend list for billCycle 062020 and towerId 1
2018-05-29 12:08:48 - Getting ILC Remakrs list for billCycle 062020 and towerId 1
2018-05-29 12:08:48 - Checking lock for billCycle 062020 towerID 1
2018-05-29 12:08:48 - Checking prior approval by userID adwivedi for billCyle 062020
2018-05-29 12:08:48 - ResonsetDataEnvelope ready...
2018-05-29 21:20:35 - Datasource properties set for Dev environment...
2018-05-29 21:20:35 - Email properties set for biller application...
2018-05-29 21:20:36 - Authetication interceptor linked for biller application...
2018-05-29 21:20:38 - JDBCTemplate linked with datasource...
2018-05-29 21:20:38 - Datasource properties set for Dev environment...
2018-05-29 21:20:38 - Email properties set for biller application...
2018-05-29 21:20:39 - JDBCTemplate linked with datasource...
2018-05-29 21:20:39 - Authetication interceptor linked for biller application...
2018-05-29 21:20:46 - Creating user profile for adwivedi
2018-05-29 21:20:46 - User profile successfully created for  adwivedi
2018-05-29 21:20:46 - User logged in with ID adwivedi
2018-05-29 21:20:46 - Getting list of users whom adwivedi can delegate to
2018-05-29 21:20:46 - Delegate list prepared for adwivedi
2018-05-29 21:20:46 - Getting list of users who have delegated to adwivedi
2018-05-29 21:20:46 - There is no user who has delegated to adwivedi
2018-05-29 21:20:49 - Getting Active billCycle...
2018-05-29 21:20:49 - Getting group approvals for billCycle 022018
2018-05-29 21:20:55 - Setting delegation to adwivedi for adwivedi
2018-05-29 21:20:56 - adwivedi successfully delegated to null
2018-05-29 21:21:57 - Datasource properties set for Dev environment...
2018-05-29 21:21:57 - Email properties set for biller application...
2018-05-29 21:21:58 - Authetication interceptor linked for biller application...
2018-05-29 21:21:59 - JDBCTemplate linked with datasource...
2018-05-29 21:21:59 - Datasource properties set for Dev environment...
2018-05-29 21:21:59 - Email properties set for biller application...
2018-05-29 21:21:59 - JDBCTemplate linked with datasource...
2018-05-29 21:21:59 - Authetication interceptor linked for biller application...
2018-05-29 21:23:15 - Datasource properties set for Dev environment...
2018-05-29 21:23:15 - Email properties set for biller application...
2018-05-29 21:23:15 - Authetication interceptor linked for biller application...
2018-05-29 21:23:17 - JDBCTemplate linked with datasource...
2018-05-29 21:23:17 - Datasource properties set for Dev environment...
2018-05-29 21:23:17 - Email properties set for biller application...
2018-05-29 21:23:17 - JDBCTemplate linked with datasource...
2018-05-29 21:23:17 - Authetication interceptor linked for biller application...
2018-05-29 21:56:08 - Creating user profile for adwivedi
2018-05-29 21:56:08 - User profile successfully created for  adwivedi
2018-05-29 21:56:08 - User logged in with ID adwivedi
2018-05-29 21:56:08 - Getting list of users whom adwivedi can delegate to
2018-05-29 21:56:08 - Delegate list prepared for adwivedi
2018-05-29 21:56:08 - Getting list of users who have delegated to adwivedi
2018-05-29 21:56:08 - There is no user who has delegated to adwivedi
2018-05-29 21:56:12 - Getting Active billCycle...
2018-05-29 21:56:12 - Getting group approvals for billCycle 022018
2018-05-29 22:10:50 - Datasource properties set for Dev environment...
2018-05-29 22:10:50 - Email properties set for biller application...
2018-05-29 22:10:51 - Authetication interceptor linked for biller application...
2018-05-29 22:10:52 - JDBCTemplate linked with datasource...
2018-05-29 22:10:53 - Datasource properties set for Dev environment...
2018-05-29 22:10:53 - Email properties set for biller application...
2018-05-29 22:10:53 - JDBCTemplate linked with datasource...
2018-05-29 22:10:53 - Authetication interceptor linked for biller application...
2018-05-29 22:11:00 - Creating user profile for adwivedi
2018-05-29 22:11:00 - User profile successfully created for  adwivedi
2018-05-29 22:11:00 - User logged in with ID adwivedi
2018-05-29 22:11:01 - Getting list of users whom adwivedi can delegate to
2018-05-29 22:11:01 - Delegate list prepared for adwivedi
2018-05-29 22:11:01 - Getting list of users who have delegated to adwivedi
2018-05-29 22:11:01 - There is no user who has delegated to adwivedi
2018-05-29 22:11:05 - Getting Active billCycle...
2018-05-29 22:11:05 - Getting group approvals for billCycle 022018
2018-05-29 22:11:23 - Setting delegation to adwivedi for adwivedi
2018-05-29 22:11:23 - adwivedi successfully delegated to gps
2018-05-29 22:11:56 - Datasource properties set for Dev environment...
2018-05-29 22:11:56 - Email properties set for biller application...
2018-05-29 22:11:57 - Authetication interceptor linked for biller application...
2018-05-29 22:11:58 - JDBCTemplate linked with datasource...
2018-05-29 22:11:59 - Datasource properties set for Dev environment...
2018-05-29 22:11:59 - Email properties set for biller application...
2018-05-29 22:11:59 - JDBCTemplate linked with datasource...
2018-05-29 22:11:59 - Authetication interceptor linked for biller application...
2018-05-29 22:12:59 - Datasource properties set for Dev environment...
2018-05-29 22:13:00 - Email properties set for biller application...
2018-05-29 22:13:00 - Authetication interceptor linked for biller application...
2018-05-29 22:13:01 - JDBCTemplate linked with datasource...
2018-05-29 22:13:02 - Datasource properties set for Dev environment...
2018-05-29 22:13:02 - Email properties set for biller application...
2018-05-29 22:13:02 - JDBCTemplate linked with datasource...
2018-05-29 22:13:02 - Authetication interceptor linked for biller application...
2018-05-29 22:13:21 - Datasource properties set for Dev environment...
2018-05-29 22:13:21 - Email properties set for biller application...
2018-05-29 22:13:22 - Authetication interceptor linked for biller application...
2018-05-29 22:13:23 - JDBCTemplate linked with datasource...
2018-05-29 22:13:24 - Datasource properties set for Dev environment...
2018-05-29 22:13:24 - Email properties set for biller application...
2018-05-29 22:13:25 - JDBCTemplate linked with datasource...
2018-05-29 22:13:25 - Authetication interceptor linked for biller application...
2018-05-29 22:13:26 - Creating user profile for adwivedi
2018-05-29 22:13:26 - User profile successfully created for  adwivedi
2018-05-29 22:13:26 - User logged in with ID adwivedi
2018-05-29 22:13:26 - Getting list of users whom adwivedi can delegate to
2018-05-29 22:13:26 - Delegate list prepared for adwivedi
2018-05-29 22:13:26 - Getting list of users who have delegated to adwivedi
2018-05-29 22:13:26 - There is no user who has delegated to adwivedi
2018-05-29 22:13:30 - Getting Active billCycle...
2018-05-29 22:13:30 - Getting group approvals for billCycle 022018
2018-05-29 22:13:47 - Setting delegation to adwivedi for adwivedi
2018-05-29 22:13:47 - adwivedi successfully delegated to gps
