2018-05-30 11:53:34 - Datasource properties set for Dev environment...
2018-05-30 11:53:34 - Email properties set for biller application...
2018-05-30 11:53:35 - Authetication interceptor linked for biller application...
2018-05-30 11:53:36 - JDBCTemplate linked with datasource...
2018-05-30 11:53:36 - Datasource properties set for Dev environment...
2018-05-30 11:53:36 - Email properties set for biller application...
2018-05-30 11:53:36 - JDBCTemplate linked with datasource...
2018-05-30 11:53:36 - Authetication interceptor linked for biller application...
2018-05-30 11:54:00 - Creating user profile for adwivedi
2018-05-30 11:54:00 - User profile successfully created for  adwivedi
2018-05-30 11:54:00 - User logged in with ID adwivedi
2018-05-30 11:54:00 - Getting list of users whom adwivedi can delegate to
2018-05-30 11:54:00 - Delegate list prepared for adwivedi
2018-05-30 11:54:00 - Getting list of users who have delegated to adwivedi
2018-05-30 11:54:00 - There is no user who has delegated to adwivedi
2018-05-30 11:54:03 - Getting Active billCycle...
2018-05-30 11:54:03 - Getting group approvals for billCycle 022018
2018-05-30 11:54:08 - Setting delegation to adwivedi for adwivedi
2018-05-30 11:54:08 - adwivedi successfully delegated to gps
2018-05-30 11:56:16 - Datasource properties set for Dev environment...
2018-05-30 11:56:16 - Email properties set for biller application...
2018-05-30 11:56:17 - Authetication interceptor linked for biller application...
2018-05-30 11:56:18 - JDBCTemplate linked with datasource...
2018-05-30 11:56:18 - Datasource properties set for Dev environment...
2018-05-30 11:56:18 - Email properties set for biller application...
2018-05-30 11:56:18 - JDBCTemplate linked with datasource...
2018-05-30 11:56:18 - Authetication interceptor linked for biller application...
2018-05-30 11:59:08 - Creating user profile for adwivedi
2018-05-30 11:59:08 - User profile successfully created for  adwivedi
2018-05-30 11:59:08 - User logged in with ID adwivedi
2018-05-30 11:59:08 - Getting list of users whom adwivedi can delegate to
2018-05-30 11:59:08 - Delegate list prepared for adwivedi
2018-05-30 11:59:08 - Getting list of users who have delegated to adwivedi
2018-05-30 11:59:08 - There is no user who has delegated to adwivedi
2018-05-30 11:59:11 - Getting Active billCycle...
2018-05-30 11:59:11 - Getting group approvals for billCycle 022018
2018-05-30 12:00:14 - Setting delegation to adwivedi for adwivedi
2018-05-30 12:00:14 - adwivedi successfully delegated to gps
2018-05-30 12:03:02 - Datasource properties set for Dev environment...
2018-05-30 12:03:02 - Email properties set for biller application...
2018-05-30 12:03:03 - Authetication interceptor linked for biller application...
2018-05-30 12:03:04 - JDBCTemplate linked with datasource...
2018-05-30 12:03:05 - Datasource properties set for Dev environment...
2018-05-30 12:03:05 - Email properties set for biller application...
2018-05-30 12:03:05 - JDBCTemplate linked with datasource...
2018-05-30 12:03:05 - Authetication interceptor linked for biller application...
2018-05-30 12:03:10 - Creating user profile for adwivedi
2018-05-30 12:03:10 - User profile successfully created for  adwivedi
2018-05-30 12:03:10 - User logged in with ID adwivedi
2018-05-30 12:03:10 - Getting list of users whom adwivedi can delegate to
2018-05-30 12:03:10 - Delegate list prepared for adwivedi
2018-05-30 12:03:10 - Getting list of users who have delegated to adwivedi
2018-05-30 12:03:10 - There is no user who has delegated to adwivedi
2018-05-30 12:03:13 - Getting Active billCycle...
2018-05-30 12:03:13 - Getting group approvals for billCycle 022018
2018-05-30 12:03:23 - Setting delegation to adwivedi for adwivedi
2018-05-30 12:03:23 - adwivedi successfully delegated to gps
2018-05-30 12:12:47 - Datasource properties set for Dev environment...
2018-05-30 12:12:48 - Email properties set for biller application...
2018-05-30 12:12:48 - Authetication interceptor linked for biller application...
2018-05-30 15:10:34 - Datasource properties set for Dev environment...
2018-05-30 15:10:34 - Email properties set for biller application...
2018-05-30 15:10:35 - Authetication interceptor linked for biller application...
2018-05-30 15:10:36 - JDBCTemplate linked with datasource...
2018-05-30 15:10:37 - Datasource properties set for Dev environment...
2018-05-30 15:10:37 - Email properties set for biller application...
2018-05-30 15:10:37 - JDBCTemplate linked with datasource...
2018-05-30 15:10:37 - Authetication interceptor linked for biller application...
2018-05-30 15:11:07 - Creating user profile for adwivedi
2018-05-30 15:11:07 - User profile successfully created for  adwivedi
2018-05-30 15:11:07 - User logged in with ID adwivedi
2018-05-30 15:11:07 - Getting list of users whom adwivedi can delegate to
2018-05-30 15:11:07 - Delegate list prepared for adwivedi
2018-05-30 15:11:07 - Getting list of users who have delegated to adwivedi
2018-05-30 15:11:07 - There is no user who has delegated to adwivedi
2018-05-30 15:11:11 - Getting Active billCycle...
2018-05-30 15:11:11 - Getting group approvals for billCycle 022018
2018-05-30 15:11:16 - Setting delegation to adwivedi for adwivedi
2018-05-30 15:11:16 - adwivedi successfully delegated to gps
2018-05-30 15:13:16 - Datasource properties set for Dev environment...
2018-05-30 15:13:16 - Email properties set for biller application...
2018-05-30 15:13:17 - Authetication interceptor linked for biller application...
2018-05-30 15:13:18 - JDBCTemplate linked with datasource...
2018-05-30 15:13:19 - Datasource properties set for Dev environment...
2018-05-30 15:13:19 - Email properties set for biller application...
2018-05-30 15:13:19 - JDBCTemplate linked with datasource...
2018-05-30 15:13:19 - Authetication interceptor linked for biller application...
2018-05-30 15:13:34 - Datasource properties set for Dev environment...
2018-05-30 15:13:35 - Email properties set for biller application...
2018-05-30 15:13:35 - Authetication interceptor linked for biller application...
2018-05-30 15:13:37 - JDBCTemplate linked with datasource...
2018-05-30 15:13:38 - Datasource properties set for Dev environment...
2018-05-30 15:13:38 - Email properties set for biller application...
2018-05-30 15:13:38 - JDBCTemplate linked with datasource...
2018-05-30 15:13:38 - Authetication interceptor linked for biller application...
2018-05-30 15:13:45 - Creating user profile for adwivedi
2018-05-30 15:13:45 - User profile successfully created for  adwivedi
2018-05-30 15:13:45 - User logged in with ID adwivedi
2018-05-30 15:13:45 - Getting list of users whom adwivedi can delegate to
2018-05-30 15:13:45 - Delegate list prepared for adwivedi
2018-05-30 15:13:45 - Getting list of users who have delegated to adwivedi
2018-05-30 15:13:45 - There is no user who has delegated to adwivedi
2018-05-30 15:13:50 - Getting Active billCycle...
2018-05-30 15:13:50 - Getting group approvals for billCycle 022018
2018-05-30 15:13:54 - Setting delegation to adwivedi for adwivedi
2018-05-30 15:13:54 - adwivedi successfully delegated to gps
2018-05-30 15:15:57 - Datasource properties set for Dev environment...
2018-05-30 15:15:57 - Email properties set for biller application...
2018-05-30 15:15:58 - Authetication interceptor linked for biller application...
2018-05-30 15:15:59 - JDBCTemplate linked with datasource...
2018-05-30 15:16:00 - Datasource properties set for Dev environment...
2018-05-30 15:16:00 - Email properties set for biller application...
2018-05-30 15:16:00 - JDBCTemplate linked with datasource...
2018-05-30 15:16:00 - Authetication interceptor linked for biller application...
2018-05-30 15:16:43 - Creating user profile for adwivedi
2018-05-30 15:16:43 - User profile successfully created for  adwivedi
2018-05-30 15:16:43 - User logged in with ID adwivedi
2018-05-30 15:16:43 - Getting list of users whom adwivedi can delegate to
2018-05-30 15:16:43 - Delegate list prepared for adwivedi
2018-05-30 15:16:43 - Getting list of users who have delegated to adwivedi
2018-05-30 15:16:43 - There is no user who has delegated to adwivedi
2018-05-30 15:16:47 - Getting Active billCycle...
2018-05-30 15:16:47 - Getting group approvals for billCycle 022018
2018-05-30 15:16:52 - Setting delegation to adwivedi for adwivedi
2018-05-30 15:16:52 - adwivedi successfully delegated to gps
2018-05-30 15:18:20 - Un-setting delegation to adwivedi
2018-05-30 15:18:20 - un-set delegation complete for adwivedi
2018-05-30 15:21:20 - Datasource properties set for Dev environment...
2018-05-30 15:21:20 - Email properties set for biller application...
2018-05-30 15:21:21 - Authetication interceptor linked for biller application...
2018-05-30 15:21:22 - JDBCTemplate linked with datasource...
2018-05-30 15:21:22 - Datasource properties set for Dev environment...
2018-05-30 15:21:22 - Email properties set for biller application...
2018-05-30 15:21:22 - JDBCTemplate linked with datasource...
2018-05-30 15:21:23 - Authetication interceptor linked for biller application...
2018-05-30 15:21:39 - Datasource properties set for Dev environment...
2018-05-30 15:21:40 - Email properties set for biller application...
2018-05-30 15:21:40 - Authetication interceptor linked for biller application...
2018-05-30 15:21:41 - JDBCTemplate linked with datasource...
2018-05-30 15:21:41 - Datasource properties set for Dev environment...
2018-05-30 15:21:41 - Email properties set for biller application...
2018-05-30 15:21:41 - JDBCTemplate linked with datasource...
2018-05-30 15:21:41 - Authetication interceptor linked for biller application...
2018-05-30 15:23:06 - Datasource properties set for Dev environment...
2018-05-30 15:23:06 - Email properties set for biller application...
2018-05-30 15:23:07 - Authetication interceptor linked for biller application...
2018-05-30 15:23:08 - JDBCTemplate linked with datasource...
2018-05-30 15:23:09 - Datasource properties set for Dev environment...
2018-05-30 15:23:09 - Email properties set for biller application...
2018-05-30 15:23:09 - JDBCTemplate linked with datasource...
2018-05-30 15:23:09 - Authetication interceptor linked for biller application...
2018-05-30 15:23:26 - Datasource properties set for Dev environment...
2018-05-30 15:23:26 - Email properties set for biller application...
2018-05-30 15:23:26 - Authetication interceptor linked for biller application...
2018-05-30 15:23:27 - JDBCTemplate linked with datasource...
2018-05-30 15:23:28 - Datasource properties set for Dev environment...
2018-05-30 15:23:28 - Email properties set for biller application...
2018-05-30 15:23:28 - JDBCTemplate linked with datasource...
2018-05-30 15:23:28 - Authetication interceptor linked for biller application...
2018-05-30 15:25:28 - Creating user profile for adwivedi
2018-05-30 15:25:28 - User profile successfully created for  adwivedi
2018-05-30 15:25:28 - User logged in with ID adwivedi
2018-05-30 15:25:29 - Getting list of users whom adwivedi can delegate to
2018-05-30 15:25:29 - Delegate list prepared for adwivedi
2018-05-30 15:25:29 - Getting list of users who have delegated to adwivedi
2018-05-30 15:25:29 - There is no user who has delegated to adwivedi
2018-05-30 15:25:32 - Getting Active billCycle...
2018-05-30 15:25:32 - Getting group approvals for billCycle 022018
2018-05-30 15:26:30 - Un-setting delegation to adwivedi
2018-05-30 15:26:30 - un-set delegation complete for adwivedi
2018-05-30 15:26:31 - Could not prepare mail; nested exception is java.lang.NullPointerException
2018-05-30 15:27:02 - Datasource properties set for Dev environment...
2018-05-30 15:27:02 - Email properties set for biller application...
2018-05-30 15:27:03 - Authetication interceptor linked for biller application...
2018-05-30 15:27:04 - JDBCTemplate linked with datasource...
2018-05-30 15:27:05 - Datasource properties set for Dev environment...
2018-05-30 15:27:05 - Email properties set for biller application...
2018-05-30 15:27:05 - JDBCTemplate linked with datasource...
2018-05-30 15:27:05 - Authetication interceptor linked for biller application...
2018-05-30 15:28:38 - Creating user profile for adwivedi
2018-05-30 15:28:38 - User profile successfully created for  adwivedi
2018-05-30 15:28:38 - User logged in with ID adwivedi
2018-05-30 15:28:39 - Getting list of users whom adwivedi can delegate to
2018-05-30 15:28:39 - Delegate list prepared for adwivedi
2018-05-30 15:28:39 - Getting list of users who have delegated to adwivedi
2018-05-30 15:28:39 - There is no user who has delegated to adwivedi
2018-05-30 15:28:41 - Getting Active billCycle...
2018-05-30 15:28:41 - Getting group approvals for billCycle 022018
2018-05-30 15:29:08 - Un-setting delegation to adwivedi
2018-05-30 15:29:08 - un-set delegation complete for adwivedi
2018-05-30 15:32:32 - Could not prepare mail; nested exception is java.lang.NullPointerException
2018-05-30 15:34:28 - Datasource properties set for Dev environment...
2018-05-30 15:34:28 - Email properties set for biller application...
2018-05-30 15:34:28 - Authetication interceptor linked for biller application...
2018-05-30 15:34:30 - JDBCTemplate linked with datasource...
2018-05-30 15:34:31 - Datasource properties set for Dev environment...
2018-05-30 15:34:31 - Email properties set for biller application...
2018-05-30 15:34:31 - JDBCTemplate linked with datasource...
2018-05-30 15:34:31 - Authetication interceptor linked for biller application...
2018-05-30 15:38:52 - Creating user profile for adwivedi
2018-05-30 15:38:52 - User profile successfully created for  adwivedi
2018-05-30 15:38:52 - User logged in with ID adwivedi
2018-05-30 15:38:52 - Getting list of users whom adwivedi can delegate to
2018-05-30 15:38:52 - Delegate list prepared for adwivedi
2018-05-30 15:38:52 - Getting list of users who have delegated to adwivedi
2018-05-30 15:38:52 - There is no user who has delegated to adwivedi
2018-05-30 15:38:55 - Getting Active billCycle...
2018-05-30 15:38:55 - Getting group approvals for billCycle 022018
2018-05-30 15:39:06 - Un-setting delegation to adwivedi
2018-05-30 15:39:06 - un-set delegation complete for adwivedi
2018-05-30 16:01:46 - Could not prepare mail; nested exception is java.lang.NullPointerException
2018-05-30 16:07:04 - Datasource properties set for Dev environment...
2018-05-30 16:07:04 - Email properties set for biller application...
2018-05-30 16:07:04 - Authetication interceptor linked for biller application...
2018-05-30 16:07:06 - JDBCTemplate linked with datasource...
2018-05-30 16:07:06 - Datasource properties set for Dev environment...
2018-05-30 16:07:07 - Email properties set for biller application...
2018-05-30 16:07:07 - JDBCTemplate linked with datasource...
2018-05-30 16:07:07 - Authetication interceptor linked for biller application...
2018-05-30 16:09:20 - Creating user profile for adwivedi
2018-05-30 16:09:20 - User profile successfully created for  adwivedi
2018-05-30 16:09:20 - User logged in with ID adwivedi
2018-05-30 16:09:20 - Getting list of users whom adwivedi can delegate to
2018-05-30 16:09:20 - Delegate list prepared for adwivedi
2018-05-30 16:09:20 - Getting list of users who have delegated to adwivedi
2018-05-30 16:09:20 - There is no user who has delegated to adwivedi
2018-05-30 16:09:23 - Getting Active billCycle...
2018-05-30 16:09:23 - Getting group approvals for billCycle 022018
2018-05-30 16:09:27 - Un-setting delegation to adwivedi
2018-05-30 16:09:27 - un-set delegation complete for adwivedi
