2018-05-25 00:00:12 - Inactive session. Logged out.
2018-05-25 00:00:15 - UserId: adwivedi | Password: test1234
2018-05-25 00:03:03 - Datasource properties set for Dev environment...
2018-05-25 00:03:03 - Email properties set for biller application...
2018-05-25 00:03:04 - Authetication interceptor linked for biller application...
2018-05-25 00:03:05 - JDBCTemplate linked with datasource...
2018-05-25 00:03:06 - Datasource properties set for Dev environment...
2018-05-25 00:03:06 - Email properties set for biller application...
2018-05-25 00:03:06 - JDBCTemplate linked with datasource...
2018-05-25 00:03:06 - Authetication interceptor linked for biller application...
2018-05-25 00:03:23 - Datasource properties set for Dev environment...
2018-05-25 00:03:23 - Email properties set for biller application...
2018-05-25 00:03:24 - Authetication interceptor linked for biller application...
2018-05-25 00:03:25 - JDBCTemplate linked with datasource...
2018-05-25 00:03:25 - Datasource properties set for Dev environment...
2018-05-25 00:03:25 - Email properties set for biller application...
2018-05-25 00:03:26 - JDBCTemplate linked with datasource...
2018-05-25 00:03:26 - Authetication interceptor linked for biller application...
2018-05-25 00:04:20 - Creating user profile for adwivedi
2018-05-25 00:04:20 - User profile successfully created for  adwivedi
2018-05-25 00:04:20 - User logged in with ID adwivedi
2018-05-25 00:04:20 - Getting list of users whom adwivedi can delegate to
2018-05-25 00:04:20 - Delegate list prepared for adwivedi
2018-05-25 00:04:20 - Getting list of users who have delegated to adwivedi
2018-05-25 00:04:20 - There is no user who has delegated to adwivedi
2018-05-25 00:04:27 - Getting Active billCycle...
2018-05-25 00:04:27 - Getting group approvals for billCycle 022018
2018-05-25 00:04:40 - Getting data for ResonsetDataEnvelope...
2018-05-25 00:04:40 - Getting SLA employee list for billCycle 022018 and towerId 0
2018-05-25 00:04:40 - Getting SLA WR list for billCycle 022018 and towerId 0
2018-05-25 00:04:40 - Getting SLA weekend list for billCycle 022018 and towerId 0
2018-05-25 00:04:40 - Checking lock for billCycle 022018 towerID 0
2018-05-25 00:04:40 - No user found who had locked for billCycle 022018 towerID 0
2018-05-25 00:04:40 - Checking prior approval by userID adwivedi for billCyle 022018
2018-05-25 00:04:40 - ResonsetDataEnvelope ready...
2018-05-25 00:10:28 - Creating user profile for adwivedi
2018-05-25 00:10:28 - User profile successfully created for  adwivedi
2018-05-25 00:10:28 - User logged in with ID adwivedi
2018-05-25 00:10:28 - Getting list of users whom adwivedi can delegate to
2018-05-25 00:10:28 - Delegate list prepared for adwivedi
2018-05-25 00:10:28 - Getting list of users who have delegated to adwivedi
2018-05-25 00:10:28 - There is no user who has delegated to adwivedi
2018-05-25 00:10:31 - Getting Active billCycle...
2018-05-25 00:10:31 - Getting group approvals for billCycle 022018
2018-05-25 00:10:38 - Getting data for ResonsetDataEnvelope...
2018-05-25 00:10:38 - Getting SLA employee list for billCycle 022018 and towerId 0
2018-05-25 00:10:38 - Getting SLA WR list for billCycle 022018 and towerId 0
2018-05-25 00:10:38 - Getting SLA weekend list for billCycle 022018 and towerId 0
2018-05-25 00:10:38 - Checking lock for billCycle 022018 towerID 0
2018-05-25 00:10:38 - No user found who had locked for billCycle 022018 towerID 0
2018-05-25 00:10:38 - Checking prior approval by userID adwivedi for billCyle 022018
2018-05-25 00:10:39 - ResonsetDataEnvelope ready...
2018-05-25 00:11:24 - Creating user profile for adwivedi
2018-05-25 00:11:24 - User profile successfully created for  adwivedi
2018-05-25 00:11:24 - User logged in with ID adwivedi
2018-05-25 00:11:24 - Getting list of users whom adwivedi can delegate to
2018-05-25 00:11:24 - Delegate list prepared for adwivedi
2018-05-25 00:11:24 - Getting list of users who have delegated to adwivedi
2018-05-25 00:11:24 - There is no user who has delegated to adwivedi
2018-05-25 00:11:27 - Getting Active billCycle...
2018-05-25 00:11:27 - Getting group approvals for billCycle 022018
2018-05-25 00:11:33 - Getting data for ResonsetDataEnvelope...
2018-05-25 00:11:33 - Getting SLA employee list for billCycle 022018 and towerId 0
2018-05-25 00:11:33 - Getting SLA WR list for billCycle 022018 and towerId 0
2018-05-25 00:11:33 - Getting SLA weekend list for billCycle 022018 and towerId 0
2018-05-25 00:11:33 - Checking lock for billCycle 022018 towerID 0
2018-05-25 00:11:33 - No user found who had locked for billCycle 022018 towerID 0
2018-05-25 00:11:33 - Checking prior approval by userID adwivedi for billCyle 022018
2018-05-25 00:11:33 - ResonsetDataEnvelope ready...
2018-05-25 00:12:39 - Creating user profile for adwivedi
2018-05-25 00:12:39 - User profile successfully created for  adwivedi
2018-05-25 00:12:39 - User logged in with ID adwivedi
2018-05-25 00:12:39 - Getting list of users whom adwivedi can delegate to
2018-05-25 00:12:39 - Delegate list prepared for adwivedi
2018-05-25 00:12:39 - Getting list of users who have delegated to adwivedi
2018-05-25 00:12:39 - There is no user who has delegated to adwivedi
2018-05-25 00:12:43 - Getting Active billCycle...
2018-05-25 00:12:43 - Getting group approvals for billCycle 022018
2018-05-25 00:12:51 - Getting data for ResonsetDataEnvelope...
2018-05-25 00:12:51 - Getting SLA employee list for billCycle 022018 and towerId 0
2018-05-25 00:12:52 - Getting SLA WR list for billCycle 022018 and towerId 0
2018-05-25 00:12:52 - Getting SLA weekend list for billCycle 022018 and towerId 0
2018-05-25 00:12:52 - Checking lock for billCycle 022018 towerID 0
2018-05-25 00:12:52 - No user found who had locked for billCycle 022018 towerID 0
2018-05-25 00:12:52 - Checking prior approval by userID adwivedi for billCyle 022018
2018-05-25 00:12:52 - ResonsetDataEnvelope ready...
2018-05-25 00:18:46 - Creating user profile for adwivedi
2018-05-25 00:18:46 - User profile successfully created for  adwivedi
2018-05-25 00:18:46 - User logged in with ID adwivedi
2018-05-25 00:18:46 - Getting list of users whom adwivedi can delegate to
2018-05-25 00:18:46 - Delegate list prepared for adwivedi
2018-05-25 00:18:46 - Getting list of users who have delegated to adwivedi
2018-05-25 00:18:46 - There is no user who has delegated to adwivedi
2018-05-25 00:18:50 - Getting Active billCycle...
2018-05-25 00:18:50 - Getting group approvals for billCycle 022018
2018-05-25 00:19:41 - Getting data for ResonsetDataEnvelope...
2018-05-25 00:19:41 - Getting SLA employee list for billCycle 022018 and towerId 0
2018-05-25 00:19:41 - Getting SLA WR list for billCycle 022018 and towerId 0
2018-05-25 00:19:41 - Getting SLA weekend list for billCycle 022018 and towerId 0
2018-05-25 00:19:41 - Checking lock for billCycle 022018 towerID 0
2018-05-25 00:19:41 - No user found who had locked for billCycle 022018 towerID 0
2018-05-25 00:19:41 - Checking prior approval by userID adwivedi for billCyle 022018
2018-05-25 00:19:41 - ResonsetDataEnvelope ready...
2018-05-25 00:21:06 - Creating user profile for adwivedi
2018-05-25 00:21:06 - User profile successfully created for  adwivedi
2018-05-25 00:21:06 - User logged in with ID adwivedi
2018-05-25 00:21:06 - Getting list of users whom adwivedi can delegate to
2018-05-25 00:21:06 - Delegate list prepared for adwivedi
2018-05-25 00:21:06 - Getting list of users who have delegated to adwivedi
2018-05-25 00:21:06 - There is no user who has delegated to adwivedi
2018-05-25 00:21:09 - Getting Active billCycle...
2018-05-25 00:21:09 - Getting group approvals for billCycle 022018
2018-05-25 00:21:41 - Getting data for ResonsetDataEnvelope...
2018-05-25 00:21:41 - Getting SLA employee list for billCycle 022018 and towerId 0
2018-05-25 00:21:41 - Getting SLA WR list for billCycle 022018 and towerId 0
2018-05-25 00:21:41 - Getting SLA weekend list for billCycle 022018 and towerId 0
2018-05-25 00:21:41 - Checking lock for billCycle 022018 towerID 0
2018-05-25 00:21:41 - No user found who had locked for billCycle 022018 towerID 0
2018-05-25 00:21:41 - Checking prior approval by userID adwivedi for billCyle 022018
2018-05-25 00:21:41 - ResonsetDataEnvelope ready...
2018-05-25 00:23:27 - Getting data for ResonsetDataEnvelope...
2018-05-25 00:23:27 - Getting SLA employee list for billCycle 022018 and towerId 0
2018-05-25 00:23:27 - Getting SLA WR list for billCycle 022018 and towerId 0
2018-05-25 00:23:27 - Getting SLA weekend list for billCycle 022018 and towerId 0
2018-05-25 00:23:27 - Checking lock for billCycle 022018 towerID 0
2018-05-25 00:23:27 - No user found who had locked for billCycle 022018 towerID 0
2018-05-25 00:23:27 - Checking prior approval by userID adwivedi for billCyle 022018
2018-05-25 00:23:27 - ResonsetDataEnvelope ready...
2018-05-25 00:23:35 - Exception handler executed
2018-05-25 00:23:44 - Exception handler executed
2018-05-25 00:23:46 - Reading Customized SLA Data...
2018-05-25 00:23:46 - Reading Customized SLA Data for billCycle 022018 and towerId 0 and account Id 1 weekendDate ALL wrNo ALL empName ALL billable 0 remarks ALL
2018-05-25 00:23:59 - Creating user profile for adwivedi
2018-05-25 00:23:59 - User profile successfully created for  adwivedi
2018-05-25 00:23:59 - User logged in with ID adwivedi
2018-05-25 00:23:59 - Getting list of users whom adwivedi can delegate to
2018-05-25 00:23:59 - Delegate list prepared for adwivedi
2018-05-25 00:23:59 - Getting list of users who have delegated to adwivedi
2018-05-25 00:23:59 - There is no user who has delegated to adwivedi
2018-05-25 00:24:01 - Getting Active billCycle...
2018-05-25 00:24:01 - Getting group approvals for billCycle 022018
2018-05-25 00:24:08 - Getting data for ResonsetDataEnvelope...
2018-05-25 00:24:08 - Getting SLA employee list for billCycle 022018 and towerId 0
2018-05-25 00:24:08 - Getting SLA WR list for billCycle 022018 and towerId 0
2018-05-25 00:24:08 - Getting SLA weekend list for billCycle 022018 and towerId 0
2018-05-25 00:24:08 - Checking lock for billCycle 022018 towerID 0
2018-05-25 00:24:08 - No user found who had locked for billCycle 022018 towerID 0
2018-05-25 00:24:08 - Checking prior approval by userID adwivedi for billCyle 022018
2018-05-25 00:24:08 - ResonsetDataEnvelope ready...
2018-05-25 00:31:29 - Creating user profile for adwivedi
2018-05-25 00:31:29 - User profile successfully created for  adwivedi
2018-05-25 00:31:29 - User logged in with ID adwivedi
2018-05-25 00:31:29 - Getting list of users whom adwivedi can delegate to
2018-05-25 00:31:29 - Delegate list prepared for adwivedi
2018-05-25 00:31:29 - Getting list of users who have delegated to adwivedi
2018-05-25 00:31:29 - There is no user who has delegated to adwivedi
2018-05-25 00:31:32 - Getting Active billCycle...
2018-05-25 00:31:32 - Getting group approvals for billCycle 022018
2018-05-25 00:31:41 - Getting data for ResonsetDataEnvelope...
2018-05-25 00:31:41 - Getting SLA employee list for billCycle 022018 and towerId 0
2018-05-25 00:31:41 - Getting SLA WR list for billCycle 022018 and towerId 0
2018-05-25 00:31:41 - Getting SLA weekend list for billCycle 022018 and towerId 0
2018-05-25 00:31:41 - Checking lock for billCycle 022018 towerID 0
2018-05-25 00:31:41 - No user found who had locked for billCycle 022018 towerID 0
2018-05-25 00:31:41 - Checking prior approval by userID adwivedi for billCyle 022018
2018-05-25 00:31:41 - ResonsetDataEnvelope ready...
2018-05-25 00:33:58 - Creating user profile for adwivedi
2018-05-25 00:33:58 - User profile successfully created for  adwivedi
2018-05-25 00:33:58 - User logged in with ID adwivedi
2018-05-25 00:33:58 - Getting list of users whom adwivedi can delegate to
2018-05-25 00:33:58 - Delegate list prepared for adwivedi
2018-05-25 00:33:58 - Getting list of users who have delegated to adwivedi
2018-05-25 00:33:58 - There is no user who has delegated to adwivedi
2018-05-25 00:34:01 - Getting Active billCycle...
2018-05-25 00:34:01 - Getting group approvals for billCycle 022018
2018-05-25 00:34:07 - Getting data for ResonsetDataEnvelope...
2018-05-25 00:34:07 - Getting SLA employee list for billCycle 022018 and towerId 0
2018-05-25 00:34:07 - Getting SLA WR list for billCycle 022018 and towerId 0
2018-05-25 00:34:07 - Getting SLA weekend list for billCycle 022018 and towerId 0
2018-05-25 00:34:07 - Checking lock for billCycle 022018 towerID 0
2018-05-25 00:34:07 - No user found who had locked for billCycle 022018 towerID 0
2018-05-25 00:34:07 - Checking prior approval by userID adwivedi for billCyle 022018
2018-05-25 00:34:07 - ResonsetDataEnvelope ready...
2018-05-25 00:35:01 - Creating user profile for adwivedi
2018-05-25 00:35:01 - User profile successfully created for  adwivedi
2018-05-25 00:35:01 - User logged in with ID adwivedi
2018-05-25 00:35:01 - Getting list of users whom adwivedi can delegate to
2018-05-25 00:35:01 - Delegate list prepared for adwivedi
2018-05-25 00:35:01 - Getting list of users who have delegated to adwivedi
2018-05-25 00:35:01 - There is no user who has delegated to adwivedi
2018-05-25 00:35:05 - Getting Active billCycle...
2018-05-25 00:35:05 - Getting group approvals for billCycle 022018
2018-05-25 00:35:13 - Getting data for ResonsetDataEnvelope...
2018-05-25 00:35:13 - Getting SLA employee list for billCycle 022018 and towerId 0
2018-05-25 00:35:13 - Getting SLA WR list for billCycle 022018 and towerId 0
2018-05-25 00:35:13 - Getting SLA weekend list for billCycle 022018 and towerId 0
2018-05-25 00:35:13 - Checking lock for billCycle 022018 towerID 0
2018-05-25 00:35:13 - No user found who had locked for billCycle 022018 towerID 0
2018-05-25 00:35:13 - Checking prior approval by userID adwivedi for billCyle 022018
2018-05-25 00:35:13 - ResonsetDataEnvelope ready...
2018-05-25 00:45:18 - Creating user profile for adwivedi
2018-05-25 00:45:18 - User profile successfully created for  adwivedi
2018-05-25 00:45:18 - User logged in with ID adwivedi
2018-05-25 00:45:18 - Getting list of users whom adwivedi can delegate to
2018-05-25 00:45:18 - Delegate list prepared for adwivedi
2018-05-25 00:45:18 - Getting list of users who have delegated to adwivedi
2018-05-25 00:45:18 - There is no user who has delegated to adwivedi
2018-05-25 00:45:21 - Getting Active billCycle...
2018-05-25 00:45:21 - Getting group approvals for billCycle 022018
2018-05-25 00:45:28 - Getting data for ResonsetDataEnvelope...
2018-05-25 00:45:28 - Getting SLA employee list for billCycle 022018 and towerId 0
2018-05-25 00:45:28 - Getting SLA WR list for billCycle 022018 and towerId 0
2018-05-25 00:45:28 - Getting SLA weekend list for billCycle 022018 and towerId 0
2018-05-25 00:45:28 - Checking lock for billCycle 022018 towerID 0
2018-05-25 00:45:28 - No user found who had locked for billCycle 022018 towerID 0
2018-05-25 00:45:28 - Checking prior approval by userID adwivedi for billCyle 022018
2018-05-25 00:45:28 - ResonsetDataEnvelope ready...
2018-05-25 00:49:38 - Creating user profile for adwivedi
2018-05-25 00:49:38 - User profile successfully created for  adwivedi
2018-05-25 00:49:38 - User logged in with ID adwivedi
2018-05-25 00:49:38 - Getting list of users whom adwivedi can delegate to
2018-05-25 00:49:38 - Delegate list prepared for adwivedi
2018-05-25 00:49:38 - Getting list of users who have delegated to adwivedi
2018-05-25 00:49:38 - There is no user who has delegated to adwivedi
2018-05-25 00:49:44 - Getting Active billCycle...
2018-05-25 00:49:44 - Getting group approvals for billCycle 022018
2018-05-25 00:49:52 - Getting data for ResonsetDataEnvelope...
2018-05-25 00:49:52 - Getting SLA employee list for billCycle 022018 and towerId 0
2018-05-25 00:49:52 - Getting SLA WR list for billCycle 022018 and towerId 0
2018-05-25 00:49:52 - Getting SLA weekend list for billCycle 022018 and towerId 0
2018-05-25 00:49:53 - Checking lock for billCycle 022018 towerID 0
2018-05-25 00:49:53 - No user found who had locked for billCycle 022018 towerID 0
2018-05-25 00:49:53 - Checking prior approval by userID adwivedi for billCyle 022018
2018-05-25 00:49:53 - ResonsetDataEnvelope ready...
2018-05-25 00:52:30 - Creating user profile for adwivedi
2018-05-25 00:52:30 - User profile successfully created for  adwivedi
2018-05-25 00:52:30 - User logged in with ID adwivedi
2018-05-25 00:52:30 - Getting list of users whom adwivedi can delegate to
2018-05-25 00:52:30 - Delegate list prepared for adwivedi
2018-05-25 00:52:30 - Getting list of users who have delegated to adwivedi
2018-05-25 00:52:30 - There is no user who has delegated to adwivedi
2018-05-25 00:52:35 - Getting Active billCycle...
2018-05-25 00:52:35 - Getting group approvals for billCycle 022018
2018-05-25 00:52:43 - Getting data for ResonsetDataEnvelope...
2018-05-25 00:52:43 - Getting SLA employee list for billCycle 022018 and towerId 0
2018-05-25 00:52:43 - Getting SLA WR list for billCycle 022018 and towerId 0
2018-05-25 00:52:43 - Getting SLA weekend list for billCycle 022018 and towerId 0
2018-05-25 00:52:43 - Checking lock for billCycle 022018 towerID 0
2018-05-25 00:52:43 - No user found who had locked for billCycle 022018 towerID 0
2018-05-25 00:52:43 - Checking prior approval by userID adwivedi for billCyle 022018
2018-05-25 00:52:43 - ResonsetDataEnvelope ready...
2018-05-25 00:55:33 - Creating user profile for adwivedi
2018-05-25 00:55:33 - User profile successfully created for  adwivedi
2018-05-25 00:55:33 - User logged in with ID adwivedi
2018-05-25 00:55:33 - Getting list of users whom adwivedi can delegate to
2018-05-25 00:55:33 - Delegate list prepared for adwivedi
2018-05-25 00:55:33 - Getting list of users who have delegated to adwivedi
2018-05-25 00:55:33 - There is no user who has delegated to adwivedi
2018-05-25 00:55:36 - Getting Active billCycle...
2018-05-25 00:55:36 - Getting group approvals for billCycle 022018
2018-05-25 00:55:47 - Getting data for ResonsetDataEnvelope...
2018-05-25 00:55:47 - Getting SLA employee list for billCycle 022018 and towerId 0
2018-05-25 00:55:48 - Getting SLA WR list for billCycle 022018 and towerId 0
2018-05-25 00:55:48 - Getting SLA weekend list for billCycle 022018 and towerId 0
2018-05-25 00:55:48 - Checking lock for billCycle 022018 towerID 0
2018-05-25 00:55:48 - No user found who had locked for billCycle 022018 towerID 0
2018-05-25 00:55:48 - Checking prior approval by userID adwivedi for billCyle 022018
2018-05-25 00:55:48 - ResonsetDataEnvelope ready...
2018-05-25 00:56:20 - Creating user profile for adwivedi
2018-05-25 00:56:20 - User profile successfully created for  adwivedi
2018-05-25 00:56:20 - User logged in with ID adwivedi
2018-05-25 00:56:20 - Getting list of users whom adwivedi can delegate to
2018-05-25 00:56:20 - Delegate list prepared for adwivedi
2018-05-25 00:56:20 - Getting list of users who have delegated to adwivedi
2018-05-25 00:56:20 - There is no user who has delegated to adwivedi
2018-05-25 00:56:23 - Getting Active billCycle...
2018-05-25 00:56:23 - Getting group approvals for billCycle 022018
2018-05-25 00:56:32 - Getting data for ResonsetDataEnvelope...
2018-05-25 00:56:32 - Getting SLA employee list for billCycle 022018 and towerId 0
2018-05-25 00:56:32 - Getting SLA WR list for billCycle 022018 and towerId 0
2018-05-25 00:56:32 - Getting SLA weekend list for billCycle 022018 and towerId 0
2018-05-25 00:56:32 - Checking lock for billCycle 022018 towerID 0
2018-05-25 00:56:32 - No user found who had locked for billCycle 022018 towerID 0
2018-05-25 00:56:32 - Checking prior approval by userID adwivedi for billCyle 022018
2018-05-25 00:56:32 - ResonsetDataEnvelope ready...
2018-05-25 00:57:26 - Creating user profile for adwivedi
2018-05-25 00:57:26 - User profile successfully created for  adwivedi
2018-05-25 00:57:26 - User logged in with ID adwivedi
2018-05-25 00:57:26 - Getting list of users whom adwivedi can delegate to
2018-05-25 00:57:26 - Delegate list prepared for adwivedi
2018-05-25 00:57:26 - Getting list of users who have delegated to adwivedi
2018-05-25 00:57:26 - There is no user who has delegated to adwivedi
2018-05-25 00:57:29 - Getting Active billCycle...
2018-05-25 00:57:29 - Getting group approvals for billCycle 022018
2018-05-25 00:57:36 - Getting data for ResonsetDataEnvelope...
2018-05-25 00:57:36 - Getting SLA employee list for billCycle 022018 and towerId 0
2018-05-25 00:57:36 - Getting SLA WR list for billCycle 022018 and towerId 0
2018-05-25 00:57:36 - Getting SLA weekend list for billCycle 022018 and towerId 0
2018-05-25 00:57:36 - Checking lock for billCycle 022018 towerID 0
2018-05-25 00:57:36 - No user found who had locked for billCycle 022018 towerID 0
2018-05-25 00:57:36 - Checking prior approval by userID adwivedi for billCyle 022018
2018-05-25 00:57:36 - ResonsetDataEnvelope ready...
2018-05-25 00:59:26 - Creating user profile for adwivedi
2018-05-25 00:59:26 - User profile successfully created for  adwivedi
2018-05-25 00:59:26 - User logged in with ID adwivedi
2018-05-25 00:59:26 - Getting list of users whom adwivedi can delegate to
2018-05-25 00:59:26 - Delegate list prepared for adwivedi
2018-05-25 00:59:26 - Getting list of users who have delegated to adwivedi
2018-05-25 00:59:26 - There is no user who has delegated to adwivedi
2018-05-25 00:59:29 - Getting Active billCycle...
2018-05-25 00:59:29 - Getting group approvals for billCycle 022018
2018-05-25 00:59:35 - Getting data for ResonsetDataEnvelope...
2018-05-25 00:59:35 - Getting SLA employee list for billCycle 022018 and towerId 0
2018-05-25 00:59:35 - Getting SLA WR list for billCycle 022018 and towerId 0
2018-05-25 00:59:35 - Getting SLA weekend list for billCycle 022018 and towerId 0
2018-05-25 00:59:35 - Checking lock for billCycle 022018 towerID 0
2018-05-25 00:59:35 - No user found who had locked for billCycle 022018 towerID 0
2018-05-25 00:59:35 - Checking prior approval by userID adwivedi for billCyle 022018
2018-05-25 00:59:35 - ResonsetDataEnvelope ready...
2018-05-25 09:47:48 - Datasource properties set for Dev environment...
2018-05-25 09:47:48 - Email properties set for biller application...
2018-05-25 09:47:49 - Authetication interceptor linked for biller application...
2018-05-25 09:47:50 - JDBCTemplate linked with datasource...
2018-05-25 09:47:51 - Datasource properties set for Dev environment...
2018-05-25 09:47:51 - Email properties set for biller application...
2018-05-25 09:47:51 - JDBCTemplate linked with datasource...
2018-05-25 09:47:51 - Authetication interceptor linked for biller application...
2018-05-25 09:48:12 - Datasource properties set for Prod environment...
2018-05-25 09:48:12 - Email properties set for biller application...
2018-05-25 09:48:13 - Authetication interceptor linked for biller application...
2018-05-25 09:48:15 - JDBCTemplate linked with datasource...
2018-05-25 09:48:15 - Datasource properties set for Prod environment...
2018-05-25 09:48:15 - Email properties set for biller application...
2018-05-25 09:48:15 - JDBCTemplate linked with datasource...
2018-05-25 09:48:15 - Authetication interceptor linked for biller application...
2018-05-25 11:12:21 - Datasource properties set for Prod environment...
2018-05-25 11:12:21 - Email properties set for biller application...
2018-05-25 11:12:21 - Authetication interceptor linked for biller application...
2018-05-25 11:12:22 - JDBCTemplate linked with datasource...
2018-05-25 11:12:23 - Datasource properties set for Prod environment...
2018-05-25 11:12:23 - Email properties set for biller application...
2018-05-25 11:12:23 - JDBCTemplate linked with datasource...
2018-05-25 11:12:23 - Authetication interceptor linked for biller application...
2018-05-25 11:13:18 - Datasource properties set for Prod environment...
2018-05-25 11:13:18 - Email properties set for biller application...
2018-05-25 11:13:19 - Authetication interceptor linked for biller application...
2018-05-25 11:13:20 - JDBCTemplate linked with datasource...
2018-05-25 11:13:20 - Datasource properties set for Prod environment...
2018-05-25 11:13:20 - Email properties set for biller application...
2018-05-25 11:13:20 - JDBCTemplate linked with datasource...
2018-05-25 11:13:20 - Authetication interceptor linked for biller application...
2018-05-25 11:13:37 - Datasource properties set for Dev environment...
2018-05-25 11:13:38 - Email properties set for biller application...
2018-05-25 11:13:38 - Authetication interceptor linked for biller application...
2018-05-25 11:13:40 - JDBCTemplate linked with datasource...
2018-05-25 11:13:40 - Datasource properties set for Dev environment...
2018-05-25 11:13:40 - Email properties set for biller application...
2018-05-25 11:13:40 - JDBCTemplate linked with datasource...
2018-05-25 11:13:40 - Authetication interceptor linked for biller application...
2018-05-25 11:14:35 - Creating user profile for adwivedi
2018-05-25 11:14:35 - User profile successfully created for  adwivedi
2018-05-25 11:14:35 - User logged in with ID adwivedi
2018-05-25 11:14:35 - Getting list of users whom adwivedi can delegate to
2018-05-25 11:14:35 - Delegate list prepared for adwivedi
2018-05-25 11:14:35 - Getting list of users who have delegated to adwivedi
2018-05-25 11:14:35 - There is no user who has delegated to adwivedi
2018-05-25 11:14:39 - Getting Active billCycle...
2018-05-25 11:14:39 - Getting group approvals for billCycle 022018
2018-05-25 11:14:47 - Getting data for ResonsetDataEnvelope...
2018-05-25 11:14:47 - Getting SLA employee list for billCycle 062020 and towerId 0
2018-05-25 11:14:47 - Getting SLA WR list for billCycle 062020 and towerId 0
2018-05-25 11:14:47 - Getting SLA weekend list for billCycle 062020 and towerId 0
2018-05-25 11:14:47 - Checking lock for billCycle 062020 towerID 0
2018-05-25 11:14:47 - No user found who had locked for billCycle 062020 towerID 0
2018-05-25 11:14:47 - Checking prior approval by userID adwivedi for billCyle 062020
2018-05-25 11:14:47 - ResonsetDataEnvelope ready...
2018-05-25 11:15:07 - Creating user profile for vveera
2018-05-25 11:15:07 - User profile successfully created for  vveera
2018-05-25 11:15:07 - User logged in with ID vveera
2018-05-25 11:15:10 - Getting Active billCycle...
2018-05-25 11:15:10 - Getting group approvals for billCycle 022018
2018-05-25 11:15:40 - Getting data for ResonsetDataEnvelope...
2018-05-25 11:15:40 - Getting SLA employee list for billCycle 062020 and towerId 0
2018-05-25 11:15:40 - Getting SLA WR list for billCycle 062020 and towerId 0
2018-05-25 11:15:40 - Getting SLA weekend list for billCycle 062020 and towerId 0
2018-05-25 11:15:40 - Checking lock for billCycle 062020 towerID 0
2018-05-25 11:15:40 - No user found who had locked for billCycle 062020 towerID 0
2018-05-25 11:15:40 - Checking prior approval by userID vveera for billCyle 062020
2018-05-25 11:15:40 - ResonsetDataEnvelope ready...
2018-05-25 11:16:38 - Reading Customized SLA Data...
2018-05-25 11:16:38 - Reading Customized SLA Data for billCycle 062020 and towerId 0 and account Id 1 weekendDate ALL wrNo ALL empName ALL billable 0 remarks ALL
2018-05-25 13:35:30 - Creating user profile for vveera
2018-05-25 13:35:30 - User profile successfully created for  vveera
2018-05-25 13:35:30 - User logged in with ID vveera
2018-05-25 13:35:33 - Getting Active billCycle...
2018-05-25 13:35:33 - Getting group approvals for billCycle 022018
2018-05-25 13:35:41 - Getting data for ResonsetDataEnvelope...
2018-05-25 13:35:41 - Getting SLA employee list for billCycle 062020 and towerId 0
2018-05-25 13:35:41 - Getting SLA WR list for billCycle 062020 and towerId 0
2018-05-25 13:35:41 - Getting SLA weekend list for billCycle 062020 and towerId 0
2018-05-25 13:35:41 - Checking lock for billCycle 062020 towerID 0
2018-05-25 13:35:41 - No user found who had locked for billCycle 062020 towerID 0
2018-05-25 13:35:41 - Checking prior approval by userID vveera for billCyle 062020
2018-05-25 13:35:41 - ResonsetDataEnvelope ready...
2018-05-25 13:54:29 - Getting data for ResonsetDataEnvelope...
2018-05-25 13:54:29 - Getting SLA employee list for billCycle 062020 and towerId 0
2018-05-25 13:54:29 - Getting SLA WR list for billCycle 062020 and towerId 0
2018-05-25 13:54:29 - Getting SLA weekend list for billCycle 062020 and towerId 0
2018-05-25 13:54:29 - Checking lock for billCycle 062020 towerID 0
2018-05-25 13:54:29 - No user found who had locked for billCycle 062020 towerID 0
2018-05-25 13:54:29 - Checking prior approval by userID vveera for billCyle 062020
2018-05-25 13:54:29 - ResonsetDataEnvelope ready...
2018-05-25 18:28:54 - Creating user profile for adwivedi
2018-05-25 18:28:54 - User profile successfully created for  adwivedi
2018-05-25 18:28:54 - User logged in with ID adwivedi
2018-05-25 18:28:54 - Getting list of users whom adwivedi can delegate to
2018-05-25 18:28:54 - Delegate list prepared for adwivedi
2018-05-25 18:28:54 - Getting list of users who have delegated to adwivedi
2018-05-25 18:28:54 - There is no user who has delegated to adwivedi
2018-05-25 18:28:57 - Getting Active billCycle...
2018-05-25 18:28:57 - Getting group approvals for billCycle 022018
2018-05-25 18:29:04 - Getting data for ResonsetDataEnvelope...
2018-05-25 18:29:04 - Getting SLA employee list for billCycle 062020 and towerId 0
2018-05-25 18:29:04 - Getting SLA WR list for billCycle 062020 and towerId 0
2018-05-25 18:29:04 - Getting SLA weekend list for billCycle 062020 and towerId 0
2018-05-25 18:29:04 - Checking lock for billCycle 062020 towerID 0
2018-05-25 18:29:04 - No user found who had locked for billCycle 062020 towerID 0
2018-05-25 18:29:04 - Checking prior approval by userID adwivedi for billCyle 062020
2018-05-25 18:29:04 - ResonsetDataEnvelope ready...
2018-05-25 18:39:50 - Datasource properties set for Dev environment...
2018-05-25 18:39:50 - Email properties set for biller application...
2018-05-25 18:39:50 - Authetication interceptor linked for biller application...
2018-05-25 18:39:52 - JDBCTemplate linked with datasource...
2018-05-25 18:39:52 - Datasource properties set for Dev environment...
2018-05-25 18:39:52 - Email properties set for biller application...
2018-05-25 18:39:52 - JDBCTemplate linked with datasource...
2018-05-25 18:39:52 - Authetication interceptor linked for biller application...
2018-05-25 18:40:26 - Datasource properties set for Dev environment...
2018-05-25 18:40:26 - Email properties set for biller application...
2018-05-25 18:40:26 - Authetication interceptor linked for biller application...
2018-05-25 18:40:27 - JDBCTemplate linked with datasource...
2018-05-25 18:40:28 - Datasource properties set for Dev environment...
2018-05-25 18:40:28 - Email properties set for biller application...
2018-05-25 18:40:28 - JDBCTemplate linked with datasource...
2018-05-25 18:40:28 - Authetication interceptor linked for biller application...
2018-05-25 18:40:34 - Creating user profile for adwivedi
2018-05-25 18:40:34 - User profile successfully created for  adwivedi
2018-05-25 18:40:34 - User logged in with ID adwivedi
2018-05-25 18:40:34 - Getting list of users whom adwivedi can delegate to
2018-05-25 18:40:34 - Delegate list prepared for adwivedi
2018-05-25 18:40:34 - Getting list of users who have delegated to adwivedi
2018-05-25 18:40:34 - There is no user who has delegated to adwivedi
2018-05-25 18:40:38 - Getting Active billCycle...
2018-05-25 18:40:38 - Getting group approvals for billCycle 022018
2018-05-25 18:40:48 - Getting data for ResonsetDataEnvelope...
2018-05-25 18:40:48 - Getting SLA employee list for billCycle 062020 and towerId 0
2018-05-25 18:40:48 - Getting SLA WR list for billCycle 062020 and towerId 0
2018-05-25 18:40:48 - Getting SLA weekend list for billCycle 062020 and towerId 0
2018-05-25 18:40:48 - Checking lock for billCycle 062020 towerID 0
2018-05-25 18:40:48 - No user found who had locked for billCycle 062020 towerID 0
2018-05-25 18:40:48 - Checking prior approval by userID adwivedi for billCyle 062020
2018-05-25 18:40:48 - ResonsetDataEnvelope ready...
2018-05-25 18:42:53 - Creating user profile for adwivedi
2018-05-25 18:42:53 - User profile successfully created for  adwivedi
2018-05-25 18:42:53 - User logged in with ID adwivedi
2018-05-25 18:42:53 - Getting list of users whom adwivedi can delegate to
2018-05-25 18:42:53 - Delegate list prepared for adwivedi
2018-05-25 18:42:53 - Getting list of users who have delegated to adwivedi
2018-05-25 18:42:53 - There is no user who has delegated to adwivedi
2018-05-25 18:42:58 - Getting Active billCycle...
2018-05-25 18:42:58 - Getting group approvals for billCycle 022018
2018-05-25 18:43:05 - Getting data for ResonsetDataEnvelope...
2018-05-25 18:43:05 - Getting SLA employee list for billCycle 062020 and towerId 0
2018-05-25 18:43:05 - Getting SLA WR list for billCycle 062020 and towerId 0
2018-05-25 18:43:05 - Getting SLA weekend list for billCycle 062020 and towerId 0
2018-05-25 18:43:05 - Checking lock for billCycle 062020 towerID 0
2018-05-25 18:43:05 - No user found who had locked for billCycle 062020 towerID 0
2018-05-25 18:43:05 - Checking prior approval by userID adwivedi for billCyle 062020
2018-05-25 18:43:05 - ResonsetDataEnvelope ready...
2018-05-25 18:47:33 - Creating user profile for adwivedi
2018-05-25 18:47:33 - User profile successfully created for  adwivedi
2018-05-25 18:47:33 - User logged in with ID adwivedi
2018-05-25 18:47:33 - Getting list of users whom adwivedi can delegate to
2018-05-25 18:47:33 - Delegate list prepared for adwivedi
2018-05-25 18:47:33 - Getting list of users who have delegated to adwivedi
2018-05-25 18:47:33 - There is no user who has delegated to adwivedi
2018-05-25 18:47:38 - Getting Active billCycle...
2018-05-25 18:47:38 - Getting group approvals for billCycle 022018
2018-05-25 18:47:46 - Getting data for ResonsetDataEnvelope...
2018-05-25 18:47:46 - Getting SLA employee list for billCycle 062020 and towerId 0
2018-05-25 18:47:46 - Getting SLA WR list for billCycle 062020 and towerId 0
2018-05-25 18:47:46 - Getting SLA weekend list for billCycle 062020 and towerId 0
2018-05-25 18:47:46 - Checking lock for billCycle 062020 towerID 0
2018-05-25 18:47:46 - No user found who had locked for billCycle 062020 towerID 0
2018-05-25 18:47:46 - Checking prior approval by userID adwivedi for billCyle 062020
2018-05-25 18:47:46 - ResonsetDataEnvelope ready...
2018-05-25 18:49:10 - Datasource properties set for Dev environment...
2018-05-25 18:49:10 - Email properties set for biller application...
2018-05-25 18:49:10 - Authetication interceptor linked for biller application...
2018-05-25 18:49:11 - JDBCTemplate linked with datasource...
2018-05-25 18:49:12 - Datasource properties set for Dev environment...
2018-05-25 18:49:12 - Email properties set for biller application...
2018-05-25 18:49:12 - JDBCTemplate linked with datasource...
2018-05-25 18:49:12 - Authetication interceptor linked for biller application...
2018-05-25 18:49:54 - Datasource properties set for Dev environment...
2018-05-25 18:49:54 - Email properties set for biller application...
2018-05-25 18:49:54 - Authetication interceptor linked for biller application...
2018-05-25 18:49:55 - JDBCTemplate linked with datasource...
2018-05-25 18:49:56 - Datasource properties set for Dev environment...
2018-05-25 18:49:56 - Email properties set for biller application...
2018-05-25 18:49:56 - JDBCTemplate linked with datasource...
2018-05-25 18:49:56 - Authetication interceptor linked for biller application...
2018-05-25 18:50:15 - Datasource properties set for Dev environment...
2018-05-25 18:50:15 - Email properties set for biller application...
2018-05-25 18:50:15 - Authetication interceptor linked for biller application...
2018-05-25 18:50:16 - JDBCTemplate linked with datasource...
2018-05-25 18:50:17 - Datasource properties set for Dev environment...
2018-05-25 18:50:17 - Email properties set for biller application...
2018-05-25 18:50:17 - JDBCTemplate linked with datasource...
2018-05-25 18:50:17 - Authetication interceptor linked for biller application...
2018-05-25 18:50:35 - Datasource properties set for Dev environment...
2018-05-25 18:59:00 - Datasource properties set for Dev environment...
2018-05-25 18:59:00 - Email properties set for biller application...
2018-05-25 18:59:01 - Authetication interceptor linked for biller application...
2018-05-25 18:59:02 - JDBCTemplate linked with datasource...
2018-05-25 18:59:03 - Datasource properties set for Dev environment...
2018-05-25 18:59:03 - Email properties set for biller application...
2018-05-25 18:59:03 - JDBCTemplate linked with datasource...
2018-05-25 18:59:03 - Authetication interceptor linked for biller application...
2018-05-25 18:59:15 - Creating user profile for adwivedi
2018-05-25 18:59:15 - User profile successfully created for  adwivedi
2018-05-25 18:59:15 - User logged in with ID adwivedi
2018-05-25 18:59:15 - Getting list of users whom adwivedi can delegate to
2018-05-25 18:59:15 - Delegate list prepared for adwivedi
2018-05-25 18:59:15 - Getting list of users who have delegated to adwivedi
2018-05-25 18:59:15 - There is no user who has delegated to adwivedi
2018-05-25 18:59:22 - Getting Active billCycle...
2018-05-25 18:59:22 - Getting group approvals for billCycle 022018
2018-05-25 18:59:31 - Getting data for ResonsetDataEnvelope...
2018-05-25 18:59:32 - Getting SLA employee list for billCycle 062020 and towerId 0
2018-05-25 18:59:32 - Getting SLA WR list for billCycle 062020 and towerId 0
2018-05-25 18:59:32 - Getting SLA weekend list for billCycle 062020 and towerId 0
2018-05-25 18:59:32 - Checking lock for billCycle 062020 towerID 0
2018-05-25 18:59:32 - No user found who had locked for billCycle 062020 towerID 0
2018-05-25 18:59:32 - Checking prior approval by userID adwivedi for billCyle 062020
2018-05-25 18:59:32 - ResonsetDataEnvelope ready...
2018-05-25 19:01:19 - Exception handler executed
2018-05-25 19:04:36 - Datasource properties set for Dev environment...
2018-05-25 19:04:36 - Email properties set for biller application...
2018-05-25 19:04:37 - Authetication interceptor linked for biller application...
2018-05-25 19:04:38 - JDBCTemplate linked with datasource...
2018-05-25 19:04:39 - Datasource properties set for Dev environment...
2018-05-25 19:04:39 - Email properties set for biller application...
2018-05-25 19:04:39 - JDBCTemplate linked with datasource...
2018-05-25 19:04:39 - Authetication interceptor linked for biller application...
2018-05-25 19:05:14 - Creating user profile for adwivedi
2018-05-25 19:05:14 - User profile successfully created for  adwivedi
2018-05-25 19:05:14 - User logged in with ID adwivedi
2018-05-25 19:05:14 - Getting list of users whom adwivedi can delegate to
2018-05-25 19:05:14 - Delegate list prepared for adwivedi
2018-05-25 19:05:14 - Getting list of users who have delegated to adwivedi
2018-05-25 19:05:14 - There is no user who has delegated to adwivedi
2018-05-25 19:05:17 - Getting Active billCycle...
2018-05-25 19:05:17 - Getting group approvals for billCycle 022018
2018-05-25 19:05:41 - Getting data for ResonsetDataEnvelope...
2018-05-25 19:05:41 - Getting SLA employee list for billCycle 062020 and towerId 0
2018-05-25 19:05:41 - Getting SLA WR list for billCycle 062020 and towerId 0
2018-05-25 19:05:41 - Getting SLA weekend list for billCycle 062020 and towerId 0
2018-05-25 19:05:41 - Checking lock for billCycle 062020 towerID 0
2018-05-25 19:05:41 - No user found who had locked for billCycle 062020 towerID 0
2018-05-25 19:05:41 - Checking prior approval by userID adwivedi for billCyle 062020
2018-05-25 19:05:42 - ResonsetDataEnvelope ready...
2018-05-25 19:05:59 - Exception handler executed
2018-05-25 19:06:44 - Datasource properties set for Dev environment...
2018-05-25 19:06:44 - Email properties set for biller application...
2018-05-25 19:06:45 - Authetication interceptor linked for biller application...
2018-05-25 19:06:46 - JDBCTemplate linked with datasource...
2018-05-25 19:06:46 - Datasource properties set for Dev environment...
2018-05-25 19:06:46 - Email properties set for biller application...
2018-05-25 19:06:47 - JDBCTemplate linked with datasource...
2018-05-25 19:06:47 - Authetication interceptor linked for biller application...
2018-05-25 19:06:55 - Creating user profile for adwivedi
2018-05-25 19:06:55 - User profile successfully created for  adwivedi
2018-05-25 19:06:55 - User logged in with ID adwivedi
2018-05-25 19:06:55 - Getting list of users whom adwivedi can delegate to
2018-05-25 19:06:55 - Delegate list prepared for adwivedi
2018-05-25 19:06:55 - Getting list of users who have delegated to adwivedi
2018-05-25 19:06:55 - There is no user who has delegated to adwivedi
2018-05-25 19:07:00 - Getting Active billCycle...
2018-05-25 19:07:00 - Getting group approvals for billCycle 022018
2018-05-25 19:07:11 - Getting data for ResonsetDataEnvelope...
2018-05-25 19:07:11 - Getting SLA employee list for billCycle 062020 and towerId 0
2018-05-25 19:07:11 - Getting SLA WR list for billCycle 062020 and towerId 0
2018-05-25 19:07:11 - Getting SLA weekend list for billCycle 062020 and towerId 0
2018-05-25 19:07:11 - Checking lock for billCycle 062020 towerID 0
2018-05-25 19:07:11 - No user found who had locked for billCycle 062020 towerID 0
2018-05-25 19:07:11 - Checking prior approval by userID adwivedi for billCyle 062020
2018-05-25 19:07:11 - ResonsetDataEnvelope ready...
2018-05-25 19:07:57 - Exception handler executed
2018-05-25 19:10:19 - Exception handler executed
2018-05-25 19:14:16 - Datasource properties set for Dev environment...
2018-05-25 19:14:16 - Email properties set for biller application...
2018-05-25 19:14:17 - Authetication interceptor linked for biller application...
2018-05-25 19:14:18 - JDBCTemplate linked with datasource...
2018-05-25 19:14:18 - Datasource properties set for Dev environment...
2018-05-25 19:14:19 - Email properties set for biller application...
2018-05-25 19:14:19 - JDBCTemplate linked with datasource...
2018-05-25 19:14:19 - Authetication interceptor linked for biller application...
2018-05-25 19:15:00 - Creating user profile for adwivedi
2018-05-25 19:15:00 - User profile successfully created for  adwivedi
2018-05-25 19:15:00 - User logged in with ID adwivedi
2018-05-25 19:15:00 - Getting list of users whom adwivedi can delegate to
2018-05-25 19:15:00 - Delegate list prepared for adwivedi
2018-05-25 19:15:00 - Getting list of users who have delegated to adwivedi
2018-05-25 19:15:00 - There is no user who has delegated to adwivedi
2018-05-25 19:15:04 - Getting Active billCycle...
2018-05-25 19:15:04 - Getting group approvals for billCycle 022018
2018-05-25 19:15:43 - Getting data for ResonsetDataEnvelope...
2018-05-25 19:15:43 - Getting SLA employee list for billCycle 062020 and towerId 0
2018-05-25 19:15:43 - Getting SLA WR list for billCycle 062020 and towerId 0
2018-05-25 19:15:43 - Getting SLA weekend list for billCycle 062020 and towerId 0
2018-05-25 19:15:43 - Checking lock for billCycle 062020 towerID 0
2018-05-25 19:15:43 - No user found who had locked for billCycle 062020 towerID 0
2018-05-25 19:15:43 - Checking prior approval by userID adwivedi for billCyle 062020
2018-05-25 19:15:43 - ResonsetDataEnvelope ready...
2018-05-25 19:26:56 - Creating user profile for adwivedi
2018-05-25 19:26:56 - User profile successfully created for  adwivedi
2018-05-25 19:26:56 - User logged in with ID adwivedi
2018-05-25 19:26:56 - Getting list of users whom adwivedi can delegate to
2018-05-25 19:26:56 - Delegate list prepared for adwivedi
2018-05-25 19:26:56 - Getting list of users who have delegated to adwivedi
2018-05-25 19:26:56 - There is no user who has delegated to adwivedi
2018-05-25 19:27:03 - Getting Active billCycle...
2018-05-25 19:27:03 - Getting group approvals for billCycle 022018
2018-05-25 19:27:12 - Getting data for ResonsetDataEnvelope...
2018-05-25 19:27:12 - Getting SLA employee list for billCycle 062020 and towerId 0
2018-05-25 19:27:12 - Getting SLA WR list for billCycle 062020 and towerId 0
2018-05-25 19:27:12 - Getting SLA weekend list for billCycle 062020 and towerId 0
2018-05-25 19:27:12 - Checking lock for billCycle 062020 towerID 0
2018-05-25 19:27:12 - No user found who had locked for billCycle 062020 towerID 0
2018-05-25 19:27:12 - Checking prior approval by userID adwivedi for billCyle 062020
2018-05-25 19:27:12 - ResonsetDataEnvelope ready...
2018-05-25 19:28:40 - Datasource properties set for Dev environment...
2018-05-25 19:28:40 - Email properties set for biller application...
2018-05-25 19:28:41 - Authetication interceptor linked for biller application...
2018-05-25 19:28:42 - JDBCTemplate linked with datasource...
2018-05-25 19:28:43 - Datasource properties set for Dev environment...
2018-05-25 19:28:43 - Email properties set for biller application...
2018-05-25 19:28:43 - JDBCTemplate linked with datasource...
2018-05-25 19:28:43 - Authetication interceptor linked for biller application...
2018-05-25 19:28:53 - Creating user profile for adwivedi
2018-05-25 19:28:53 - User profile successfully created for  adwivedi
2018-05-25 19:28:53 - User logged in with ID adwivedi
2018-05-25 19:28:53 - Getting list of users whom adwivedi can delegate to
2018-05-25 19:28:53 - Delegate list prepared for adwivedi
2018-05-25 19:28:53 - Getting list of users who have delegated to adwivedi
2018-05-25 19:28:53 - There is no user who has delegated to adwivedi
2018-05-25 19:29:01 - Getting Active billCycle...
2018-05-25 19:29:01 - Getting group approvals for billCycle 022018
2018-05-25 19:29:08 - Getting data for ResonsetDataEnvelope...
2018-05-25 19:29:08 - Getting SLA employee list for billCycle 062020 and towerId 0
2018-05-25 19:29:08 - Getting SLA WR list for billCycle 062020 and towerId 0
2018-05-25 19:29:08 - Getting SLA weekend list for billCycle 062020 and towerId 0
2018-05-25 19:29:08 - Checking lock for billCycle 062020 towerID 0
2018-05-25 19:29:08 - No user found who had locked for billCycle 062020 towerID 0
2018-05-25 19:29:08 - Checking prior approval by userID adwivedi for billCyle 062020
2018-05-25 19:29:08 - ResonsetDataEnvelope ready...
2018-05-25 19:32:57 - Datasource properties set for Dev environment...
2018-05-25 19:32:57 - Email properties set for biller application...
2018-05-25 19:32:58 - Authetication interceptor linked for biller application...
2018-05-25 19:33:00 - JDBCTemplate linked with datasource...
2018-05-25 19:33:00 - Datasource properties set for Dev environment...
2018-05-25 19:33:00 - Email properties set for biller application...
2018-05-25 19:33:00 - JDBCTemplate linked with datasource...
2018-05-25 19:33:00 - Authetication interceptor linked for biller application...
2018-05-25 19:35:16 - Datasource properties set for Dev environment...
2018-05-25 19:35:17 - Email properties set for biller application...
2018-05-25 19:35:17 - Authetication interceptor linked for biller application...
2018-05-25 19:35:19 - JDBCTemplate linked with datasource...
2018-05-25 19:35:19 - Datasource properties set for Dev environment...
2018-05-25 19:35:19 - Email properties set for biller application...
2018-05-25 19:35:19 - JDBCTemplate linked with datasource...
2018-05-25 19:35:19 - Authetication interceptor linked for biller application...
2018-05-25 19:35:32 - Datasource properties set for Dev environment...
2018-05-25 19:35:32 - Email properties set for biller application...
2018-05-25 19:35:32 - Authetication interceptor linked for biller application...
2018-05-25 19:35:34 - JDBCTemplate linked with datasource...
2018-05-25 19:35:34 - Datasource properties set for Dev environment...
2018-05-25 19:35:35 - Email properties set for biller application...
2018-05-25 19:35:35 - JDBCTemplate linked with datasource...
2018-05-25 19:35:35 - Authetication interceptor linked for biller application...
2018-05-25 19:35:42 - Creating user profile for adwivedi
2018-05-25 19:35:42 - User profile successfully created for  adwivedi
2018-05-25 19:35:42 - User logged in with ID adwivedi
2018-05-25 19:35:42 - Getting list of users whom adwivedi can delegate to
2018-05-25 19:35:42 - Delegate list prepared for adwivedi
2018-05-25 19:35:42 - Getting list of users who have delegated to adwivedi
2018-05-25 19:35:42 - There is no user who has delegated to adwivedi
2018-05-25 19:35:48 - Getting Active billCycle...
2018-05-25 19:35:49 - Getting group approvals for billCycle 022018
2018-05-25 19:36:09 - Getting data for ResonsetDataEnvelope...
2018-05-25 19:36:09 - Getting SLA employee list for billCycle 062020 and towerId 0
2018-05-25 19:36:09 - Getting SLA WR list for billCycle 062020 and towerId 0
2018-05-25 19:36:09 - Getting SLA weekend list for billCycle 062020 and towerId 0
2018-05-25 19:36:09 - Checking lock for billCycle 062020 towerID 0
2018-05-25 19:36:09 - No user found who had locked for billCycle 062020 towerID 0
2018-05-25 19:36:09 - Checking prior approval by userID adwivedi for billCyle 062020
2018-05-25 19:36:09 - ResonsetDataEnvelope ready...
