2018-05-22 13:45:12 - Datasource properties set for Prod environment...
2018-05-22 13:45:12 - Email properties set for biller application...
2018-05-22 13:45:14 - Authetication interceptor linked for biller application...
2018-05-22 13:45:16 - JDBCTemplate linked with datasource...
2018-05-22 13:45:18 - Datasource properties set for Prod environment...
2018-05-22 13:45:18 - Email properties set for biller application...
2018-05-22 13:45:18 - JDBCTemplate linked with datasource...
2018-05-22 13:45:18 - Authetication interceptor linked for biller application...
2018-05-22 14:34:29 - Creating user profile for adwivedi
2018-05-22 14:34:29 - User profile successfully created for  adwivedi
2018-05-22 14:34:29 - User logged in with ID adwivedi
2018-05-22 14:34:31 - Getting list of users whom adwivedi can delegate to
2018-05-22 14:34:32 - Delegate list prepared for adwivedi
2018-05-22 14:34:32 - Getting list of users who have delegated to adwivedi
2018-05-22 14:34:32 - There is no user who has delegated to adwivedi
2018-05-22 14:35:10 - Getting Active billCycle...
2018-05-22 14:35:11 - No Active billCycle found...
2018-05-22 14:35:27 - Getting data for ResonsetDataEnvelope...
2018-05-22 14:35:27 - Getting SLA employee list for billCycle 052025 and towerId 2
2018-05-22 14:35:28 - Getting SLA WR list for billCycle 052025 and towerId 2
2018-05-22 14:35:28 - Getting SLA weekend list for billCycle 052025 and towerId 2
2018-05-22 14:35:29 - Checking lock for billCycle 052025 towerID 2
2018-05-22 14:35:29 - No user found who had locked for billCycle 052025 towerID 2
2018-05-22 14:35:29 - Checking prior approval by userID adwivedi for billCyle 052025
2018-05-22 14:35:30 - ResonsetDataEnvelope ready...
2018-05-22 14:35:36 - Getting data for ResonsetDataEnvelope...
2018-05-22 14:35:37 - Getting SLA employee list for billCycle 052025 and towerId 1
2018-05-22 14:35:37 - Getting SLA WR list for billCycle 052025 and towerId 1
2018-05-22 14:35:37 - Getting SLA weekend list for billCycle 052025 and towerId 1
2018-05-22 14:35:38 - Checking lock for billCycle 052025 towerID 1
2018-05-22 14:35:39 - No user found who had locked for billCycle 052025 towerID 1
2018-05-22 14:35:39 - Checking prior approval by userID adwivedi for billCyle 052025
2018-05-22 14:35:39 - ResonsetDataEnvelope ready...
2018-05-22 14:35:46 - Getting data for ResonsetDataEnvelope...
2018-05-22 14:35:47 - Getting SLA employee list for billCycle 052025 and towerId 7
2018-05-22 14:35:47 - Getting SLA WR list for billCycle 052025 and towerId 7
2018-05-22 14:35:47 - Getting SLA weekend list for billCycle 052025 and towerId 7
2018-05-22 14:35:48 - Checking lock for billCycle 052025 towerID 7
2018-05-22 14:35:49 - No user found who had locked for billCycle 052025 towerID 7
2018-05-22 14:35:49 - Checking prior approval by userID adwivedi for billCyle 052025
2018-05-22 14:35:49 - ResonsetDataEnvelope ready...
2018-05-22 14:37:00 - Getting data for ResonsetDataEnvelope...
2018-05-22 14:37:00 - Getting SLA employee list for billCycle 052025 and towerId 0
2018-05-22 14:37:01 - Getting SLA WR list for billCycle 052025 and towerId 0
2018-05-22 14:37:01 - Getting SLA weekend list for billCycle 052025 and towerId 0
2018-05-22 14:37:02 - Checking lock for billCycle 052025 towerID 0
2018-05-22 14:37:02 - No user found who had locked for billCycle 052025 towerID 0
2018-05-22 14:37:02 - Checking prior approval by userID adwivedi for billCyle 052025
2018-05-22 14:37:03 - ResonsetDataEnvelope ready...
2018-05-22 14:38:22 - Creating user profile for adwivedi
2018-05-22 14:38:23 - User profile successfully created for  adwivedi
2018-05-22 14:38:23 - User logged in with ID adwivedi
2018-05-22 14:38:25 - Getting list of users whom adwivedi can delegate to
2018-05-22 14:38:25 - Delegate list prepared for adwivedi
2018-05-22 14:38:25 - Getting list of users who have delegated to adwivedi
2018-05-22 14:38:25 - There is no user who has delegated to adwivedi
2018-05-22 14:38:30 - Getting Active billCycle...
2018-05-22 14:38:30 - No Active billCycle found...
2018-05-22 14:38:40 - Reading ILC Data for billCycle 022019 and towerId 0 and account Id 1
2018-05-22 14:38:40 - Getting data for ResonsetDataEnvelope...
2018-05-22 14:38:41 - Getting ILC employee list for billCycle 022019 and towerId 0
2018-05-22 14:38:41 - Getting ILC Wekeend list for billCycle 022019 and towerId 0
2018-05-22 14:38:42 - Getting ILC Remakrs list for billCycle 022019 and towerId 0
2018-05-22 14:38:43 - Checking lock for billCycle 022019 towerID 0
2018-05-22 14:38:43 - No user found who had locked for billCycle 022019 towerID 0
2018-05-22 14:38:43 - Checking prior approval by userID adwivedi for billCyle 022019
2018-05-22 14:38:43 - ResonsetDataEnvelope ready...
2018-05-22 14:40:53 - Datasource properties set for Prod environment...
2018-05-22 14:40:54 - Email properties set for biller application...
2018-05-22 14:40:54 - Authetication interceptor linked for biller application...
2018-05-22 14:40:55 - JDBCTemplate linked with datasource...
2018-05-22 14:40:56 - Datasource properties set for Prod environment...
2018-05-22 14:40:56 - Email properties set for biller application...
2018-05-22 14:40:56 - JDBCTemplate linked with datasource...
2018-05-22 14:40:56 - Authetication interceptor linked for biller application...
2018-05-22 14:41:06 - Creating user profile for adwivedi
2018-05-22 14:41:07 - User profile successfully created for  adwivedi
2018-05-22 14:41:07 - User logged in with ID adwivedi
2018-05-22 14:41:08 - Getting list of users whom adwivedi can delegate to
2018-05-22 14:41:09 - Delegate list prepared for adwivedi
2018-05-22 14:41:09 - Getting list of users who have delegated to adwivedi
2018-05-22 14:41:09 - There is no user who has delegated to adwivedi
2018-05-22 14:41:15 - Getting Active billCycle...
2018-05-22 14:41:15 - No Active billCycle found...
2018-05-22 14:41:24 - Reading ILC Data for billCycle 022019 and towerId 0 and account Id 1
2018-05-22 14:41:24 - Getting data for ResonsetDataEnvelope...
2018-05-22 14:41:24 - Getting ILC employee list for billCycle 022019 and towerId 0
2018-05-22 14:41:25 - Getting ILC Wekeend list for billCycle 022019 and towerId 0
2018-05-22 14:41:26 - Getting ILC Remakrs list for billCycle 022019 and towerId 0
2018-05-22 14:41:26 - Checking lock for billCycle 022019 towerID 0
2018-05-22 14:41:27 - No user found who had locked for billCycle 022019 towerID 0
2018-05-22 14:41:27 - Checking prior approval by userID adwivedi for billCyle 022019
2018-05-22 14:41:27 - ResonsetDataEnvelope ready...
2018-05-22 14:46:11 - Datasource properties set for Dev environment...
2018-05-22 14:46:12 - Email properties set for biller application...
2018-05-22 14:46:12 - Authetication interceptor linked for biller application...
2018-05-22 14:46:15 - JDBCTemplate linked with datasource...
2018-05-22 14:46:17 - Datasource properties set for Dev environment...
2018-05-22 14:46:17 - Email properties set for biller application...
2018-05-22 14:46:18 - JDBCTemplate linked with datasource...
2018-05-22 14:46:19 - Authetication interceptor linked for biller application...
2018-05-22 14:46:40 - Datasource properties set for Dev environment...
2018-05-22 14:46:40 - Email properties set for biller application...
2018-05-22 14:46:41 - Authetication interceptor linked for biller application...
2018-05-22 14:46:43 - JDBCTemplate linked with datasource...
2018-05-22 14:46:44 - Datasource properties set for Dev environment...
2018-05-22 14:46:44 - Email properties set for biller application...
2018-05-22 14:46:44 - JDBCTemplate linked with datasource...
2018-05-22 14:46:44 - Authetication interceptor linked for biller application...
2018-05-22 14:46:46 - Creating user profile for adwivedi
2018-05-22 14:46:46 - User profile successfully created for  adwivedi
2018-05-22 14:46:46 - User logged in with ID adwivedi
2018-05-22 14:46:46 - Getting list of users whom adwivedi can delegate to
2018-05-22 14:46:46 - Delegate list prepared for adwivedi
2018-05-22 14:46:46 - Getting list of users who have delegated to adwivedi
2018-05-22 14:46:46 - List prepared of users who has delegated to adwivedi
2018-05-22 14:46:50 - Getting Active billCycle...
2018-05-22 14:46:50 - Getting group approvals for billCycle 042018
2018-05-22 14:51:04 - Getting data for ResonsetDataEnvelope...
2018-05-22 14:51:04 - Getting SLA employee list for billCycle 052025 and towerId 7
2018-05-22 14:51:04 - Getting SLA WR list for billCycle 052025 and towerId 7
2018-05-22 14:51:04 - Getting SLA weekend list for billCycle 052025 and towerId 7
2018-05-22 14:51:04 - Checking lock for billCycle 052025 towerID 7
2018-05-22 14:51:04 - Checking prior approval by userID adwivedi for billCyle 052025
2018-05-22 14:51:04 - ResonsetDataEnvelope ready...
2018-05-22 14:51:24 - Creating user profile for rkumar
2018-05-22 14:51:24 - User profile successfully created for  rkumar
2018-05-22 14:51:24 - User logged in with ID rkumar
2018-05-22 14:51:24 - Getting list of users whom rkumar can delegate to
2018-05-22 14:51:24 - Delegate list prepared for rkumar
2018-05-22 14:51:24 - Getting list of users who have delegated to rkumar
2018-05-22 14:51:24 - There is no user who has delegated to rkumar
2018-05-22 14:51:29 - Getting Active billCycle...
2018-05-22 14:51:30 - Getting group approvals for billCycle 042018
2018-05-22 14:51:40 - Getting data for ResonsetDataEnvelope...
2018-05-22 14:51:40 - Getting SLA employee list for billCycle 052025 and towerId 7
2018-05-22 14:51:40 - Getting SLA WR list for billCycle 052025 and towerId 7
2018-05-22 14:51:40 - Getting SLA weekend list for billCycle 052025 and towerId 7
2018-05-22 14:51:40 - Checking lock for billCycle 052025 towerID 7
2018-05-22 14:51:40 - Checking prior approval by userID rkumar for billCyle 052025
2018-05-22 14:51:40 - ResonsetDataEnvelope ready...
2018-05-22 14:52:28 - Checking lock for billCycle 052025 towerID 7
2018-05-22 14:52:28 - Checking lock by user billCycle 052025
2018-05-22 14:52:52 - Updating SLA Data...
2018-05-22 14:52:53 - Exception occured while updating SLA data.
2018-05-22 14:52:53 - Exception handler executed
2018-05-22 15:01:59 - Datasource properties set for Dev environment...
2018-05-22 15:01:59 - Email properties set for biller application...
2018-05-22 15:02:00 - Authetication interceptor linked for biller application...
2018-05-22 15:02:02 - JDBCTemplate linked with datasource...
2018-05-22 15:02:03 - Datasource properties set for Dev environment...
2018-05-22 15:02:03 - Email properties set for biller application...
2018-05-22 15:02:03 - JDBCTemplate linked with datasource...
2018-05-22 15:02:03 - Authetication interceptor linked for biller application...
2018-05-22 15:02:26 - Creating user profile for rkumar
2018-05-22 15:02:26 - User profile successfully created for  rkumar
2018-05-22 15:02:26 - User logged in with ID rkumar
2018-05-22 15:02:26 - Getting list of users whom rkumar can delegate to
2018-05-22 15:02:26 - Delegate list prepared for rkumar
2018-05-22 15:02:26 - Getting list of users who have delegated to rkumar
2018-05-22 15:02:26 - There is no user who has delegated to rkumar
2018-05-22 15:02:30 - Getting Active billCycle...
2018-05-22 15:02:31 - Getting group approvals for billCycle 042018
2018-05-22 15:02:51 - Getting data for ResonsetDataEnvelope...
2018-05-22 15:02:51 - Getting SLA employee list for billCycle 052025 and towerId 1
2018-05-22 15:02:51 - Getting SLA WR list for billCycle 052025 and towerId 1
2018-05-22 15:02:51 - Getting SLA weekend list for billCycle 052025 and towerId 1
2018-05-22 15:02:51 - Checking lock for billCycle 052025 towerID 1
2018-05-22 15:02:51 - No user found who had locked for billCycle 052025 towerID 1
2018-05-22 15:02:51 - Checking prior approval by userID rkumar for billCyle 052025
2018-05-22 15:02:51 - ResonsetDataEnvelope ready...
2018-05-22 15:03:03 - Getting data for ResonsetDataEnvelope...
2018-05-22 15:03:03 - Getting SLA employee list for billCycle 052025 and towerId 7
2018-05-22 15:03:03 - Getting SLA WR list for billCycle 052025 and towerId 7
2018-05-22 15:03:03 - Getting SLA weekend list for billCycle 052025 and towerId 7
2018-05-22 15:03:03 - Checking lock for billCycle 052025 towerID 7
2018-05-22 15:03:03 - Checking prior approval by userID rkumar for billCyle 052025
2018-05-22 15:03:03 - ResonsetDataEnvelope ready...
2018-05-22 15:03:32 - Updating SLA Data...
2018-05-22 15:06:01 - Datasource properties set for Dev environment...
2018-05-22 15:06:01 - Email properties set for biller application...
2018-05-22 15:06:02 - Authetication interceptor linked for biller application...
2018-05-22 15:06:04 - JDBCTemplate linked with datasource...
2018-05-22 15:06:06 - Datasource properties set for Dev environment...
2018-05-22 15:06:06 - Email properties set for biller application...
2018-05-22 15:06:07 - JDBCTemplate linked with datasource...
2018-05-22 15:06:07 - Authetication interceptor linked for biller application...
2018-05-22 15:06:19 - Creating user profile for rkumar
2018-05-22 15:06:19 - User profile successfully created for  rkumar
2018-05-22 15:06:19 - User logged in with ID rkumar
2018-05-22 15:06:19 - Getting list of users whom rkumar can delegate to
2018-05-22 15:06:19 - Delegate list prepared for rkumar
2018-05-22 15:06:19 - Getting list of users who have delegated to rkumar
2018-05-22 15:06:19 - There is no user who has delegated to rkumar
2018-05-22 15:06:24 - Getting Active billCycle...
2018-05-22 15:06:24 - Getting group approvals for billCycle 042018
2018-05-22 15:06:36 - Getting data for ResonsetDataEnvelope...
2018-05-22 15:06:36 - Getting SLA employee list for billCycle 052025 and towerId 7
2018-05-22 15:06:36 - Getting SLA WR list for billCycle 052025 and towerId 7
2018-05-22 15:06:36 - Getting SLA weekend list for billCycle 052025 and towerId 7
2018-05-22 15:06:36 - Checking lock for billCycle 052025 towerID 7
2018-05-22 15:06:36 - Checking prior approval by userID rkumar for billCyle 052025
2018-05-22 15:06:36 - ResonsetDataEnvelope ready...
2018-05-22 15:07:00 - Updating SLA Data...
2018-05-22 15:09:14 - Exception occured while updating SLA data.
2018-05-22 15:09:14 - Exception handler executed
2018-05-22 15:09:26 - Datasource properties set for Dev environment...
2018-05-22 15:09:26 - Email properties set for biller application...
2018-05-22 15:09:28 - Authetication interceptor linked for biller application...
2018-05-22 15:09:30 - JDBCTemplate linked with datasource...
2018-05-22 15:09:31 - Datasource properties set for Dev environment...
2018-05-22 15:09:31 - Email properties set for biller application...
2018-05-22 15:09:32 - JDBCTemplate linked with datasource...
2018-05-22 15:09:32 - Authetication interceptor linked for biller application...
2018-05-22 15:09:52 - Datasource properties set for Dev environment...
2018-05-22 15:09:53 - Email properties set for biller application...
2018-05-22 15:09:54 - Authetication interceptor linked for biller application...
2018-05-22 15:09:55 - JDBCTemplate linked with datasource...
2018-05-22 15:09:56 - Datasource properties set for Dev environment...
2018-05-22 15:09:56 - Email properties set for biller application...
2018-05-22 15:09:56 - JDBCTemplate linked with datasource...
2018-05-22 15:09:56 - Authetication interceptor linked for biller application...
2018-05-22 15:32:44 - Creating user profile for rkumar
2018-05-22 15:32:44 - User profile successfully created for  rkumar
2018-05-22 15:32:44 - User logged in with ID rkumar
2018-05-22 15:32:45 - Getting list of users whom rkumar can delegate to
2018-05-22 15:32:45 - Delegate list prepared for rkumar
2018-05-22 15:32:45 - Getting list of users who have delegated to rkumar
2018-05-22 15:32:45 - There is no user who has delegated to rkumar
2018-05-22 15:32:52 - Getting Active billCycle...
2018-05-22 15:32:52 - Getting group approvals for billCycle 042018
2018-05-22 15:33:14 - Getting data for ResonsetDataEnvelope...
2018-05-22 15:33:14 - Getting SLA employee list for billCycle 052025 and towerId 7
2018-05-22 15:33:14 - Getting SLA WR list for billCycle 052025 and towerId 7
2018-05-22 15:33:14 - Getting SLA weekend list for billCycle 052025 and towerId 7
2018-05-22 15:33:14 - Checking lock for billCycle 052025 towerID 7
2018-05-22 15:33:14 - Checking prior approval by userID rkumar for billCyle 052025
2018-05-22 15:33:14 - ResonsetDataEnvelope ready...
2018-05-22 15:33:28 - Updating SLA Data...
2018-05-22 15:34:45 - Exception occured while updating SLA data.
2018-05-22 15:34:53 - Datasource properties set for Dev environment...
2018-05-22 15:34:53 - Email properties set for biller application...
2018-05-22 15:34:54 - Authetication interceptor linked for biller application...
2018-05-22 15:34:56 - JDBCTemplate linked with datasource...
2018-05-22 15:34:57 - Datasource properties set for Dev environment...
2018-05-22 15:34:57 - Email properties set for biller application...
2018-05-22 15:34:57 - JDBCTemplate linked with datasource...
2018-05-22 15:34:57 - Authetication interceptor linked for biller application...
2018-05-22 15:35:03 - Creating user profile for rkumar
2018-05-22 15:35:03 - User profile successfully created for  rkumar
2018-05-22 15:35:03 - User logged in with ID rkumar
2018-05-22 15:35:03 - Getting list of users whom rkumar can delegate to
2018-05-22 15:35:03 - Delegate list prepared for rkumar
2018-05-22 15:35:03 - Getting list of users who have delegated to rkumar
2018-05-22 15:35:03 - There is no user who has delegated to rkumar
2018-05-22 15:35:06 - Getting Active billCycle...
2018-05-22 15:35:07 - Getting group approvals for billCycle 042018
2018-05-22 15:35:14 - Getting data for ResonsetDataEnvelope...
2018-05-22 15:35:14 - Getting SLA employee list for billCycle 052025 and towerId 7
2018-05-22 15:35:15 - Getting SLA WR list for billCycle 052025 and towerId 7
2018-05-22 15:35:15 - Getting SLA weekend list for billCycle 052025 and towerId 7
2018-05-22 15:35:15 - Checking lock for billCycle 052025 towerID 7
2018-05-22 15:35:15 - Checking prior approval by userID rkumar for billCyle 052025
2018-05-22 15:35:15 - ResonsetDataEnvelope ready...
2018-05-22 15:35:26 - Updating SLA Data...
2018-05-22 15:35:34 - Creating new SLA Record for billCycle 052025
2018-05-22 15:35:34 - Checking lock for billCycle 052025 towerID 7
2018-05-22 15:35:34 - Lock unset by userID rkumar for towerID 7 for billCycle 052025
2018-05-22 15:35:37 - Getting data for ResonsetDataEnvelope...
2018-05-22 15:35:37 - Getting SLA employee list for billCycle 052025 and towerId 7
2018-05-22 15:35:37 - Getting SLA WR list for billCycle 052025 and towerId 7
2018-05-22 15:35:37 - Getting SLA weekend list for billCycle 052025 and towerId 7
2018-05-22 15:35:37 - Checking lock for billCycle 052025 towerID 7
2018-05-22 15:35:37 - No user found who had locked for billCycle 052025 towerID 7
2018-05-22 15:35:37 - Checking prior approval by userID rkumar for billCyle 052025
2018-05-22 15:35:37 - ResonsetDataEnvelope ready...
2018-05-22 15:37:02 - Checking lock for billCycle 052025 towerID 7
2018-05-22 15:37:02 - No user found who had locked for billCycle 052025 towerID 7
2018-05-22 15:37:07 - Checking lock for billCycle 052025 towerID 7
2018-05-22 15:37:07 - No user found who had locked for billCycle 052025 towerID 7
2018-05-22 15:37:10 - Checking lock by user billCycle 052025
2018-05-22 15:37:10 - No tower locked by userID rkumar
2018-05-22 15:37:11 - Lock updated by userID rkumar for towerID 7 for billCycle 052025
2018-05-22 15:37:33 - Updating SLA Data...
2018-05-22 15:43:28 - Datasource properties set for Dev environment...
2018-05-22 15:43:28 - Email properties set for biller application...
2018-05-22 15:43:29 - Authetication interceptor linked for biller application...
2018-05-22 15:43:30 - JDBCTemplate linked with datasource...
2018-05-22 15:43:31 - Datasource properties set for Dev environment...
2018-05-22 15:43:31 - Email properties set for biller application...
2018-05-22 15:43:31 - JDBCTemplate linked with datasource...
2018-05-22 15:43:31 - Authetication interceptor linked for biller application...
2018-05-22 15:44:48 - Exception occured while updating SLA data.
2018-05-22 15:45:03 - Creating user profile for rkumar
2018-05-22 15:45:03 - User profile successfully created for  rkumar
2018-05-22 15:45:03 - User logged in with ID rkumar
2018-05-22 15:45:03 - Getting list of users whom rkumar can delegate to
2018-05-22 15:45:03 - Delegate list prepared for rkumar
2018-05-22 15:45:03 - Getting list of users who have delegated to rkumar
2018-05-22 15:45:03 - There is no user who has delegated to rkumar
2018-05-22 15:45:09 - Getting Active billCycle...
2018-05-22 15:45:09 - Getting group approvals for billCycle 042018
2018-05-22 15:45:19 - Getting data for ResonsetDataEnvelope...
2018-05-22 15:45:19 - Getting SLA employee list for billCycle 052025 and towerId 7
2018-05-22 15:45:19 - Getting SLA WR list for billCycle 052025 and towerId 7
2018-05-22 15:45:19 - Getting SLA weekend list for billCycle 052025 and towerId 7
2018-05-22 15:45:19 - Checking lock for billCycle 052025 towerID 7
2018-05-22 15:45:19 - Checking prior approval by userID rkumar for billCyle 052025
2018-05-22 15:45:19 - ResonsetDataEnvelope ready...
2018-05-22 15:45:47 - Updating SLA Data...
2018-05-22 15:46:25 - Creating new SLA Record for billCycle 052025
2018-05-22 15:46:25 - Checking lock for billCycle 052025 towerID 7
2018-05-22 15:46:25 - Lock unset by userID rkumar for towerID 7 for billCycle 052025
2018-05-22 15:46:30 - Getting data for ResonsetDataEnvelope...
2018-05-22 15:46:30 - Getting SLA employee list for billCycle 052025 and towerId 7
2018-05-22 15:46:30 - Getting SLA WR list for billCycle 052025 and towerId 7
2018-05-22 15:46:30 - Getting SLA weekend list for billCycle 052025 and towerId 7
2018-05-22 15:46:30 - Checking lock for billCycle 052025 towerID 7
2018-05-22 15:46:30 - No user found who had locked for billCycle 052025 towerID 7
2018-05-22 15:46:30 - Checking prior approval by userID rkumar for billCyle 052025
2018-05-22 15:46:30 - ResonsetDataEnvelope ready...
2018-05-22 15:47:06 - Checking lock for billCycle 052025 towerID 7
2018-05-22 15:47:06 - No user found who had locked for billCycle 052025 towerID 7
2018-05-22 15:47:09 - Checking lock by user billCycle 052025
2018-05-22 15:47:09 - No tower locked by userID rkumar
2018-05-22 15:47:10 - Lock updated by userID rkumar for towerID 7 for billCycle 052025
2018-05-22 15:47:58 - Creating user profile for cmandala
2018-05-22 15:47:58 - User profile successfully created for  cmandala
2018-05-22 15:47:58 - User logged in with ID cmandala
2018-05-22 15:47:58 - Getting list of users whom cmandala can delegate to
2018-05-22 15:47:58 - Delegate list prepared for cmandala
2018-05-22 15:47:58 - Getting list of users who have delegated to cmandala
2018-05-22 15:47:58 - There is no user who has delegated to cmandala
2018-05-22 15:48:02 - Getting Active billCycle...
2018-05-22 15:48:03 - Getting group approvals for billCycle 042018
2018-05-22 15:48:12 - Reading ILC Data for billCycle 052025 and towerId 7 and account Id 1
2018-05-22 15:48:12 - Getting data for ResonsetDataEnvelope...
2018-05-22 15:48:12 - Getting ILC employee list for billCycle 052025 and towerId 7
2018-05-22 15:48:12 - Getting ILC Wekeend list for billCycle 052025 and towerId 7
2018-05-22 15:48:12 - Getting ILC Remakrs list for billCycle 052025 and towerId 7
2018-05-22 15:48:12 - Checking lock for billCycle 052025 towerID 7
2018-05-22 15:48:12 - Checking prior approval by userID cmandala for billCyle 052025
2018-05-22 15:48:12 - ResonsetDataEnvelope ready...
2018-05-22 15:48:19 - Getting data for ResonsetDataEnvelope...
2018-05-22 15:48:19 - Getting SLA employee list for billCycle 052025 and towerId 7
2018-05-22 15:48:19 - Getting SLA WR list for billCycle 052025 and towerId 7
2018-05-22 15:48:19 - Getting SLA weekend list for billCycle 052025 and towerId 7
2018-05-22 15:48:19 - Checking lock for billCycle 052025 towerID 7
2018-05-22 15:48:19 - Checking prior approval by userID cmandala for billCyle 052025
2018-05-22 15:48:19 - ResonsetDataEnvelope ready...
2018-05-22 15:48:26 - Checking lock for billCycle 052025 towerID 7
2018-05-22 15:48:34 - Checking lock by user billCycle 052025
2018-05-22 15:48:34 - No tower locked by userID cmandala
2018-05-22 15:50:07 - Creating user profile for rkumar
2018-05-22 15:50:07 - User profile successfully created for  rkumar
2018-05-22 15:50:07 - User logged in with ID rkumar
2018-05-22 15:50:07 - Getting list of users whom rkumar can delegate to
2018-05-22 15:50:07 - Delegate list prepared for rkumar
2018-05-22 15:50:07 - Getting list of users who have delegated to rkumar
2018-05-22 15:50:07 - There is no user who has delegated to rkumar
2018-05-22 15:50:10 - Getting Active billCycle...
2018-05-22 15:50:10 - Getting group approvals for billCycle 042018
2018-05-22 15:50:21 - Getting data for ResonsetDataEnvelope...
2018-05-22 15:50:21 - Getting SLA employee list for billCycle 052025 and towerId 7
2018-05-22 15:50:21 - Getting SLA WR list for billCycle 052025 and towerId 7
2018-05-22 15:50:22 - Getting SLA weekend list for billCycle 052025 and towerId 7
2018-05-22 15:50:22 - Checking lock for billCycle 052025 towerID 7
2018-05-22 15:50:22 - Checking prior approval by userID rkumar for billCyle 052025
2018-05-22 15:50:22 - ResonsetDataEnvelope ready...
2018-05-22 15:50:25 - Checking lock for billCycle 052025 towerID 7
2018-05-22 15:50:25 - Lock unset by userID rkumar for towerID 7 for billCycle 052025
2018-05-22 15:51:03 - Creating user profile for vveera
2018-05-22 15:51:03 - User profile successfully created for  vveera
2018-05-22 15:51:03 - User logged in with ID vveera
2018-05-22 15:51:08 - Getting Active billCycle...
2018-05-22 15:51:08 - Getting group approvals for billCycle 042018
2018-05-22 15:53:36 - Getting data for ResonsetDataEnvelope...
2018-05-22 15:53:36 - Getting SLA employee list for billCycle 052025 and towerId 7
2018-05-22 15:53:36 - Getting SLA WR list for billCycle 052025 and towerId 7
2018-05-22 15:53:36 - Getting SLA weekend list for billCycle 052025 and towerId 7
2018-05-22 15:53:36 - Checking lock for billCycle 052025 towerID 7
2018-05-22 15:53:36 - No user found who had locked for billCycle 052025 towerID 7
2018-05-22 15:53:36 - Checking prior approval by userID vveera for billCyle 052025
2018-05-22 15:53:36 - ResonsetDataEnvelope ready...
2018-05-22 15:55:41 - Creating user profile for rkumar
2018-05-22 15:55:41 - User profile successfully created for  rkumar
2018-05-22 15:55:41 - User logged in with ID rkumar
2018-05-22 15:55:41 - Getting list of users whom rkumar can delegate to
2018-05-22 15:55:41 - Delegate list prepared for rkumar
2018-05-22 15:55:41 - Getting list of users who have delegated to rkumar
2018-05-22 15:55:41 - There is no user who has delegated to rkumar
2018-05-22 15:55:45 - Getting Active billCycle...
2018-05-22 15:55:45 - Getting group approvals for billCycle 042018
2018-05-22 15:56:45 - Creating user profile for vveera
2018-05-22 15:56:45 - User profile successfully created for  vveera
2018-05-22 15:56:45 - User logged in with ID vveera
2018-05-22 15:56:49 - Getting Active billCycle...
2018-05-22 15:56:49 - Getting group approvals for billCycle 042018
2018-05-22 15:57:08 - Getting data for ResonsetDataEnvelope...
2018-05-22 15:57:08 - Getting SLA employee list for billCycle 052025 and towerId 7
2018-05-22 15:57:08 - Getting SLA WR list for billCycle 052025 and towerId 7
2018-05-22 15:57:08 - Getting SLA weekend list for billCycle 052025 and towerId 7
2018-05-22 15:57:08 - Checking lock for billCycle 052025 towerID 7
2018-05-22 15:57:08 - No user found who had locked for billCycle 052025 towerID 7
2018-05-22 15:57:08 - Checking prior approval by userID vveera for billCyle 052025
2018-05-22 15:57:08 - ResonsetDataEnvelope ready...
2018-05-22 15:57:13 - Checking lock for billCycle 052025 towerID 7
2018-05-22 15:57:14 - No user found who had locked for billCycle 052025 towerID 7
2018-05-22 15:57:14 - Checking lock by user billCycle 052025
2018-05-22 15:57:14 - No tower locked by userID vveera
2018-05-22 15:57:14 - Lock updated by userID vveera for towerID 7 for billCycle 052025
2018-05-22 15:57:45 - Updating SLA Data...
2018-05-22 15:57:50 - Creating new SLA Record for billCycle 052025
2018-05-22 15:57:50 - Checking lock for billCycle 052025 towerID 7
2018-05-22 15:57:50 - Lock unset by userID vveera for towerID 7 for billCycle 052025
2018-05-22 15:57:54 - Getting data for ResonsetDataEnvelope...
2018-05-22 15:57:54 - Getting SLA employee list for billCycle 052025 and towerId 7
2018-05-22 15:57:54 - Getting SLA WR list for billCycle 052025 and towerId 7
2018-05-22 15:57:54 - Getting SLA weekend list for billCycle 052025 and towerId 7
2018-05-22 15:57:54 - Checking lock for billCycle 052025 towerID 7
2018-05-22 15:57:54 - No user found who had locked for billCycle 052025 towerID 7
2018-05-22 15:57:54 - Checking prior approval by userID vveera for billCyle 052025
2018-05-22 15:57:54 - ResonsetDataEnvelope ready...
2018-05-22 15:58:21 - Creating user profile for adwivedi
2018-05-22 15:58:21 - User profile successfully created for  adwivedi
2018-05-22 15:58:21 - User logged in with ID adwivedi
2018-05-22 15:58:21 - Getting list of users whom adwivedi can delegate to
2018-05-22 15:58:21 - Delegate list prepared for adwivedi
2018-05-22 15:58:21 - Getting list of users who have delegated to adwivedi
2018-05-22 15:58:21 - List prepared of users who has delegated to adwivedi
2018-05-22 15:58:25 - Getting Active billCycle...
2018-05-22 15:58:25 - Getting group approvals for billCycle 042018
2018-05-22 15:58:33 - Getting data for ResonsetDataEnvelope...
2018-05-22 15:58:33 - Getting SLA employee list for billCycle 052025 and towerId 7
2018-05-22 15:58:33 - Getting SLA WR list for billCycle 052025 and towerId 7
2018-05-22 15:58:33 - Getting SLA weekend list for billCycle 052025 and towerId 7
2018-05-22 15:58:33 - Checking lock for billCycle 052025 towerID 7
2018-05-22 15:58:33 - No user found who had locked for billCycle 052025 towerID 7
2018-05-22 15:58:33 - Checking prior approval by userID adwivedi for billCyle 052025
2018-05-22 15:58:33 - ResonsetDataEnvelope ready...
2018-05-22 15:58:39 - Checking lock for billCycle 052025 towerID 7
2018-05-22 15:58:39 - No user found who had locked for billCycle 052025 towerID 7
2018-05-22 15:58:39 - Checking lock by user billCycle 052025
2018-05-22 15:58:39 - No tower locked by userID adwivedi
2018-05-22 15:58:39 - Lock updated by userID adwivedi for towerID 7 for billCycle 052025
2018-05-22 15:58:50 - Updating SLA Data...
2018-05-22 15:59:04 - Creating new SLA Record for billCycle 052025
2018-05-22 15:59:04 - Checking lock for billCycle 052025 towerID 7
2018-05-22 15:59:04 - Lock unset by userID adwivedi for towerID 7 for billCycle 052025
2018-05-22 15:59:06 - Getting data for ResonsetDataEnvelope...
2018-05-22 15:59:06 - Getting SLA employee list for billCycle 052025 and towerId 7
2018-05-22 15:59:06 - Getting SLA WR list for billCycle 052025 and towerId 7
2018-05-22 15:59:06 - Getting SLA weekend list for billCycle 052025 and towerId 7
2018-05-22 15:59:06 - Checking lock for billCycle 052025 towerID 7
2018-05-22 15:59:06 - No user found who had locked for billCycle 052025 towerID 7
2018-05-22 15:59:06 - Checking prior approval by userID adwivedi for billCyle 052025
2018-05-22 15:59:06 - ResonsetDataEnvelope ready...
2018-05-22 15:59:38 - Checking lock for billCycle 052025 towerID 7
2018-05-22 15:59:38 - No user found who had locked for billCycle 052025 towerID 7
2018-05-22 15:59:38 - Checking lock by user billCycle 052025
2018-05-22 15:59:38 - No tower locked by userID adwivedi
2018-05-22 15:59:38 - Lock updated by userID adwivedi for towerID 7 for billCycle 052025
2018-05-22 16:00:09 - Updating SLA Data...
2018-05-22 16:00:15 - Creating new SLA Record for billCycle 052025
2018-05-22 16:00:15 - Checking lock for billCycle 052025 towerID 7
2018-05-22 16:00:15 - Lock unset by userID adwivedi for towerID 7 for billCycle 052025
2018-05-22 16:00:17 - Getting data for ResonsetDataEnvelope...
2018-05-22 16:00:17 - Getting SLA employee list for billCycle 052025 and towerId 7
2018-05-22 16:00:17 - Getting SLA WR list for billCycle 052025 and towerId 7
2018-05-22 16:00:17 - Getting SLA weekend list for billCycle 052025 and towerId 7
2018-05-22 16:00:17 - Checking lock for billCycle 052025 towerID 7
2018-05-22 16:00:17 - No user found who had locked for billCycle 052025 towerID 7
2018-05-22 16:00:17 - Checking prior approval by userID adwivedi for billCyle 052025
2018-05-22 16:00:17 - ResonsetDataEnvelope ready...
2018-05-22 16:20:08 - Creating user profile for adwivedi
2018-05-22 16:20:08 - User profile successfully created for  adwivedi
2018-05-22 16:20:08 - User logged in with ID adwivedi
2018-05-22 16:20:08 - Getting list of users whom adwivedi can delegate to
2018-05-22 16:20:08 - Delegate list prepared for adwivedi
2018-05-22 16:20:08 - Getting list of users who have delegated to adwivedi
2018-05-22 16:20:08 - List prepared of users who has delegated to adwivedi
2018-05-22 16:20:13 - Getting Active billCycle...
2018-05-22 16:20:13 - Getting group approvals for billCycle 042018
2018-05-22 17:06:39 - Creating user profile for adwivedi
2018-05-22 17:06:39 - User profile successfully created for  adwivedi
2018-05-22 17:06:39 - User logged in with ID adwivedi
2018-05-22 17:06:39 - Getting list of users whom adwivedi can delegate to
2018-05-22 17:06:39 - Delegate list prepared for adwivedi
2018-05-22 17:06:39 - Getting list of users who have delegated to adwivedi
2018-05-22 17:06:39 - List prepared of users who has delegated to adwivedi
2018-05-22 17:06:44 - Getting Active billCycle...
2018-05-22 17:06:44 - Getting group approvals for billCycle 042018
2018-05-22 17:08:27 - Creating user profile for adwivedi
2018-05-22 17:08:27 - User profile successfully created for  adwivedi
2018-05-22 17:08:27 - User logged in with ID adwivedi
2018-05-22 17:08:27 - Getting list of users whom adwivedi can delegate to
2018-05-22 17:08:27 - Delegate list prepared for adwivedi
2018-05-22 17:08:27 - Getting list of users who have delegated to adwivedi
2018-05-22 17:08:27 - List prepared of users who has delegated to adwivedi
2018-05-22 17:08:30 - Getting Active billCycle...
2018-05-22 17:08:30 - Getting group approvals for billCycle 042018
2018-05-22 17:16:27 - Creating user profile for adwivedi
2018-05-22 17:16:27 - User profile successfully created for  adwivedi
2018-05-22 17:16:27 - User logged in with ID adwivedi
2018-05-22 17:16:27 - Getting list of users whom adwivedi can delegate to
2018-05-22 17:16:27 - Delegate list prepared for adwivedi
2018-05-22 17:16:27 - Getting list of users who have delegated to adwivedi
2018-05-22 17:16:27 - List prepared of users who has delegated to adwivedi
2018-05-22 17:16:44 - Getting Active billCycle...
2018-05-22 17:16:44 - Getting group approvals for billCycle 042018
2018-05-22 17:21:09 - Creating user profile for adwivedi
2018-05-22 17:21:09 - User profile successfully created for  adwivedi
2018-05-22 17:21:09 - User logged in with ID adwivedi
2018-05-22 17:21:09 - Getting list of users whom adwivedi can delegate to
2018-05-22 17:21:09 - Delegate list prepared for adwivedi
2018-05-22 17:21:09 - Getting list of users who have delegated to adwivedi
2018-05-22 17:21:09 - List prepared of users who has delegated to adwivedi
2018-05-22 17:21:25 - Getting Active billCycle...
2018-05-22 17:21:25 - Getting group approvals for billCycle 042018
2018-05-22 17:26:30 - Datasource properties set for Dev environment...
2018-05-22 17:26:31 - Email properties set for biller application...
2018-05-22 17:26:31 - Authetication interceptor linked for biller application...
2018-05-22 17:26:34 - JDBCTemplate linked with datasource...
2018-05-22 17:26:35 - Datasource properties set for Dev environment...
2018-05-22 17:26:35 - Email properties set for biller application...
2018-05-22 17:26:35 - JDBCTemplate linked with datasource...
2018-05-22 17:26:36 - Authetication interceptor linked for biller application...
2018-05-22 17:27:26 - Datasource properties set for Dev environment...
2018-05-22 17:27:26 - Email properties set for biller application...
2018-05-22 17:27:27 - Authetication interceptor linked for biller application...
2018-05-22 17:27:28 - JDBCTemplate linked with datasource...
2018-05-22 17:27:29 - Datasource properties set for Dev environment...
2018-05-22 17:27:29 - Email properties set for biller application...
2018-05-22 17:27:30 - JDBCTemplate linked with datasource...
2018-05-22 17:27:30 - Authetication interceptor linked for biller application...
2018-05-22 17:28:27 - Creating user profile for adwivedi
2018-05-22 17:28:27 - User profile successfully created for  adwivedi
2018-05-22 17:28:27 - User logged in with ID adwivedi
2018-05-22 17:28:27 - Getting list of users whom adwivedi can delegate to
2018-05-22 17:28:27 - Delegate list prepared for adwivedi
2018-05-22 17:28:27 - Getting list of users who have delegated to adwivedi
2018-05-22 17:28:27 - List prepared of users who has delegated to adwivedi
2018-05-22 17:28:44 - Getting Active billCycle...
2018-05-22 17:28:44 - Getting group approvals for billCycle 042018
2018-05-22 17:33:42 - Datasource properties set for Dev environment...
2018-05-22 17:33:42 - Email properties set for biller application...
2018-05-22 17:33:43 - Authetication interceptor linked for biller application...
2018-05-22 17:33:45 - JDBCTemplate linked with datasource...
2018-05-22 17:33:45 - Datasource properties set for Dev environment...
2018-05-22 17:33:45 - Email properties set for biller application...
2018-05-22 17:33:45 - JDBCTemplate linked with datasource...
2018-05-22 17:33:45 - Authetication interceptor linked for biller application...
