2018-06-03 21:18:16 - Datasource properties set for Dev environment...
2018-06-03 21:18:16 - Email properties set for biller application...
2018-06-03 21:18:16 - Authetication interceptor linked for biller application...
2018-06-03 21:18:17 - JDBCTemplate linked with datasource...
2018-06-03 21:18:18 - Datasource properties set for Dev environment...
2018-06-03 21:18:18 - Email properties set for biller application...
2018-06-03 21:18:18 - JDBCTemplate linked with datasource...
2018-06-03 21:18:18 - Authetication interceptor linked for biller application...
2018-06-03 21:18:26 - Creating user profile for adwivedi
2018-06-03 21:18:26 - User profile successfully created for  adwivedi
2018-06-03 21:18:26 - User logged in with ID adwivedi
2018-06-03 21:18:27 - Getting list of users whom adwivedi can delegate to
2018-06-03 21:18:27 - Delegate list prepared for adwivedi
2018-06-03 21:18:27 - Getting list of users who have delegated to adwivedi
2018-06-03 21:18:27 - There is no user who has delegated to adwivedi
2018-06-03 21:18:33 - Getting Active billCycle...
2018-06-03 21:18:33 - Getting group approvals for billCycle 022018
2018-06-03 21:18:45 - Creating user profile for adwivedi
2018-06-03 21:18:45 - User profile successfully created for  adwivedi
2018-06-03 21:18:45 - User logged in with ID adwivedi
2018-06-03 21:18:45 - Getting list of users whom adwivedi can delegate to
2018-06-03 21:18:45 - Delegate list prepared for adwivedi
2018-06-03 21:18:45 - Getting list of users who have delegated to adwivedi
2018-06-03 21:18:45 - There is no user who has delegated to adwivedi
2018-06-03 21:18:49 - Getting Active billCycle...
2018-06-03 21:18:49 - Getting group approvals for billCycle 022018
2018-06-03 21:19:02 - Creating user profile for adwivedi
2018-06-03 21:19:02 - User profile successfully created for  adwivedi
2018-06-03 21:19:02 - User logged in with ID adwivedi
2018-06-03 21:19:02 - Getting list of users whom adwivedi can delegate to
2018-06-03 21:19:02 - Delegate list prepared for adwivedi
2018-06-03 21:19:02 - Getting list of users who have delegated to adwivedi
2018-06-03 21:19:02 - There is no user who has delegated to adwivedi
2018-06-03 21:19:06 - Getting Active billCycle...
2018-06-03 21:19:06 - Getting group approvals for billCycle 022018
2018-06-03 21:20:04 - Creating user profile for adwivedi
2018-06-03 21:20:04 - User profile successfully created for  adwivedi
2018-06-03 21:20:04 - User logged in with ID adwivedi
2018-06-03 21:20:04 - Getting list of users whom adwivedi can delegate to
2018-06-03 21:20:04 - Delegate list prepared for adwivedi
2018-06-03 21:20:04 - Getting list of users who have delegated to adwivedi
2018-06-03 21:20:04 - There is no user who has delegated to adwivedi
2018-06-03 21:20:08 - Getting Active billCycle...
2018-06-03 21:20:08 - Getting group approvals for billCycle 022018
2018-06-03 21:20:22 - Creating user profile for cmandala
2018-06-03 21:20:22 - User profile successfully created for  cmandala
2018-06-03 21:20:22 - User logged in with ID cmandala
2018-06-03 21:20:22 - Getting list of users whom cmandala can delegate to
2018-06-03 21:20:22 - Delegate list prepared for cmandala
2018-06-03 21:20:22 - Getting list of users who have delegated to cmandala
2018-06-03 21:20:22 - There is no user who has delegated to cmandala
2018-06-03 21:20:25 - Getting Active billCycle...
2018-06-03 21:20:25 - Getting group approvals for billCycle 022018
2018-06-03 21:21:12 - Creating user profile for cmandala
2018-06-03 21:21:12 - User profile successfully created for  cmandala
2018-06-03 21:21:12 - User logged in with ID cmandala
2018-06-03 21:21:12 - Getting list of users whom cmandala can delegate to
2018-06-03 21:21:12 - Delegate list prepared for cmandala
2018-06-03 21:21:12 - Getting list of users who have delegated to cmandala
2018-06-03 21:21:13 - There is no user who has delegated to cmandala
2018-06-03 21:21:17 - Getting Active billCycle...
2018-06-03 21:21:17 - Getting group approvals for billCycle 022018
2018-06-03 21:22:27 - Datasource properties set for Dev environment...
2018-06-03 21:22:27 - Email properties set for biller application...
2018-06-03 21:22:28 - Authetication interceptor linked for biller application...
2018-06-03 21:22:29 - JDBCTemplate linked with datasource...
2018-06-03 21:22:30 - Datasource properties set for Dev environment...
2018-06-03 21:22:30 - Email properties set for biller application...
2018-06-03 21:22:30 - JDBCTemplate linked with datasource...
2018-06-03 21:22:30 - Authetication interceptor linked for biller application...
2018-06-03 21:22:46 - Datasource properties set for Dev environment...
2018-06-03 21:22:47 - Email properties set for biller application...
2018-06-03 21:22:47 - Authetication interceptor linked for biller application...
2018-06-03 21:22:49 - JDBCTemplate linked with datasource...
2018-06-03 21:22:49 - Datasource properties set for Dev environment...
2018-06-03 21:22:49 - Email properties set for biller application...
2018-06-03 21:22:49 - JDBCTemplate linked with datasource...
2018-06-03 21:22:50 - Authetication interceptor linked for biller application...
2018-06-03 21:23:06 - Datasource properties set for Dev environment...
2018-06-03 21:23:06 - Email properties set for biller application...
2018-06-03 21:23:06 - Authetication interceptor linked for biller application...
2018-06-03 21:23:07 - JDBCTemplate linked with datasource...
2018-06-03 21:23:08 - Datasource properties set for Dev environment...
2018-06-03 21:23:08 - Email properties set for biller application...
2018-06-03 21:23:08 - JDBCTemplate linked with datasource...
2018-06-03 21:23:08 - Authetication interceptor linked for biller application...
2018-06-03 21:25:33 - Datasource properties set for Dev environment...
2018-06-03 21:25:33 - Email properties set for biller application...
2018-06-03 21:25:34 - Authetication interceptor linked for biller application...
2018-06-03 21:25:35 - JDBCTemplate linked with datasource...
2018-06-03 21:25:35 - Datasource properties set for Dev environment...
2018-06-03 21:25:35 - Email properties set for biller application...
2018-06-03 21:25:35 - JDBCTemplate linked with datasource...
2018-06-03 21:25:35 - Authetication interceptor linked for biller application...
2018-06-03 21:25:52 - Datasource properties set for Dev environment...
2018-06-03 21:25:53 - Email properties set for biller application...
2018-06-03 21:25:53 - Authetication interceptor linked for biller application...
2018-06-03 21:25:54 - JDBCTemplate linked with datasource...
2018-06-03 21:25:54 - Datasource properties set for Dev environment...
2018-06-03 21:25:55 - Email properties set for biller application...
2018-06-03 21:25:55 - JDBCTemplate linked with datasource...
2018-06-03 21:25:55 - Authetication interceptor linked for biller application...
2018-06-03 21:26:11 - Datasource properties set for Dev environment...
2018-06-03 21:26:11 - Email properties set for biller application...
2018-06-03 21:26:11 - Authetication interceptor linked for biller application...
2018-06-03 21:26:12 - JDBCTemplate linked with datasource...
2018-06-03 21:26:13 - Datasource properties set for Dev environment...
2018-06-03 21:26:13 - Email properties set for biller application...
2018-06-03 21:26:13 - JDBCTemplate linked with datasource...
2018-06-03 21:26:13 - Authetication interceptor linked for biller application...
2018-06-03 21:30:46 - Datasource properties set for Dev environment...
2018-06-03 21:30:46 - Email properties set for biller application...
2018-06-03 21:30:47 - Authetication interceptor linked for biller application...
2018-06-03 21:30:47 - JDBCTemplate linked with datasource...
2018-06-03 21:30:48 - Datasource properties set for Dev environment...
2018-06-03 21:30:48 - Email properties set for biller application...
2018-06-03 21:30:48 - JDBCTemplate linked with datasource...
2018-06-03 21:30:48 - Authetication interceptor linked for biller application...
2018-06-03 21:31:34 - Creating user profile for vveera
2018-06-03 21:31:34 - User profile successfully created for  vveera
2018-06-03 21:31:34 - User logged in with ID vveera
2018-06-03 21:31:37 - Getting Active billCycle...
2018-06-03 21:31:37 - Getting group approvals for billCycle 022018
2018-06-03 21:31:52 - File uploading process started for:  billCycle 012017 datatype 0 reportWeekend 22-Jun-2018
2018-06-03 21:31:52 - Uploading Files...
2018-06-03 21:31:52 - Files uploaded successfully..
2018-06-03 21:31:52 - Files uploaded successfully..
2018-06-03 21:31:52 - Files uploaded successfully..
2018-06-03 21:31:52 - Files uploaded successfully..
2018-06-03 21:31:52 - Files uploaded successfully..
2018-06-03 21:31:52 - Creating ILC Datasheet..
2018-06-03 21:33:08 - ILC Data sheet created successfully
2018-06-03 21:33:08 - Extracting ILC Data..
2018-06-03 21:33:15 - Ignoring NullPointerException in Extract ILC Data
2018-06-03 21:33:15 - Deleting ILC Data...
2018-06-03 21:33:15 - ILC Data deleted successfully...
2018-06-03 21:33:15 - ILC Batch Update Size is 2982
2018-06-03 21:33:22 - ILC Batch update: records updated = 2982
2018-06-03 21:33:22 - Extracting ITWR Data..
2018-06-03 21:33:22 - ITWR Data extracted..
2018-06-03 21:33:22 - Deleting ITWR Data..
2018-06-03 21:33:22 - ITWR Data couldn't be deleted, may be table is already empty
2018-06-03 21:33:22 - ITWR Batch Size is 1486
2018-06-03 21:33:25 - ITWR Batch update: records updated = 1486
2018-06-03 21:33:25 - Extracting WIASM Data...
2018-06-03 21:33:26 - WIASM Data extracted ...
2018-06-03 21:33:26 - Deleting WIASM Data..
2018-06-03 21:33:26 - WIASM data couldn't be deleted, may be table is already empty	
2018-06-03 21:33:26 - WIASM Batch Update Size is 355
2018-06-03 21:33:26 - WIASM Batch update: records updated = 355
2018-06-03 21:33:26 - No Email ID found for selected role 5
2018-06-03 21:33:26 - No Email ID found for selected role 6
2018-06-03 21:33:26 - No Email ID found for selected role 7
